00:23:42 **** Incremental Build of configuration Debug for project ExamenDePrueba1 ****
make all 
Building file: ../src/Mascotas.c
Invoking: GCC C Compiler
gcc -O0 -g3 -Wall -c -fmessage-length=0 -MMD -MP -MF"src/Mascotas.d" -MT"src/Mascotas.o" -o "src/Mascotas.o" "../src/Mascotas.c"
Finished building: ../src/Mascotas.c
 
Building target: ExamenDePrueba1
Invoking: GCC C Linker
gcc  -o "ExamenDePrueba1"  ./src/ExamenDePrueba1.o ./src/Mascotas.o ./src/Razas.o ./src/utn.o   
Finished building target: ExamenDePrueba1
 
00:23:46 **** Incremental Build of configuration Debug for project ExamenDePrueba1 ****
make all 
make: No se hace nada para 'all'.
01:04:44 **** Incremental Build of configuration Debug for project ExamenDePrueba1 ****
make all 
Building file: ../src/ExamenDePrueba1.c
Invoking: GCC C Compiler
gcc -O0 -g3 -Wall -c -fmessage-length=0 -MMD -MP -MF"src/ExamenDePrueba1.d" -MT"src/ExamenDePrueba1.o" -o "src/ExamenDePrueba1.o" "../src/ExamenDePrueba1.c"
../src/ExamenDePrueba1.c: In function ‘main’:
../src/ExamenDePrueba1.c:135:44: warning: format ‘%s’ expects argument of type ‘char *’, but argument 4 has type ‘int’ [-Wformat=]
   printf("\nNombre: %s - Edad: %d - Sexo: %s - Tipo: %s - Descripción: %s - Tamaño: %s - Pais de origen: %s\n", arrayMascotas[i].nombre, arrayMascotas[i].edad, arrayMascotas[i].sexo, arrayMascotas[i].tipo, arrayRazas[i].descripcion, arrayRazas[i].tamanio, arrayRazas[i].paisOrigen);
                                           ~^                                                                                                                      ~~~~~~~~~~~~~~~~~~~~~
                                           %d
../src/ExamenDePrueba1.c:135:55: warning: format ‘%s’ expects argument of type ‘char *’, but argument 5 has type ‘int’ [-Wformat=]
   printf("\nNombre: %s - Edad: %d - Sexo: %s - Tipo: %s - Descripción: %s - Tamaño: %s - Pais de origen: %s\n", arrayMascotas[i].nombre, arrayMascotas[i].edad, arrayMascotas[i].sexo, arrayMascotas[i].tipo, arrayRazas[i].descripcion, arrayRazas[i].tamanio, arrayRazas[i].paisOrigen);
                                                      ~^                                                                                                                                  ~~~~~~~~~~~~~~~~~~~~~
                                                      %d
../src/ExamenDePrueba1.c:135:88: warning: format ‘%s’ expects argument of type ‘char *’, but argument 7 has type ‘int’ [-Wformat=]
   printf("\nNombre: %s - Edad: %d - Sexo: %s - Tipo: %s - Descripción: %s - Tamaño: %s - Pais de origen: %s\n", arrayMascotas[i].nombre, arrayMascotas[i].edad, arrayMascotas[i].sexo, arrayMascotas[i].tipo, arrayRazas[i].descripcion, arrayRazas[i].tamanio, arrayRazas[i].paisOrigen);
                                                                                       ~^                                                                                                                                                   ~~~~~~~~~~~~~~~~~~~~~
                                                                                       %d
Finished building: ../src/ExamenDePrueba1.c
 
Building file: ../src/Mascotas.c
Invoking: GCC C Compiler
gcc -O0 -g3 -Wall -c -fmessage-length=0 -MMD -MP -MF"src/Mascotas.d" -MT"src/Mascotas.o" -o "src/Mascotas.o" "../src/Mascotas.c"
../src/Mascotas.c:52:5: error: conflicting types for ‘altaMascota’
 int altaMascota(Mascota* pMascotas, int indice)
     ^~~~~~~~~~~
In file included from ../src/Mascotas.c:12:
../src/Mascotas.h:27:5: note: previous declaration of ‘altaMascota’ was here
 int altaMascota(Mascota* pMascotas, int indice, int* id);
     ^~~~~~~~~~~
../src/Mascotas.c: In function ‘altaMascota’:
../src/Mascotas.c:61:34: warning: passing argument 1 of ‘utn_getNumero’ makes pointer from integer without a cast [-Wint-conversion]
      !utn_getNumero(bufferMascota.sexo, "Ingrese el sexo (1.Femenino - 2.Masculino):\n", "Error. Solo puede ingresar (1.Femenino - 2.Masculino):\n", 1, 2, 5) &&
                     ~~~~~~~~~~~~~^~~~~
In file included from ../src/Mascotas.c:11:
../src/utn.h:11:24: note: expected ‘int *’ but argument is of type ‘int’
 int utn_getNumero(int* pNumero, char* pMensaje, char* pMensajeError, int min, int max, int reintentos);
                   ~~~~~^~~~~~~
../src/Mascotas.c:62:21: error: incompatible type for argument 1 of ‘utn_getNumero’
      !utn_getNumero(bufferMascota, "Ingrese el tipo (1.Gato - 2.Perro - 3.Raro):\n", "Error. Solo puede ingresar (1.Gato - 2.Perro - 3.Raro):\n", 1, 3, 5))
                     ^~~~~~~~~~~~~
In file included from ../src/Mascotas.c:11:
../src/utn.h:11:24: note: expected ‘int *’ but argument is of type ‘Mascota’ {aka ‘struct <anonymous>’}
 int utn_getNumero(int* pNumero, char* pMensaje, char* pMensajeError, int min, int max, int reintentos);
                   ~~~~~^~~~~~~
../src/Mascotas.c: In function ‘mostrarMascotas’:
../src/Mascotas.c:87:55: warning: format ‘%s’ expects argument of type ‘char *’, but argument 5 has type ‘int’ [-Wformat=]
     printf("ID: %-15d  Nombre: %s - Edad: %d - Sexo: %s - Tipo: %s\n", pMascotas[i].idMascota, pMascotas[i].nombre, pMascotas[i].edad, pMascotas[i].sexo, pMascotas[i].tipo);
                                                      ~^                                                                                ~~~~~~~~~~~~~~~~~
                                                      %d
../src/Mascotas.c:87:66: warning: format ‘%s’ expects argument of type ‘char *’, but argument 6 has type ‘int’ [-Wformat=]
     printf("ID: %-15d  Nombre: %s - Edad: %d - Sexo: %s - Tipo: %s\n", pMascotas[i].idMascota, pMascotas[i].nombre, pMascotas[i].edad, pMascotas[i].sexo, pMascotas[i].tipo);
                                                                 ~^                                                                                        ~~~~~~~~~~~~~~~~~
                                                                 %d
make: *** [src/subdir.mk:29: src/Mascotas.o] Error 1
"make all" terminated with exit code 2. Build might be incomplete.
01:05:09 **** Incremental Build of configuration Debug for project ExamenDePrueba1 ****
make all 
Building file: ../src/ExamenDePrueba1.c
Invoking: GCC C Compiler
gcc -O0 -g3 -Wall -c -fmessage-length=0 -MMD -MP -MF"src/ExamenDePrueba1.d" -MT"src/ExamenDePrueba1.o" -o "src/ExamenDePrueba1.o" "../src/ExamenDePrueba1.c"
../src/ExamenDePrueba1.c: In function ‘main’:
../src/ExamenDePrueba1.c:135:44: warning: format ‘%s’ expects argument of type ‘char *’, but argument 4 has type ‘int’ [-Wformat=]
   printf("\nNombre: %s - Edad: %d - Sexo: %s - Tipo: %s - Descripción: %s - Tamaño: %s - Pais de origen: %s\n", arrayMascotas[i].nombre, arrayMascotas[i].edad, arrayMascotas[i].sexo, arrayMascotas[i].tipo, arrayRazas[i].descripcion, arrayRazas[i].tamanio, arrayRazas[i].paisOrigen);
                                           ~^                                                                                                                      ~~~~~~~~~~~~~~~~~~~~~
                                           %d
../src/ExamenDePrueba1.c:135:55: warning: format ‘%s’ expects argument of type ‘char *’, but argument 5 has type ‘int’ [-Wformat=]
   printf("\nNombre: %s - Edad: %d - Sexo: %s - Tipo: %s - Descripción: %s - Tamaño: %s - Pais de origen: %s\n", arrayMascotas[i].nombre, arrayMascotas[i].edad, arrayMascotas[i].sexo, arrayMascotas[i].tipo, arrayRazas[i].descripcion, arrayRazas[i].tamanio, arrayRazas[i].paisOrigen);
                                                      ~^                                                                                                                                  ~~~~~~~~~~~~~~~~~~~~~
                                                      %d
../src/ExamenDePrueba1.c:135:88: warning: format ‘%s’ expects argument of type ‘char *’, but argument 7 has type ‘int’ [-Wformat=]
   printf("\nNombre: %s - Edad: %d - Sexo: %s - Tipo: %s - Descripción: %s - Tamaño: %s - Pais de origen: %s\n", arrayMascotas[i].nombre, arrayMascotas[i].edad, arrayMascotas[i].sexo, arrayMascotas[i].tipo, arrayRazas[i].descripcion, arrayRazas[i].tamanio, arrayRazas[i].paisOrigen);
                                                                                       ~^                                                                                                                                                   ~~~~~~~~~~~~~~~~~~~~~
                                                                                       %d
../src/ExamenDePrueba1.c:24:6: warning: unused variable ‘idMascotas’ [-Wunused-variable]
  int idMascotas = 0;
      ^~~~~~~~~~
Finished building: ../src/ExamenDePrueba1.c
 
Building file: ../src/Mascotas.c
Invoking: GCC C Compiler
gcc -O0 -g3 -Wall -c -fmessage-length=0 -MMD -MP -MF"src/Mascotas.d" -MT"src/Mascotas.o" -o "src/Mascotas.o" "../src/Mascotas.c"
../src/Mascotas.c: In function ‘altaMascota’:
../src/Mascotas.c:61:34: warning: passing argument 1 of ‘utn_getNumero’ makes pointer from integer without a cast [-Wint-conversion]
      !utn_getNumero(bufferMascota.sexo, "Ingrese el sexo (1.Femenino - 2.Masculino):\n", "Error. Solo puede ingresar (1.Femenino - 2.Masculino):\n", 1, 2, 5) &&
                     ~~~~~~~~~~~~~^~~~~
In file included from ../src/Mascotas.c:11:
../src/utn.h:11:24: note: expected ‘int *’ but argument is of type ‘int’
 int utn_getNumero(int* pNumero, char* pMensaje, char* pMensajeError, int min, int max, int reintentos);
                   ~~~~~^~~~~~~
../src/Mascotas.c:62:21: error: incompatible type for argument 1 of ‘utn_getNumero’
      !utn_getNumero(bufferMascota, "Ingrese el tipo (1.Gato - 2.Perro - 3.Raro):\n", "Error. Solo puede ingresar (1.Gato - 2.Perro - 3.Raro):\n", 1, 3, 5))
                     ^~~~~~~~~~~~~
In file included from ../src/Mascotas.c:11:
../src/utn.h:11:24: note: expected ‘int *’ but argument is of type ‘Mascota’ {aka ‘struct <anonymous>’}
 int utn_getNumero(int* pNumero, char* pMensaje, char* pMensajeError, int min, int max, int reintentos);
                   ~~~~~^~~~~~~
../src/Mascotas.c: In function ‘mostrarMascotas’:
../src/Mascotas.c:87:55: warning: format ‘%s’ expects argument of type ‘char *’, but argument 5 has type ‘int’ [-Wformat=]
     printf("ID: %-15d  Nombre: %s - Edad: %d - Sexo: %s - Tipo: %s\n", pMascotas[i].idMascota, pMascotas[i].nombre, pMascotas[i].edad, pMascotas[i].sexo, pMascotas[i].tipo);
                                                      ~^                                                                                ~~~~~~~~~~~~~~~~~
                                                      %d
../src/Mascotas.c:87:66: warning: format ‘%s’ expects argument of type ‘char *’, but argument 6 has type ‘int’ [-Wformat=]
     printf("ID: %-15d  Nombre: %s - Edad: %d - Sexo: %s - Tipo: %s\n", pMascotas[i].idMascota, pMascotas[i].nombre, pMascotas[i].edad, pMascotas[i].sexo, pMascotas[i].tipo);
                                                                 ~^                                                                                        ~~~~~~~~~~~~~~~~~
                                                                 %d
make: *** [src/subdir.mk:29: src/Mascotas.o] Error 1
"make all" terminated with exit code 2. Build might be incomplete.
01:05:10 **** Incremental Build of configuration Debug for project ExamenDePrueba1 ****
make all 
Building file: ../src/Mascotas.c
Invoking: GCC C Compiler
gcc -O0 -g3 -Wall -c -fmessage-length=0 -MMD -MP -MF"src/Mascotas.d" -MT"src/Mascotas.o" -o "src/Mascotas.o" "../src/Mascotas.c"
../src/Mascotas.c: In function ‘altaMascota’:
../src/Mascotas.c:61:34: warning: passing argument 1 of ‘utn_getNumero’ makes pointer from integer without a cast [-Wint-conversion]
      !utn_getNumero(bufferMascota.sexo, "Ingrese el sexo (1.Femenino - 2.Masculino):\n", "Error. Solo puede ingresar (1.Femenino - 2.Masculino):\n", 1, 2, 5) &&
                     ~~~~~~~~~~~~~^~~~~
In file included from ../src/Mascotas.c:11:
../src/utn.h:11:24: note: expected ‘int *’ but argument is of type ‘int’
 int utn_getNumero(int* pNumero, char* pMensaje, char* pMensajeError, int min, int max, int reintentos);
                   ~~~~~^~~~~~~
../src/Mascotas.c:62:21: error: incompatible type for argument 1 of ‘utn_getNumero’
      !utn_getNumero(bufferMascota, "Ingrese el tipo (1.Gato - 2.Perro - 3.Raro):\n", "Error. Solo puede ingresar (1.Gato - 2.Perro - 3.Raro):\n", 1, 3, 5))
                     ^~~~~~~~~~~~~
In file included from ../src/Mascotas.c:11:
../src/utn.h:11:24: note: expected ‘int *’ but argument is of type ‘Mascota’ {aka ‘struct <anonymous>’}
 int utn_getNumero(int* pNumero, char* pMensaje, char* pMensajeError, int min, int max, int reintentos);
                   ~~~~~^~~~~~~
../src/Mascotas.c: In function ‘mostrarMascotas’:
../src/Mascotas.c:87:55: warning: format ‘%s’ expects argument of type ‘char *’, but argument 5 has type ‘int’ [-Wformat=]
     printf("ID: %-15d  Nombre: %s - Edad: %d - Sexo: %s - Tipo: %s\n", pMascotas[i].idMascota, pMascotas[i].nombre, pMascotas[i].edad, pMascotas[i].sexo, pMascotas[i].tipo);
                                                      ~^                                                                                ~~~~~~~~~~~~~~~~~
                                                      %d
../src/Mascotas.c:87:66: warning: format ‘%s’ expects argument of type ‘char *’, but argument 6 has type ‘int’ [-Wformat=]
     printf("ID: %-15d  Nombre: %s - Edad: %d - Sexo: %s - Tipo: %s\n", pMascotas[i].idMascota, pMascotas[i].nombre, pMascotas[i].edad, pMascotas[i].sexo, pMascotas[i].tipo);
                                                                 ~^                                                                                        ~~~~~~~~~~~~~~~~~
                                                                 %d
make: *** [src/subdir.mk:29: src/Mascotas.o] Error 1
"make all" terminated with exit code 2. Build might be incomplete.
01:05:40 **** Incremental Build of configuration Debug for project ExamenDePrueba1 ****
make all 
Building file: ../src/Mascotas.c
Invoking: GCC C Compiler
gcc -O0 -g3 -Wall -c -fmessage-length=0 -MMD -MP -MF"src/Mascotas.d" -MT"src/Mascotas.o" -o "src/Mascotas.o" "../src/Mascotas.c"
../src/Mascotas.c: In function ‘altaMascota’:
../src/Mascotas.c:61:34: warning: passing argument 1 of ‘utn_getNumero’ makes pointer from integer without a cast [-Wint-conversion]
      !utn_getNumero(bufferMascota.sexo, "Ingrese el sexo (1.Femenino - 2.Masculino):\n", "Error. Solo puede ingresar (1.Femenino - 2.Masculino):\n", 1, 2, 5) &&
                     ~~~~~~~~~~~~~^~~~~
In file included from ../src/Mascotas.c:11:
../src/utn.h:11:24: note: expected ‘int *’ but argument is of type ‘int’
 int utn_getNumero(int* pNumero, char* pMensaje, char* pMensajeError, int min, int max, int reintentos);
                   ~~~~~^~~~~~~
../src/Mascotas.c:62:34: warning: passing argument 1 of ‘utn_getNumero’ makes pointer from integer without a cast [-Wint-conversion]
      !utn_getNumero(bufferMascota.tipo, "Ingrese el tipo (1.Gato - 2.Perro - 3.Raro):\n", "Error. Solo puede ingresar (1.Gato - 2.Perro - 3.Raro):\n", 1, 3, 5))
                     ~~~~~~~~~~~~~^~~~~
In file included from ../src/Mascotas.c:11:
../src/utn.h:11:24: note: expected ‘int *’ but argument is of type ‘int’
 int utn_getNumero(int* pNumero, char* pMensaje, char* pMensajeError, int min, int max, int reintentos);
                   ~~~~~^~~~~~~
../src/Mascotas.c: In function ‘mostrarMascotas’:
../src/Mascotas.c:87:55: warning: format ‘%s’ expects argument of type ‘char *’, but argument 5 has type ‘int’ [-Wformat=]
     printf("ID: %-15d  Nombre: %s - Edad: %d - Sexo: %s - Tipo: %s\n", pMascotas[i].idMascota, pMascotas[i].nombre, pMascotas[i].edad, pMascotas[i].sexo, pMascotas[i].tipo);
                                                      ~^                                                                                ~~~~~~~~~~~~~~~~~
                                                      %d
../src/Mascotas.c:87:66: warning: format ‘%s’ expects argument of type ‘char *’, but argument 6 has type ‘int’ [-Wformat=]
     printf("ID: %-15d  Nombre: %s - Edad: %d - Sexo: %s - Tipo: %s\n", pMascotas[i].idMascota, pMascotas[i].nombre, pMascotas[i].edad, pMascotas[i].sexo, pMascotas[i].tipo);
                                                                 ~^                                                                                        ~~~~~~~~~~~~~~~~~
                                                                 %d
Finished building: ../src/Mascotas.c
 
Building file: ../src/Razas.c
Invoking: GCC C Compiler
gcc -O0 -g3 -Wall -c -fmessage-length=0 -MMD -MP -MF"src/Razas.d" -MT"src/Razas.o" -o "src/Razas.o" "../src/Razas.c"
../src/Razas.c: In function ‘inicializarRazas’:
../src/Razas.c:28:21: warning: passing argument 1 of ‘strncpy’ makes pointer from integer without a cast [-Wint-conversion]
    strncpy(pRazas[i].tamanio, "", sizeof(pRazas[i].tamanio));
            ~~~~~~~~~^~~~~~~~
In file included from ../src/Razas.c:11:
/usr/include/string.h:124:14: note: expected ‘char * restrict’ but argument is of type ‘int’
 extern char *strncpy (char *__restrict __dest,
              ^~~~~~~
../src/Razas.c: In function ‘altaRaza’:
../src/Razas.c:46:30: warning: passing argument 1 of ‘utn_getTexto’ makes pointer from integer without a cast [-Wint-conversion]
      !utn_getTexto(bufferRaza.tamanio, TAM_TAMANIO, "Ingrese el tamaño (chico/mediano/grande)\n", "Error. Solo puede ingresar (chico/mediano/grande)\n") &&
                    ~~~~~~~~~~^~~~~~~~
In file included from ../src/Razas.c:12:
../src/utn.h:13:24: note: expected ‘char *’ but argument is of type ‘int’
 int utn_getTexto(char* pString, int limite, char* pMensaje, char* pMensajeError);
                  ~~~~~~^~~~~~~
../src/Razas.c:47:24: warning: passing argument 1 of ‘strcmp’ makes pointer from integer without a cast [-Wint-conversion]
      (strcmp(bufferRaza.tamanio, "chico") == 0 || strcmp(bufferRaza.tamanio, "mediano") == 0 || strcmp(bufferRaza.tamanio, "grande") == 0) &&
              ~~~~~~~~~~^~~~~~~~
In file included from ../src/Razas.c:11:
/usr/include/string.h:136:32: note: expected ‘const char *’ but argument is of type ‘int’
 extern int strcmp (const char *__s1, const char *__s2)
                    ~~~~~~~~~~~~^~~~
../src/Razas.c:47:68: warning: passing argument 1 of ‘strcmp’ makes pointer from integer without a cast [-Wint-conversion]
      (strcmp(bufferRaza.tamanio, "chico") == 0 || strcmp(bufferRaza.tamanio, "mediano") == 0 || strcmp(bufferRaza.tamanio, "grande") == 0) &&
                                                          ~~~~~~~~~~^~~~~~~~
In file included from ../src/Razas.c:11:
/usr/include/string.h:136:32: note: expected ‘const char *’ but argument is of type ‘int’
 extern int strcmp (const char *__s1, const char *__s2)
                    ~~~~~~~~~~~~^~~~
../src/Razas.c:47:114: warning: passing argument 1 of ‘strcmp’ makes pointer from integer without a cast [-Wint-conversion]
      (strcmp(bufferRaza.tamanio, "chico") == 0 || strcmp(bufferRaza.tamanio, "mediano") == 0 || strcmp(bufferRaza.tamanio, "grande") == 0) &&
                                                                                                        ~~~~~~~~~~^~~~~~~~
In file included from ../src/Razas.c:11:
/usr/include/string.h:136:32: note: expected ‘const char *’ but argument is of type ‘int’
 extern int strcmp (const char *__s1, const char *__s2)
                    ~~~~~~~~~~~~^~~~
Finished building: ../src/Razas.c
 
Building target: ExamenDePrueba1
Invoking: GCC C Linker
gcc  -o "ExamenDePrueba1"  ./src/ExamenDePrueba1.o ./src/Mascotas.o ./src/Razas.o ./src/utn.o   
Finished building target: ExamenDePrueba1
 
01:06:02 **** Incremental Build of configuration Debug for project ExamenDePrueba1 ****
make all 
Building file: ../src/Mascotas.c
Invoking: GCC C Compiler
gcc -O0 -g3 -Wall -c -fmessage-length=0 -MMD -MP -MF"src/Mascotas.d" -MT"src/Mascotas.o" -o "src/Mascotas.o" "../src/Mascotas.c"
../src/Mascotas.c: In function ‘mostrarMascotas’:
../src/Mascotas.c:87:55: warning: format ‘%s’ expects argument of type ‘char *’, but argument 5 has type ‘int’ [-Wformat=]
     printf("ID: %-15d  Nombre: %s - Edad: %d - Sexo: %s - Tipo: %s\n", pMascotas[i].idMascota, pMascotas[i].nombre, pMascotas[i].edad, pMascotas[i].sexo, pMascotas[i].tipo);
                                                      ~^                                                                                ~~~~~~~~~~~~~~~~~
                                                      %d
../src/Mascotas.c:87:66: warning: format ‘%s’ expects argument of type ‘char *’, but argument 6 has type ‘int’ [-Wformat=]
     printf("ID: %-15d  Nombre: %s - Edad: %d - Sexo: %s - Tipo: %s\n", pMascotas[i].idMascota, pMascotas[i].nombre, pMascotas[i].edad, pMascotas[i].sexo, pMascotas[i].tipo);
                                                                 ~^                                                                                        ~~~~~~~~~~~~~~~~~
                                                                 %d
Finished building: ../src/Mascotas.c
 
Building target: ExamenDePrueba1
Invoking: GCC C Linker
gcc  -o "ExamenDePrueba1"  ./src/ExamenDePrueba1.o ./src/Mascotas.o ./src/Razas.o ./src/utn.o   
Finished building target: ExamenDePrueba1
 
01:06:16 **** Incremental Build of configuration Debug for project ExamenDePrueba1 ****
make all 
Building file: ../src/Mascotas.c
Invoking: GCC C Compiler
gcc -O0 -g3 -Wall -c -fmessage-length=0 -MMD -MP -MF"src/Mascotas.d" -MT"src/Mascotas.o" -o "src/Mascotas.o" "../src/Mascotas.c"
Finished building: ../src/Mascotas.c
 
Building target: ExamenDePrueba1
Invoking: GCC C Linker
gcc  -o "ExamenDePrueba1"  ./src/ExamenDePrueba1.o ./src/Mascotas.o ./src/Razas.o ./src/utn.o   
Finished building target: ExamenDePrueba1
 
01:06:19 **** Incremental Build of configuration Debug for project ExamenDePrueba1 ****
make all 
make: No se hace nada para 'all'.
01:06:34 **** Incremental Build of configuration Debug for project ExamenDePrueba1 ****
make all 
make: No se hace nada para 'all'.
01:07:02 **** Incremental Build of configuration Debug for project ExamenDePrueba1 ****
make all 
Building file: ../src/ExamenDePrueba1.c
Invoking: GCC C Compiler
gcc -O0 -g3 -Wall -c -fmessage-length=0 -MMD -MP -MF"src/ExamenDePrueba1.d" -MT"src/ExamenDePrueba1.o" -o "src/ExamenDePrueba1.o" "../src/ExamenDePrueba1.c"
../src/ExamenDePrueba1.c: In function ‘main’:
../src/ExamenDePrueba1.c:135:44: warning: format ‘%s’ expects argument of type ‘char *’, but argument 4 has type ‘int’ [-Wformat=]
   printf("\nNombre: %s - Edad: %d - Sexo: %s - Tipo: %s - Descripción: %s - Tamaño: %s - Pais de origen: %s\n", arrayMascotas[i].nombre, arrayMascotas[i].edad, arrayMascotas[i].sexo, arrayMascotas[i].tipo, arrayRazas[i].descripcion, arrayRazas[i].tamanio, arrayRazas[i].paisOrigen);
                                           ~^                                                                                                                      ~~~~~~~~~~~~~~~~~~~~~
                                           %d
../src/ExamenDePrueba1.c:135:55: warning: format ‘%s’ expects argument of type ‘char *’, but argument 5 has type ‘int’ [-Wformat=]
   printf("\nNombre: %s - Edad: %d - Sexo: %s - Tipo: %s - Descripción: %s - Tamaño: %s - Pais de origen: %s\n", arrayMascotas[i].nombre, arrayMascotas[i].edad, arrayMascotas[i].sexo, arrayMascotas[i].tipo, arrayRazas[i].descripcion, arrayRazas[i].tamanio, arrayRazas[i].paisOrigen);
                                                      ~^                                                                                                                                  ~~~~~~~~~~~~~~~~~~~~~
                                                      %d
../src/ExamenDePrueba1.c:135:88: warning: format ‘%s’ expects argument of type ‘char *’, but argument 7 has type ‘int’ [-Wformat=]
   printf("\nNombre: %s - Edad: %d - Sexo: %s - Tipo: %s - Descripción: %s - Tamaño: %s - Pais de origen: %s\n", arrayMascotas[i].nombre, arrayMascotas[i].edad, arrayMascotas[i].sexo, arrayMascotas[i].tipo, arrayRazas[i].descripcion, arrayRazas[i].tamanio, arrayRazas[i].paisOrigen);
                                                                                       ~^                                                                                                                                                   ~~~~~~~~~~~~~~~~~~~~~
                                                                                       %d
../src/ExamenDePrueba1.c:24:6: warning: unused variable ‘idMascotas’ [-Wunused-variable]
  int idMascotas = 0;
      ^~~~~~~~~~
Finished building: ../src/ExamenDePrueba1.c
 
Building file: ../src/Mascotas.c
Invoking: GCC C Compiler
gcc -O0 -g3 -Wall -c -fmessage-length=0 -MMD -MP -MF"src/Mascotas.d" -MT"src/Mascotas.o" -o "src/Mascotas.o" "../src/Mascotas.c"
Finished building: ../src/Mascotas.c
 
Building file: ../src/Razas.c
Invoking: GCC C Compiler
gcc -O0 -g3 -Wall -c -fmessage-length=0 -MMD -MP -MF"src/Razas.d" -MT"src/Razas.o" -o "src/Razas.o" "../src/Razas.c"
../src/Razas.c: In function ‘inicializarRazas’:
../src/Razas.c:28:21: warning: passing argument 1 of ‘strncpy’ makes pointer from integer without a cast [-Wint-conversion]
    strncpy(pRazas[i].tamanio, "", sizeof(pRazas[i].tamanio));
            ~~~~~~~~~^~~~~~~~
In file included from ../src/Razas.c:11:
/usr/include/string.h:124:14: note: expected ‘char * restrict’ but argument is of type ‘int’
 extern char *strncpy (char *__restrict __dest,
              ^~~~~~~
../src/Razas.c: In function ‘altaRaza’:
../src/Razas.c:46:30: warning: passing argument 1 of ‘utn_getTexto’ makes pointer from integer without a cast [-Wint-conversion]
      !utn_getTexto(bufferRaza.tamanio, TAM_TAMANIO, "Ingrese el tamaño (chico/mediano/grande)\n", "Error. Solo puede ingresar (chico/mediano/grande)\n") &&
                    ~~~~~~~~~~^~~~~~~~
In file included from ../src/Razas.c:12:
../src/utn.h:13:24: note: expected ‘char *’ but argument is of type ‘int’
 int utn_getTexto(char* pString, int limite, char* pMensaje, char* pMensajeError);
                  ~~~~~~^~~~~~~
../src/Razas.c:47:24: warning: passing argument 1 of ‘strcmp’ makes pointer from integer without a cast [-Wint-conversion]
      (strcmp(bufferRaza.tamanio, "chico") == 0 || strcmp(bufferRaza.tamanio, "mediano") == 0 || strcmp(bufferRaza.tamanio, "grande") == 0) &&
              ~~~~~~~~~~^~~~~~~~
In file included from ../src/Razas.c:11:
/usr/include/string.h:136:32: note: expected ‘const char *’ but argument is of type ‘int’
 extern int strcmp (const char *__s1, const char *__s2)
                    ~~~~~~~~~~~~^~~~
../src/Razas.c:47:68: warning: passing argument 1 of ‘strcmp’ makes pointer from integer without a cast [-Wint-conversion]
      (strcmp(bufferRaza.tamanio, "chico") == 0 || strcmp(bufferRaza.tamanio, "mediano") == 0 || strcmp(bufferRaza.tamanio, "grande") == 0) &&
                                                          ~~~~~~~~~~^~~~~~~~
In file included from ../src/Razas.c:11:
/usr/include/string.h:136:32: note: expected ‘const char *’ but argument is of type ‘int’
 extern int strcmp (const char *__s1, const char *__s2)
                    ~~~~~~~~~~~~^~~~
../src/Razas.c:47:114: warning: passing argument 1 of ‘strcmp’ makes pointer from integer without a cast [-Wint-conversion]
      (strcmp(bufferRaza.tamanio, "chico") == 0 || strcmp(bufferRaza.tamanio, "mediano") == 0 || strcmp(bufferRaza.tamanio, "grande") == 0) &&
                                                                                                        ~~~~~~~~~~^~~~~~~~
In file included from ../src/Razas.c:11:
/usr/include/string.h:136:32: note: expected ‘const char *’ but argument is of type ‘int’
 extern int strcmp (const char *__s1, const char *__s2)
                    ~~~~~~~~~~~~^~~~
Finished building: ../src/Razas.c
 
Building target: ExamenDePrueba1
Invoking: GCC C Linker
gcc  -o "ExamenDePrueba1"  ./src/ExamenDePrueba1.o ./src/Mascotas.o ./src/Razas.o ./src/utn.o   
Finished building target: ExamenDePrueba1
 
01:07:30 **** Incremental Build of configuration Debug for project ExamenDePrueba1 ****
make all 
Building file: ../src/ExamenDePrueba1.c
Invoking: GCC C Compiler
gcc -O0 -g3 -Wall -c -fmessage-length=0 -MMD -MP -MF"src/ExamenDePrueba1.d" -MT"src/ExamenDePrueba1.o" -o "src/ExamenDePrueba1.o" "../src/ExamenDePrueba1.c"
../src/ExamenDePrueba1.c: In function ‘main’:
../src/ExamenDePrueba1.c:24:6: warning: unused variable ‘idMascotas’ [-Wunused-variable]
  int idMascotas = 0;
      ^~~~~~~~~~
Finished building: ../src/ExamenDePrueba1.c
 
Building target: ExamenDePrueba1
Invoking: GCC C Linker
gcc  -o "ExamenDePrueba1"  ./src/ExamenDePrueba1.o ./src/Mascotas.o ./src/Razas.o ./src/utn.o   
Finished building target: ExamenDePrueba1
 
01:12:05 **** Incremental Build of configuration Debug for project ExamenDePrueba1 ****
make all 
make: No se hace nada para 'all'.
01:12:27 **** Incremental Build of configuration Debug for project ExamenDePrueba1 ****
make all 
Building file: ../src/ExamenDePrueba1.c
Invoking: GCC C Compiler
gcc -O0 -g3 -Wall -c -fmessage-length=0 -MMD -MP -MF"src/ExamenDePrueba1.d" -MT"src/ExamenDePrueba1.o" -o "src/ExamenDePrueba1.o" "../src/ExamenDePrueba1.c"
../src/ExamenDePrueba1.c: In function ‘main’:
../src/ExamenDePrueba1.c:24:6: warning: unused variable ‘idMascotas’ [-Wunused-variable]
  int idMascotas = 0;
      ^~~~~~~~~~
Finished building: ../src/ExamenDePrueba1.c
 
Building file: ../src/Mascotas.c
Invoking: GCC C Compiler
gcc -O0 -g3 -Wall -c -fmessage-length=0 -MMD -MP -MF"src/Mascotas.d" -MT"src/Mascotas.o" -o "src/Mascotas.o" "../src/Mascotas.c"
Finished building: ../src/Mascotas.c
 
Building file: ../src/Razas.c
Invoking: GCC C Compiler
gcc -O0 -g3 -Wall -c -fmessage-length=0 -MMD -MP -MF"src/Razas.d" -MT"src/Razas.o" -o "src/Razas.o" "../src/Razas.c"
../src/Razas.c: In function ‘inicializarRazas’:
../src/Razas.c:28:21: warning: passing argument 1 of ‘strncpy’ makes pointer from integer without a cast [-Wint-conversion]
    strncpy(pRazas[i].tamanio, "", sizeof(pRazas[i].tamanio));
            ~~~~~~~~~^~~~~~~~
In file included from ../src/Razas.c:11:
/usr/include/string.h:124:14: note: expected ‘char * restrict’ but argument is of type ‘int’
 extern char *strncpy (char *__restrict __dest,
              ^~~~~~~
../src/Razas.c: In function ‘altaRaza’:
../src/Razas.c:46:30: warning: passing argument 1 of ‘utn_getTexto’ makes pointer from integer without a cast [-Wint-conversion]
      !utn_getTexto(bufferRaza.tamanio, TAM_TAMANIO, "Ingrese el tamaño (chico/mediano/grande)\n", "Error. Solo puede ingresar (chico/mediano/grande)\n") &&
                    ~~~~~~~~~~^~~~~~~~
In file included from ../src/Razas.c:12:
../src/utn.h:13:24: note: expected ‘char *’ but argument is of type ‘int’
 int utn_getTexto(char* pString, int limite, char* pMensaje, char* pMensajeError);
                  ~~~~~~^~~~~~~
../src/Razas.c:47:24: warning: passing argument 1 of ‘strcmp’ makes pointer from integer without a cast [-Wint-conversion]
      (strcmp(bufferRaza.tamanio, "chico") == 0 || strcmp(bufferRaza.tamanio, "mediano") == 0 || strcmp(bufferRaza.tamanio, "grande") == 0) &&
              ~~~~~~~~~~^~~~~~~~
In file included from ../src/Razas.c:11:
/usr/include/string.h:136:32: note: expected ‘const char *’ but argument is of type ‘int’
 extern int strcmp (const char *__s1, const char *__s2)
                    ~~~~~~~~~~~~^~~~
../src/Razas.c:47:68: warning: passing argument 1 of ‘strcmp’ makes pointer from integer without a cast [-Wint-conversion]
      (strcmp(bufferRaza.tamanio, "chico") == 0 || strcmp(bufferRaza.tamanio, "mediano") == 0 || strcmp(bufferRaza.tamanio, "grande") == 0) &&
                                                          ~~~~~~~~~~^~~~~~~~
In file included from ../src/Razas.c:11:
/usr/include/string.h:136:32: note: expected ‘const char *’ but argument is of type ‘int’
 extern int strcmp (const char *__s1, const char *__s2)
                    ~~~~~~~~~~~~^~~~
../src/Razas.c:47:114: warning: passing argument 1 of ‘strcmp’ makes pointer from integer without a cast [-Wint-conversion]
      (strcmp(bufferRaza.tamanio, "chico") == 0 || strcmp(bufferRaza.tamanio, "mediano") == 0 || strcmp(bufferRaza.tamanio, "grande") == 0) &&
                                                                                                        ~~~~~~~~~~^~~~~~~~
In file included from ../src/Razas.c:11:
/usr/include/string.h:136:32: note: expected ‘const char *’ but argument is of type ‘int’
 extern int strcmp (const char *__s1, const char *__s2)
                    ~~~~~~~~~~~~^~~~
Finished building: ../src/Razas.c
 
Building target: ExamenDePrueba1
Invoking: GCC C Linker
gcc  -o "ExamenDePrueba1"  ./src/ExamenDePrueba1.o ./src/Mascotas.o ./src/Razas.o ./src/utn.o   
Finished building target: ExamenDePrueba1
 
01:15:35 **** Incremental Build of configuration Debug for project ExamenDePrueba1 ****
make all 
Building file: ../src/ExamenDePrueba1.c
Invoking: GCC C Compiler
gcc -O0 -g3 -Wall -c -fmessage-length=0 -MMD -MP -MF"src/ExamenDePrueba1.d" -MT"src/ExamenDePrueba1.o" -o "src/ExamenDePrueba1.o" "../src/ExamenDePrueba1.c"
Finished building: ../src/ExamenDePrueba1.c
 
Building file: ../src/Razas.c
Invoking: GCC C Compiler
gcc -O0 -g3 -Wall -c -fmessage-length=0 -MMD -MP -MF"src/Razas.d" -MT"src/Razas.o" -o "src/Razas.o" "../src/Razas.c"
Finished building: ../src/Razas.c
 
Building target: ExamenDePrueba1
Invoking: GCC C Linker
gcc  -o "ExamenDePrueba1"  ./src/ExamenDePrueba1.o ./src/Mascotas.o ./src/Razas.o ./src/utn.o   
Finished building target: ExamenDePrueba1
 
01:15:36 **** Incremental Build of configuration Debug for project ExamenDePrueba1 ****
make all 
make: No se hace nada para 'all'.
01:16:06 **** Incremental Build of configuration Debug for project ExamenDePrueba1 ****
make all 
make: No se hace nada para 'all'.
01:16:06 **** Incremental Build of configuration Debug for project ExamenDePrueba1 ****
make all 
make: No se hace nada para 'all'.
01:16:48 **** Incremental Build of configuration Debug for project ExamenDePrueba1 ****
make all 
Building file: ../src/Mascotas.c
Invoking: GCC C Compiler
gcc -O0 -g3 -Wall -c -fmessage-length=0 -MMD -MP -MF"src/Mascotas.d" -MT"src/Mascotas.o" -o "src/Mascotas.o" "../src/Mascotas.c"
Finished building: ../src/Mascotas.c
 
Building target: ExamenDePrueba1
Invoking: GCC C Linker
gcc  -o "ExamenDePrueba1"  ./src/ExamenDePrueba1.o ./src/Mascotas.o ./src/Razas.o ./src/utn.o   
Finished building target: ExamenDePrueba1
 
01:16:48 **** Incremental Build of configuration Debug for project ExamenDePrueba1 ****
make all 
make: No se hace nada para 'all'.
01:17:26 **** Incremental Build of configuration Debug for project ExamenDePrueba1 ****
make all 
Building file: ../src/Mascotas.c
Invoking: GCC C Compiler
gcc -O0 -g3 -Wall -c -fmessage-length=0 -MMD -MP -MF"src/Mascotas.d" -MT"src/Mascotas.o" -o "src/Mascotas.o" "../src/Mascotas.c"
Finished building: ../src/Mascotas.c
 
Building target: ExamenDePrueba1
Invoking: GCC C Linker
gcc  -o "ExamenDePrueba1"  ./src/ExamenDePrueba1.o ./src/Mascotas.o ./src/Razas.o ./src/utn.o   
Finished building target: ExamenDePrueba1
 
01:17:27 **** Incremental Build of configuration Debug for project ExamenDePrueba1 ****
make all 
make: No se hace nada para 'all'.
11:09:41 **** Incremental Build of configuration Debug for project ExamenDePrueba1 ****
make all 
make: No se hace nada para 'all'.
11:17:00 **** Incremental Build of configuration Debug for project ExamenDePrueba1 ****
make all 
Building file: ../src/ExamenDePrueba1.c
Invoking: GCC C Compiler
gcc -O0 -g3 -Wall -c -fmessage-length=0 -MMD -MP -MF"src/ExamenDePrueba1.d" -MT"src/ExamenDePrueba1.o" -o "src/ExamenDePrueba1.o" "../src/ExamenDePrueba1.c"
Finished building: ../src/ExamenDePrueba1.c
 
Building file: ../src/Mascotas.c
Invoking: GCC C Compiler
gcc -O0 -g3 -Wall -c -fmessage-length=0 -MMD -MP -MF"src/Mascotas.d" -MT"src/Mascotas.o" -o "src/Mascotas.o" "../src/Mascotas.c"
Finished building: ../src/Mascotas.c
 
Building target: ExamenDePrueba1
Invoking: GCC C Linker
gcc  -o "ExamenDePrueba1"  ./src/ExamenDePrueba1.o ./src/Mascotas.o ./src/Razas.o ./src/utn.o   
Finished building target: ExamenDePrueba1
 
11:17:01 **** Incremental Build of configuration Debug for project ExamenDePrueba1 ****
make all 
make: No se hace nada para 'all'.
11:17:58 **** Incremental Build of configuration Debug for project ExamenDePrueba1 ****
make all 
Building file: ../src/Mascotas.c
Invoking: GCC C Compiler
gcc -O0 -g3 -Wall -c -fmessage-length=0 -MMD -MP -MF"src/Mascotas.d" -MT"src/Mascotas.o" -o "src/Mascotas.o" "../src/Mascotas.c"
Finished building: ../src/Mascotas.c
 
Building target: ExamenDePrueba1
Invoking: GCC C Linker
gcc  -o "ExamenDePrueba1"  ./src/ExamenDePrueba1.o ./src/Mascotas.o ./src/Razas.o ./src/utn.o   
Finished building target: ExamenDePrueba1
 
11:17:58 **** Incremental Build of configuration Debug for project ExamenDePrueba1 ****
make all 
make: No se hace nada para 'all'.
11:25:34 **** Incremental Build of configuration Debug for project ExamenDePrueba1 ****
make all 
Building file: ../src/ExamenDePrueba1.c
Invoking: GCC C Compiler
gcc -O0 -g3 -Wall -c -fmessage-length=0 -MMD -MP -MF"src/ExamenDePrueba1.d" -MT"src/ExamenDePrueba1.o" -o "src/ExamenDePrueba1.o" "../src/ExamenDePrueba1.c"
Finished building: ../src/ExamenDePrueba1.c
 
Building file: ../src/Mascotas.c
Invoking: GCC C Compiler
gcc -O0 -g3 -Wall -c -fmessage-length=0 -MMD -MP -MF"src/Mascotas.d" -MT"src/Mascotas.o" -o "src/Mascotas.o" "../src/Mascotas.c"
Finished building: ../src/Mascotas.c
 
Building target: ExamenDePrueba1
Invoking: GCC C Linker
gcc  -o "ExamenDePrueba1"  ./src/ExamenDePrueba1.o ./src/Mascotas.o ./src/Razas.o ./src/utn.o   
Finished building target: ExamenDePrueba1
 
11:25:35 **** Incremental Build of configuration Debug for project ExamenDePrueba1 ****
make all 
make: No se hace nada para 'all'.
11:29:23 **** Incremental Build of configuration Debug for project ExamenDePrueba1 ****
make all 
Building file: ../src/ExamenDePrueba1.c
Invoking: GCC C Compiler
gcc -O0 -g3 -Wall -c -fmessage-length=0 -MMD -MP -MF"src/ExamenDePrueba1.d" -MT"src/ExamenDePrueba1.o" -o "src/ExamenDePrueba1.o" "../src/ExamenDePrueba1.c"
Finished building: ../src/ExamenDePrueba1.c
 
Building file: ../src/Mascotas.c
Invoking: GCC C Compiler
gcc -O0 -g3 -Wall -c -fmessage-length=0 -MMD -MP -MF"src/Mascotas.d" -MT"src/Mascotas.o" -o "src/Mascotas.o" "../src/Mascotas.c"
Finished building: ../src/Mascotas.c
 
Building target: ExamenDePrueba1
Invoking: GCC C Linker
gcc  -o "ExamenDePrueba1"  ./src/ExamenDePrueba1.o ./src/Mascotas.o ./src/Razas.o ./src/utn.o   
Finished building target: ExamenDePrueba1
 
11:29:23 **** Incremental Build of configuration Debug for project ExamenDePrueba1 ****
make all 
make: No se hace nada para 'all'.
11:47:46 **** Incremental Build of configuration Debug for project ExamenDePrueba1 ****
make all 
Building file: ../src/ExamenDePrueba1.c
Invoking: GCC C Compiler
gcc -O0 -g3 -Wall -c -fmessage-length=0 -MMD -MP -MF"src/ExamenDePrueba1.d" -MT"src/ExamenDePrueba1.o" -o "src/ExamenDePrueba1.o" "../src/ExamenDePrueba1.c"
Finished building: ../src/ExamenDePrueba1.c
 
Building file: ../src/Mascotas.c
Invoking: GCC C Compiler
gcc -O0 -g3 -Wall -c -fmessage-length=0 -MMD -MP -MF"src/Mascotas.d" -MT"src/Mascotas.o" -o "src/Mascotas.o" "../src/Mascotas.c"
../src/Mascotas.c:78:5: error: conflicting types for ‘borrarMascota’
 int borrarMascota(Mascota* pMascotas, Raza* pRazas, int limite)
     ^~~~~~~~~~~~~
In file included from ../src/Mascotas.c:12:
../src/Mascotas.h:28:5: note: previous declaration of ‘borrarMascota’ was here
 int borrarMascota(Mascota* pMascotas, int limite);
     ^~~~~~~~~~~~~
../src/Mascotas.c: In function ‘ordenarPorPeso’:
../src/Mascotas.c:156:23: warning: passing argument 3 of ‘getPeso’ makes pointer from integer without a cast [-Wint-conversion]
    getPeso(pRazas, i, limite);
                       ^~~~~~
In file included from ../src/Mascotas.h:10,
                 from ../src/Mascotas.c:12:
../src/Razas.h:27:44: note: expected ‘int *’ but argument is of type ‘int’
 int getPeso(Raza* pRazas, int indice, int* tamanioRaza);
                                       ~~~~~^~~~~~~~~~~
../src/Mascotas.c:159:14: error: incompatible types when assigning to type ‘int’ from type ‘Raza’ {aka ‘struct <anonymous>’}
     auxiliar = pRazas[i];
              ^
../src/Mascotas.c:161:19: error: incompatible types when assigning to type ‘Raza’ {aka ‘struct <anonymous>’} from type ‘int’
     pRazas[i + 1] = auxiliar;
                   ^
../src/Mascotas.c:148:6: warning: variable ‘flagSwap’ set but not used [-Wunused-but-set-variable]
  int flagSwap = 0;
      ^~~~~~~~
make: *** [src/subdir.mk:32: src/Mascotas.o] Error 1
"make all" terminated with exit code 2. Build might be incomplete.
11:48:05 **** Incremental Build of configuration Debug for project ExamenDePrueba1 ****
make all 
Building file: ../src/ExamenDePrueba1.c
Invoking: GCC C Compiler
gcc -O0 -g3 -Wall -c -fmessage-length=0 -MMD -MP -MF"src/ExamenDePrueba1.d" -MT"src/ExamenDePrueba1.o" -o "src/ExamenDePrueba1.o" "../src/ExamenDePrueba1.c"
../src/ExamenDePrueba1.c: In function ‘main’:
../src/ExamenDePrueba1.c:17:23: warning: passing argument 2 of ‘borrarMascota’ makes pointer from integer without a cast [-Wint-conversion]
 #define CANT_MASCOTAS 10
                       ^~
../src/ExamenDePrueba1.c:112:34: note: in expansion of macro ‘CANT_MASCOTAS’
     borrarMascota(arrayMascotas, CANT_MASCOTAS);
                                  ^~~~~~~~~~~~~
In file included from ../src/ExamenDePrueba1.c:15:
../src/Mascotas.h:28:45: note: expected ‘Raza *’ {aka ‘struct <anonymous> *’} but argument is of type ‘int’
 int borrarMascota(Mascota* pMascotas, Raza* pRazas, int limite);
                                       ~~~~~~^~~~~~
../src/ExamenDePrueba1.c:112:5: error: too few arguments to function ‘borrarMascota’
     borrarMascota(arrayMascotas, CANT_MASCOTAS);
     ^~~~~~~~~~~~~
In file included from ../src/ExamenDePrueba1.c:15:
../src/Mascotas.h:28:5: note: declared here
 int borrarMascota(Mascota* pMascotas, Raza* pRazas, int limite);
     ^~~~~~~~~~~~~
make: *** [src/subdir.mk:32: src/ExamenDePrueba1.o] Error 1
"make all" terminated with exit code 2. Build might be incomplete.
11:48:34 **** Incremental Build of configuration Debug for project ExamenDePrueba1 ****
make all 
Building file: ../src/ExamenDePrueba1.c
Invoking: GCC C Compiler
gcc -O0 -g3 -Wall -c -fmessage-length=0 -MMD -MP -MF"src/ExamenDePrueba1.d" -MT"src/ExamenDePrueba1.o" -o "src/ExamenDePrueba1.o" "../src/ExamenDePrueba1.c"
Finished building: ../src/ExamenDePrueba1.c
 
Building file: ../src/Mascotas.c
Invoking: GCC C Compiler
gcc -O0 -g3 -Wall -c -fmessage-length=0 -MMD -MP -MF"src/Mascotas.d" -MT"src/Mascotas.o" -o "src/Mascotas.o" "../src/Mascotas.c"
../src/Mascotas.c: In function ‘ordenarPorPeso’:
../src/Mascotas.c:156:23: warning: passing argument 3 of ‘getPeso’ makes pointer from integer without a cast [-Wint-conversion]
    getPeso(pRazas, i, limite);
                       ^~~~~~
In file included from ../src/Mascotas.h:10,
                 from ../src/Mascotas.c:12:
../src/Razas.h:27:44: note: expected ‘int *’ but argument is of type ‘int’
 int getPeso(Raza* pRazas, int indice, int* tamanioRaza);
                                       ~~~~~^~~~~~~~~~~
../src/Mascotas.c:159:14: error: incompatible types when assigning to type ‘int’ from type ‘Raza’ {aka ‘struct <anonymous>’}
     auxiliar = pRazas[i];
              ^
../src/Mascotas.c:161:19: error: incompatible types when assigning to type ‘Raza’ {aka ‘struct <anonymous>’} from type ‘int’
     pRazas[i + 1] = auxiliar;
                   ^
../src/Mascotas.c:148:6: warning: variable ‘flagSwap’ set but not used [-Wunused-but-set-variable]
  int flagSwap = 0;
      ^~~~~~~~
make: *** [src/subdir.mk:32: src/Mascotas.o] Error 1
"make all" terminated with exit code 2. Build might be incomplete.
11:49:49 **** Incremental Build of configuration Debug for project ExamenDePrueba1 ****
make all 
Building file: ../src/Mascotas.c
Invoking: GCC C Compiler
gcc -O0 -g3 -Wall -c -fmessage-length=0 -MMD -MP -MF"src/Mascotas.d" -MT"src/Mascotas.o" -o "src/Mascotas.o" "../src/Mascotas.c"
../src/Mascotas.c: In function ‘ordenarPorPeso’:
../src/Mascotas.c:158:24: warning: passing argument 3 of ‘getPeso’ makes pointer from integer without a cast [-Wint-conversion]
     getPeso(pRazas, i, limite);
                        ^~~~~~
In file included from ../src/Mascotas.h:10,
                 from ../src/Mascotas.c:12:
../src/Razas.h:27:44: note: expected ‘int *’ but argument is of type ‘int’
 int getPeso(Raza* pRazas, int indice, int* tamanioRaza);
                                       ~~~~~^~~~~~~~~~~
Finished building: ../src/Mascotas.c
 
Building file: ../src/Razas.c
Invoking: GCC C Compiler
gcc -O0 -g3 -Wall -c -fmessage-length=0 -MMD -MP -MF"src/Razas.d" -MT"src/Razas.o" -o "src/Razas.o" "../src/Razas.c"
Finished building: ../src/Razas.c
 
Building file: ../src/Relacion.c
Invoking: GCC C Compiler
gcc -O0 -g3 -Wall -c -fmessage-length=0 -MMD -MP -MF"src/Relacion.d" -MT"src/Relacion.o" -o "src/Relacion.o" "../src/Relacion.c"
Finished building: ../src/Relacion.c
 
Building file: ../src/utn.c
Invoking: GCC C Compiler
gcc -O0 -g3 -Wall -c -fmessage-length=0 -MMD -MP -MF"src/utn.d" -MT"src/utn.o" -o "src/utn.o" "../src/utn.c"
Finished building: ../src/utn.c
 
Building target: ExamenDePrueba1
Invoking: GCC C Linker
gcc  -o "ExamenDePrueba1"  ./src/ExamenDePrueba1.o ./src/Mascotas.o ./src/Razas.o ./src/Relacion.o ./src/utn.o   
Finished building target: ExamenDePrueba1
 
11:50:54 **** Incremental Build of configuration Debug for project ExamenDePrueba1 ****
make all 
Building file: ../src/Mascotas.c
Invoking: GCC C Compiler
gcc -O0 -g3 -Wall -c -fmessage-length=0 -MMD -MP -MF"src/Mascotas.d" -MT"src/Mascotas.o" -o "src/Mascotas.o" "../src/Mascotas.c"
../src/Mascotas.c: In function ‘ordenarPorPeso’:
../src/Mascotas.c:159:24: warning: passing argument 3 of ‘getPeso’ makes pointer from integer without a cast [-Wint-conversion]
     getPeso(pRazas, i, tamanio);
                        ^~~~~~~
In file included from ../src/Mascotas.h:10,
                 from ../src/Mascotas.c:12:
../src/Razas.h:27:44: note: expected ‘int *’ but argument is of type ‘int’
 int getPeso(Raza* pRazas, int indice, int* tamanioRaza);
                                       ~~~~~^~~~~~~~~~~
../src/Mascotas.c:159:5: warning: ‘tamanio’ may be used uninitialized in this function [-Wmaybe-uninitialized]
     getPeso(pRazas, i, tamanio);
     ^~~~~~~~~~~~~~~~~~~~~~~~~~~
Finished building: ../src/Mascotas.c
 
Building target: ExamenDePrueba1
Invoking: GCC C Linker
gcc  -o "ExamenDePrueba1"  ./src/ExamenDePrueba1.o ./src/Mascotas.o ./src/Razas.o ./src/Relacion.o ./src/utn.o   
Finished building target: ExamenDePrueba1
 
11:51:34 **** Incremental Build of configuration Debug for project ExamenDePrueba1 ****
make all 
Building file: ../src/Mascotas.c
Invoking: GCC C Compiler
gcc -O0 -g3 -Wall -c -fmessage-length=0 -MMD -MP -MF"src/Mascotas.d" -MT"src/Mascotas.o" -o "src/Mascotas.o" "../src/Mascotas.c"
Finished building: ../src/Mascotas.c
 
Building target: ExamenDePrueba1
Invoking: GCC C Linker
gcc  -o "ExamenDePrueba1"  ./src/ExamenDePrueba1.o ./src/Mascotas.o ./src/Razas.o ./src/Relacion.o ./src/utn.o   
Finished building target: ExamenDePrueba1
 
11:51:36 **** Incremental Build of configuration Debug for project ExamenDePrueba1 ****
make all 
make: No se hace nada para 'all'.
12:07:10 **** Incremental Build of configuration Debug for project ExamenDePrueba1 ****
make all 
Building file: ../src/ExamenDePrueba1.c
Invoking: GCC C Compiler
gcc -O0 -g3 -Wall -c -fmessage-length=0 -MMD -MP -MF"src/ExamenDePrueba1.d" -MT"src/ExamenDePrueba1.o" -o "src/ExamenDePrueba1.o" "../src/ExamenDePrueba1.c"
../src/ExamenDePrueba1.c: In function ‘main’:
../src/ExamenDePrueba1.c:107:5: warning: implicit declaration of function ‘altaMascota’; did you mean ‘borrarMascota’? [-Wimplicit-function-declaration]
     altaMascota(arrayMascotas, arrayRazas, buscarIndiceVacioMascota(arrayMascotas, CANT_MASCOTAS), CANT_MASCOTAS);
     ^~~~~~~~~~~
     borrarMascota
Finished building: ../src/ExamenDePrueba1.c
 
Building file: ../src/Mascotas.c
Invoking: GCC C Compiler
gcc -O0 -g3 -Wall -c -fmessage-length=0 -MMD -MP -MF"src/Mascotas.d" -MT"src/Mascotas.o" -o "src/Mascotas.o" "../src/Mascotas.c"
Finished building: ../src/Mascotas.c
 
Building file: ../src/Razas.c
Invoking: GCC C Compiler
gcc -O0 -g3 -Wall -c -fmessage-length=0 -MMD -MP -MF"src/Razas.d" -MT"src/Razas.o" -o "src/Razas.o" "../src/Razas.c"
Finished building: ../src/Razas.c
 
Building file: ../src/Relacion.c
Invoking: GCC C Compiler
gcc -O0 -g3 -Wall -c -fmessage-length=0 -MMD -MP -MF"src/Relacion.d" -MT"src/Relacion.o" -o "src/Relacion.o" "../src/Relacion.c"
../src/Relacion.c:11:17: error: unknown type name ‘Mascota’
 int altaMascota(Mascota* pMascotas, Raza* pRazas, int indice, int limiteRazas)
                 ^~~~~~~
../src/Relacion.c:11:37: error: unknown type name ‘Raza’
 int altaMascota(Mascota* pMascotas, Raza* pRazas, int indice, int limiteRazas)
                                     ^~~~
make: *** [src/subdir.mk:32: src/Relacion.o] Error 1
"make all" terminated with exit code 2. Build might be incomplete.
12:07:36 **** Incremental Build of configuration Debug for project ExamenDePrueba1 ****
make all 
Building file: ../src/Relacion.c
Invoking: GCC C Compiler
gcc -O0 -g3 -Wall -c -fmessage-length=0 -MMD -MP -MF"src/Relacion.d" -MT"src/Relacion.o" -o "src/Relacion.o" "../src/Relacion.c"
Finished building: ../src/Relacion.c
 
Building target: ExamenDePrueba1
Invoking: GCC C Linker
gcc  -o "ExamenDePrueba1"  ./src/ExamenDePrueba1.o ./src/Mascotas.o ./src/Razas.o ./src/Relacion.o ./src/utn.o   
Finished building target: ExamenDePrueba1
 
12:07:38 **** Incremental Build of configuration Debug for project ExamenDePrueba1 ****
make all 
make: No se hace nada para 'all'.
12:13:12 **** Incremental Build of configuration Debug for project ExamenDePrueba1 ****
make all 
Building file: ../src/Relacion.c
Invoking: GCC C Compiler
gcc -O0 -g3 -Wall -c -fmessage-length=0 -MMD -MP -MF"src/Relacion.d" -MT"src/Relacion.o" -o "src/Relacion.o" "../src/Relacion.c"
Finished building: ../src/Relacion.c
 
Building target: ExamenDePrueba1
Invoking: GCC C Linker
gcc  -o "ExamenDePrueba1"  ./src/ExamenDePrueba1.o ./src/Mascotas.o ./src/Razas.o ./src/Relacion.o ./src/utn.o   
Finished building target: ExamenDePrueba1
 
12:13:13 **** Incremental Build of configuration Debug for project ExamenDePrueba1 ****
make all 
make: No se hace nada para 'all'.
12:16:21 **** Incremental Build of configuration Debug for project ExamenDePrueba1 ****
make all 
Building file: ../src/Mascotas.c
Invoking: GCC C Compiler
gcc -O0 -g3 -Wall -c -fmessage-length=0 -MMD -MP -MF"src/Mascotas.d" -MT"src/Mascotas.o" -o "src/Mascotas.o" "../src/Mascotas.c"
Finished building: ../src/Mascotas.c
 
Building target: ExamenDePrueba1
Invoking: GCC C Linker
gcc  -o "ExamenDePrueba1"  ./src/ExamenDePrueba1.o ./src/Mascotas.o ./src/Razas.o ./src/Relacion.o ./src/utn.o   
Finished building target: ExamenDePrueba1
 
12:16:22 **** Incremental Build of configuration Debug for project ExamenDePrueba1 ****
make all 
make: No se hace nada para 'all'.
12:19:35 **** Incremental Build of configuration Debug for project ExamenDePrueba1 ****
make all 
Building file: ../src/ExamenDePrueba1.c
Invoking: GCC C Compiler
gcc -O0 -g3 -Wall -c -fmessage-length=0 -MMD -MP -MF"src/ExamenDePrueba1.d" -MT"src/ExamenDePrueba1.o" -o "src/ExamenDePrueba1.o" "../src/ExamenDePrueba1.c"
../src/ExamenDePrueba1.c: In function ‘main’:
../src/ExamenDePrueba1.c:107:5: warning: implicit declaration of function ‘altaMascota’; did you mean ‘borrarMascota’? [-Wimplicit-function-declaration]
     altaMascota(arrayMascotas, arrayRazas, buscarIndiceVacioMascota(arrayMascotas, CANT_MASCOTAS), CANT_MASCOTAS);
     ^~~~~~~~~~~
     borrarMascota
../src/ExamenDePrueba1.c:117:5: error: too many arguments to function ‘altaRaza’
     altaRaza(arrayRazas, buscarIndiceVacioRaza(arrayRazas, CANT_MASCOTAS), &idRazas);
     ^~~~~~~~
In file included from ../src/Mascotas.h:10,
                 from ../src/ExamenDePrueba1.c:15:
../src/Razas.h:24:5: note: declared here
 int altaRaza(Raza* pRazas, int indice);
     ^~~~~~~~
make: *** [src/subdir.mk:32: src/ExamenDePrueba1.o] Error 1
"make all" terminated with exit code 2. Build might be incomplete.
12:19:49 **** Incremental Build of configuration Debug for project ExamenDePrueba1 ****
make all 
Building file: ../src/ExamenDePrueba1.c
Invoking: GCC C Compiler
gcc -O0 -g3 -Wall -c -fmessage-length=0 -MMD -MP -MF"src/ExamenDePrueba1.d" -MT"src/ExamenDePrueba1.o" -o "src/ExamenDePrueba1.o" "../src/ExamenDePrueba1.c"
../src/ExamenDePrueba1.c: In function ‘main’:
../src/ExamenDePrueba1.c:107:5: warning: implicit declaration of function ‘altaMascota’; did you mean ‘borrarMascota’? [-Wimplicit-function-declaration]
     altaMascota(arrayMascotas, arrayRazas, buscarIndiceVacioMascota(arrayMascotas, CANT_MASCOTAS), CANT_MASCOTAS);
     ^~~~~~~~~~~
     borrarMascota
../src/ExamenDePrueba1.c:25:6: warning: unused variable ‘idRazas’ [-Wunused-variable]
  int idRazas = 0;
      ^~~~~~~
Finished building: ../src/ExamenDePrueba1.c
 
Building file: ../src/Mascotas.c
Invoking: GCC C Compiler
gcc -O0 -g3 -Wall -c -fmessage-length=0 -MMD -MP -MF"src/Mascotas.d" -MT"src/Mascotas.o" -o "src/Mascotas.o" "../src/Mascotas.c"
Finished building: ../src/Mascotas.c
 
Building file: ../src/Razas.c
Invoking: GCC C Compiler
gcc -O0 -g3 -Wall -c -fmessage-length=0 -MMD -MP -MF"src/Razas.d" -MT"src/Razas.o" -o "src/Razas.o" "../src/Razas.c"
Finished building: ../src/Razas.c
 
Building file: ../src/Relacion.c
Invoking: GCC C Compiler
gcc -O0 -g3 -Wall -c -fmessage-length=0 -MMD -MP -MF"src/Relacion.d" -MT"src/Relacion.o" -o "src/Relacion.o" "../src/Relacion.c"
Finished building: ../src/Relacion.c
 
Building target: ExamenDePrueba1
Invoking: GCC C Linker
gcc  -o "ExamenDePrueba1"  ./src/ExamenDePrueba1.o ./src/Mascotas.o ./src/Razas.o ./src/Relacion.o ./src/utn.o   
Finished building target: ExamenDePrueba1
 
12:21:07 **** Incremental Build of configuration Debug for project ExamenDePrueba1 ****
make all 
Building file: ../src/ExamenDePrueba1.c
Invoking: GCC C Compiler
gcc -O0 -g3 -Wall -c -fmessage-length=0 -MMD -MP -MF"src/ExamenDePrueba1.d" -MT"src/ExamenDePrueba1.o" -o "src/ExamenDePrueba1.o" "../src/ExamenDePrueba1.c"
Finished building: ../src/ExamenDePrueba1.c
 
Building target: ExamenDePrueba1
Invoking: GCC C Linker
gcc  -o "ExamenDePrueba1"  ./src/ExamenDePrueba1.o ./src/Mascotas.o ./src/Razas.o ./src/Relacion.o ./src/utn.o   
Finished building target: ExamenDePrueba1
 
12:21:08 **** Incremental Build of configuration Debug for project ExamenDePrueba1 ****
make all 
make: No se hace nada para 'all'.
12:25:34 **** Incremental Build of configuration Debug for project ExamenDePrueba1 ****
make all 
Building file: ../src/Relacion.c
Invoking: GCC C Compiler
gcc -O0 -g3 -Wall -c -fmessage-length=0 -MMD -MP -MF"src/Relacion.d" -MT"src/Relacion.o" -o "src/Relacion.o" "../src/Relacion.c"
Finished building: ../src/Relacion.c
 
Building target: ExamenDePrueba1
Invoking: GCC C Linker
gcc  -o "ExamenDePrueba1"  ./src/ExamenDePrueba1.o ./src/Mascotas.o ./src/Razas.o ./src/Relacion.o ./src/utn.o   
Finished building target: ExamenDePrueba1
 
12:25:35 **** Incremental Build of configuration Debug for project ExamenDePrueba1 ****
make all 
make: No se hace nada para 'all'.
12:26:27 **** Incremental Build of configuration Debug for project ExamenDePrueba1 ****
make all 
Building file: ../src/Razas.c
Invoking: GCC C Compiler
gcc -O0 -g3 -Wall -c -fmessage-length=0 -MMD -MP -MF"src/Razas.d" -MT"src/Razas.o" -o "src/Razas.o" "../src/Razas.c"
Finished building: ../src/Razas.c
 
Building target: ExamenDePrueba1
Invoking: GCC C Linker
gcc  -o "ExamenDePrueba1"  ./src/ExamenDePrueba1.o ./src/Mascotas.o ./src/Razas.o ./src/Relacion.o ./src/utn.o   
Finished building target: ExamenDePrueba1
 
12:26:28 **** Incremental Build of configuration Debug for project ExamenDePrueba1 ****
make all 
make: No se hace nada para 'all'.
12:28:31 **** Incremental Build of configuration Debug for project ExamenDePrueba1 ****
make all 
Building file: ../src/Mascotas.c
Invoking: GCC C Compiler
gcc -O0 -g3 -Wall -c -fmessage-length=0 -MMD -MP -MF"src/Mascotas.d" -MT"src/Mascotas.o" -o "src/Mascotas.o" "../src/Mascotas.c"
Finished building: ../src/Mascotas.c
 
Building file: ../src/Razas.c
Invoking: GCC C Compiler
gcc -O0 -g3 -Wall -c -fmessage-length=0 -MMD -MP -MF"src/Razas.d" -MT"src/Razas.o" -o "src/Razas.o" "../src/Razas.c"
Finished building: ../src/Razas.c
 
Building target: ExamenDePrueba1
Invoking: GCC C Linker
gcc  -o "ExamenDePrueba1"  ./src/ExamenDePrueba1.o ./src/Mascotas.o ./src/Razas.o ./src/Relacion.o ./src/utn.o   
Finished building target: ExamenDePrueba1
 
12:28:32 **** Incremental Build of configuration Debug for project ExamenDePrueba1 ****
make all 
make: No se hace nada para 'all'.
12:31:06 **** Incremental Build of configuration Debug for project ExamenDePrueba1 ****
make all 
Building file: ../src/Razas.c
Invoking: GCC C Compiler
gcc -O0 -g3 -Wall -c -fmessage-length=0 -MMD -MP -MF"src/Razas.d" -MT"src/Razas.o" -o "src/Razas.o" "../src/Razas.c"
Finished building: ../src/Razas.c
 
Building target: ExamenDePrueba1
Invoking: GCC C Linker
gcc  -o "ExamenDePrueba1"  ./src/ExamenDePrueba1.o ./src/Mascotas.o ./src/Razas.o ./src/Relacion.o ./src/utn.o   
Finished building target: ExamenDePrueba1
 
12:31:06 **** Incremental Build of configuration Debug for project ExamenDePrueba1 ****
make all 
make: No se hace nada para 'all'.
12:32:36 **** Incremental Build of configuration Debug for project ExamenDePrueba1 ****
make all 
Building file: ../src/Relacion.c
Invoking: GCC C Compiler
gcc -O0 -g3 -Wall -c -fmessage-length=0 -MMD -MP -MF"src/Relacion.d" -MT"src/Relacion.o" -o "src/Relacion.o" "../src/Relacion.c"
Finished building: ../src/Relacion.c
 
Building target: ExamenDePrueba1
Invoking: GCC C Linker
gcc  -o "ExamenDePrueba1"  ./src/ExamenDePrueba1.o ./src/Mascotas.o ./src/Razas.o ./src/Relacion.o ./src/utn.o   
Finished building target: ExamenDePrueba1
 
12:32:36 **** Incremental Build of configuration Debug for project ExamenDePrueba1 ****
make all 
make: No se hace nada para 'all'.
13:34:41 **** Incremental Build of configuration Debug for project ExamenDePrueba1 ****
make all 
make: No se hace nada para 'all'.
13:40:11 **** Incremental Build of configuration Debug for project ExamenDePrueba1 ****
make all 
Building file: ../src/Mascotas.c
Invoking: GCC C Compiler
gcc -O0 -g3 -Wall -c -fmessage-length=0 -MMD -MP -MF"src/Mascotas.d" -MT"src/Mascotas.o" -o "src/Mascotas.o" "../src/Mascotas.c"
Finished building: ../src/Mascotas.c
 
Building file: ../src/Relacion.c
Invoking: GCC C Compiler
gcc -O0 -g3 -Wall -c -fmessage-length=0 -MMD -MP -MF"src/Relacion.d" -MT"src/Relacion.o" -o "src/Relacion.o" "../src/Relacion.c"
../src/Relacion.c:54:5: error: conflicting types for ‘mostrarMascotas’
 int mostrarMascotas(Mascota* pMascotas, Raza* pRazas, int limite)
     ^~~~~~~~~~~~~~~
In file included from ../src/Relacion.c:11:
../src/Mascotas.h:29:5: note: previous declaration of ‘mostrarMascotas’ was here
 int mostrarMascotas(Mascota* pMascotas, int limite);
     ^~~~~~~~~~~~~~~
make: *** [src/subdir.mk:32: src/Relacion.o] Error 1
"make all" terminated with exit code 2. Build might be incomplete.
13:40:22 **** Incremental Build of configuration Debug for project ExamenDePrueba1 ****
make all 
Building file: ../src/ExamenDePrueba1.c
Invoking: GCC C Compiler
gcc -O0 -g3 -Wall -c -fmessage-length=0 -MMD -MP -MF"src/ExamenDePrueba1.d" -MT"src/ExamenDePrueba1.o" -o "src/ExamenDePrueba1.o" "../src/ExamenDePrueba1.c"
In file included from ../src/ExamenDePrueba1.c:17:
../src/Relacion.h:12:5: error: conflicting types for ‘mostrarMascotas’
 int mostrarMascotas(Mascota* pMascotas, Raza* pRazas, int limite);
     ^~~~~~~~~~~~~~~
In file included from ../src/ExamenDePrueba1.c:15:
../src/Mascotas.h:29:5: note: previous declaration of ‘mostrarMascotas’ was here
 int mostrarMascotas(Mascota* pMascotas, int limite);
     ^~~~~~~~~~~~~~~
../src/ExamenDePrueba1.c: In function ‘main’:
../src/ExamenDePrueba1.c:18:23: warning: passing argument 2 of ‘mostrarMascotas’ makes pointer from integer without a cast [-Wint-conversion]
 #define CANT_MASCOTAS 10
                       ^~
../src/ExamenDePrueba1.c:123:36: note: in expansion of macro ‘CANT_MASCOTAS’
     mostrarMascotas(arrayMascotas, CANT_MASCOTAS);
                                    ^~~~~~~~~~~~~
In file included from ../src/ExamenDePrueba1.c:17:
../src/Relacion.h:12:47: note: expected ‘Raza *’ {aka ‘struct <anonymous> *’} but argument is of type ‘int’
 int mostrarMascotas(Mascota* pMascotas, Raza* pRazas, int limite);
                                         ~~~~~~^~~~~~
../src/ExamenDePrueba1.c:123:5: error: too few arguments to function ‘mostrarMascotas’
     mostrarMascotas(arrayMascotas, CANT_MASCOTAS);
     ^~~~~~~~~~~~~~~
In file included from ../src/ExamenDePrueba1.c:17:
../src/Relacion.h:12:5: note: declared here
 int mostrarMascotas(Mascota* pMascotas, Raza* pRazas, int limite);
     ^~~~~~~~~~~~~~~
make: *** [src/subdir.mk:32: src/ExamenDePrueba1.o] Error 1
"make all" terminated with exit code 2. Build might be incomplete.
13:40:35 **** Incremental Build of configuration Debug for project ExamenDePrueba1 ****
make all 
Building file: ../src/ExamenDePrueba1.c
Invoking: GCC C Compiler
gcc -O0 -g3 -Wall -c -fmessage-length=0 -MMD -MP -MF"src/ExamenDePrueba1.d" -MT"src/ExamenDePrueba1.o" -o "src/ExamenDePrueba1.o" "../src/ExamenDePrueba1.c"
In file included from ../src/ExamenDePrueba1.c:17:
../src/Relacion.h:12:5: error: conflicting types for ‘mostrarMascotas’
 int mostrarMascotas(Mascota* pMascotas, Raza* pRazas, int limite);
     ^~~~~~~~~~~~~~~
In file included from ../src/ExamenDePrueba1.c:15:
../src/Mascotas.h:29:5: note: previous declaration of ‘mostrarMascotas’ was here
 int mostrarMascotas(Mascota* pMascotas, int limite);
     ^~~~~~~~~~~~~~~
make: *** [src/subdir.mk:32: src/ExamenDePrueba1.o] Error 1
"make all" terminated with exit code 2. Build might be incomplete.
13:40:52 **** Incremental Build of configuration Debug for project ExamenDePrueba1 ****
make all 
Building file: ../src/ExamenDePrueba1.c
Invoking: GCC C Compiler
gcc -O0 -g3 -Wall -c -fmessage-length=0 -MMD -MP -MF"src/ExamenDePrueba1.d" -MT"src/ExamenDePrueba1.o" -o "src/ExamenDePrueba1.o" "../src/ExamenDePrueba1.c"
In file included from ../src/ExamenDePrueba1.c:17:
../src/Relacion.h:12:5: error: conflicting types for ‘mostrarMascotas’
 int mostrarMascotas(Mascota* pMascotas, Raza* pRazas, int limite);
     ^~~~~~~~~~~~~~~
In file included from ../src/ExamenDePrueba1.c:15:
../src/Mascotas.h:29:5: note: previous declaration of ‘mostrarMascotas’ was here
 int mostrarMascotas(Mascota* pMascotas, int limite);
     ^~~~~~~~~~~~~~~
make: *** [src/subdir.mk:32: src/ExamenDePrueba1.o] Error 1
"make all" terminated with exit code 2. Build might be incomplete.
13:41:04 **** Incremental Build of configuration Debug for project ExamenDePrueba1 ****
make all 
Building file: ../src/ExamenDePrueba1.c
Invoking: GCC C Compiler
gcc -O0 -g3 -Wall -c -fmessage-length=0 -MMD -MP -MF"src/ExamenDePrueba1.d" -MT"src/ExamenDePrueba1.o" -o "src/ExamenDePrueba1.o" "../src/ExamenDePrueba1.c"
Finished building: ../src/ExamenDePrueba1.c
 
Building file: ../src/Mascotas.c
Invoking: GCC C Compiler
gcc -O0 -g3 -Wall -c -fmessage-length=0 -MMD -MP -MF"src/Mascotas.d" -MT"src/Mascotas.o" -o "src/Mascotas.o" "../src/Mascotas.c"
Finished building: ../src/Mascotas.c
 
Building file: ../src/Relacion.c
Invoking: GCC C Compiler
gcc -O0 -g3 -Wall -c -fmessage-length=0 -MMD -MP -MF"src/Relacion.d" -MT"src/Relacion.o" -o "src/Relacion.o" "../src/Relacion.c"
Finished building: ../src/Relacion.c
 
Building target: ExamenDePrueba1
Invoking: GCC C Linker
gcc  -o "ExamenDePrueba1"  ./src/ExamenDePrueba1.o ./src/Mascotas.o ./src/Razas.o ./src/Relacion.o ./src/utn.o   
Finished building target: ExamenDePrueba1
 
13:41:05 **** Incremental Build of configuration Debug for project ExamenDePrueba1 ****
make all 
make: No se hace nada para 'all'.
13:52:05 **** Incremental Build of configuration Debug for project ExamenDePrueba1 ****
make all 
Building file: ../src/ExamenDePrueba1.c
Invoking: GCC C Compiler
gcc -O0 -g3 -Wall -c -fmessage-length=0 -MMD -MP -MF"src/ExamenDePrueba1.d" -MT"src/ExamenDePrueba1.o" -o "src/ExamenDePrueba1.o" "../src/ExamenDePrueba1.c"
Finished building: ../src/ExamenDePrueba1.c
 
Building file: ../src/Mascotas.c
Invoking: GCC C Compiler
gcc -O0 -g3 -Wall -c -fmessage-length=0 -MMD -MP -MF"src/Mascotas.d" -MT"src/Mascotas.o" -o "src/Mascotas.o" "../src/Mascotas.c"
Finished building: ../src/Mascotas.c
 
Building file: ../src/Relacion.c
Invoking: GCC C Compiler
gcc -O0 -g3 -Wall -c -fmessage-length=0 -MMD -MP -MF"src/Relacion.d" -MT"src/Relacion.o" -o "src/Relacion.o" "../src/Relacion.c"
../src/Relacion.c: In function ‘altaMascota’:
../src/Relacion.c:21:6: warning: unused variable ‘idMaximo’ [-Wunused-variable]
  int idMaximo;
      ^~~~~~~~
Finished building: ../src/Relacion.c
 
Building target: ExamenDePrueba1
Invoking: GCC C Linker
gcc  -o "ExamenDePrueba1"  ./src/ExamenDePrueba1.o ./src/Mascotas.o ./src/Razas.o ./src/Relacion.o ./src/utn.o   
Finished building target: ExamenDePrueba1
 
13:52:13 **** Incremental Build of configuration Debug for project ExamenDePrueba1 ****
make all 
Building file: ../src/Relacion.c
Invoking: GCC C Compiler
gcc -O0 -g3 -Wall -c -fmessage-length=0 -MMD -MP -MF"src/Relacion.d" -MT"src/Relacion.o" -o "src/Relacion.o" "../src/Relacion.c"
Finished building: ../src/Relacion.c
 
Building target: ExamenDePrueba1
Invoking: GCC C Linker
gcc  -o "ExamenDePrueba1"  ./src/ExamenDePrueba1.o ./src/Mascotas.o ./src/Razas.o ./src/Relacion.o ./src/utn.o   
Finished building target: ExamenDePrueba1
 
13:52:14 **** Incremental Build of configuration Debug for project ExamenDePrueba1 ****
make all 
make: No se hace nada para 'all'.
14:05:11 **** Incremental Build of configuration Debug for project ExamenDePrueba1 ****
make all 
Building file: ../src/Relacion.c
Invoking: GCC C Compiler
gcc -O0 -g3 -Wall -c -fmessage-length=0 -MMD -MP -MF"src/Relacion.d" -MT"src/Relacion.o" -o "src/Relacion.o" "../src/Relacion.c"
Finished building: ../src/Relacion.c
 
Building target: ExamenDePrueba1
Invoking: GCC C Linker
gcc  -o "ExamenDePrueba1"  ./src/ExamenDePrueba1.o ./src/Mascotas.o ./src/Razas.o ./src/Relacion.o ./src/utn.o   
Finished building target: ExamenDePrueba1
 
14:05:12 **** Incremental Build of configuration Debug for project ExamenDePrueba1 ****
make all 
make: No se hace nada para 'all'.
14:08:25 **** Incremental Build of configuration Debug for project ExamenDePrueba1 ****
make all 
Building file: ../src/Razas.c
Invoking: GCC C Compiler
gcc -O0 -g3 -Wall -c -fmessage-length=0 -MMD -MP -MF"src/Razas.d" -MT"src/Razas.o" -o "src/Razas.o" "../src/Razas.c"
Finished building: ../src/Razas.c
 
Building target: ExamenDePrueba1
Invoking: GCC C Linker
gcc  -o "ExamenDePrueba1"  ./src/ExamenDePrueba1.o ./src/Mascotas.o ./src/Razas.o ./src/Relacion.o ./src/utn.o   
Finished building target: ExamenDePrueba1
 
14:08:25 **** Incremental Build of configuration Debug for project ExamenDePrueba1 ****
make all 
make: No se hace nada para 'all'.
14:14:57 **** Incremental Build of configuration Debug for project ExamenDePrueba1 ****
make all 
Building file: ../src/Relacion.c
Invoking: GCC C Compiler
gcc -O0 -g3 -Wall -c -fmessage-length=0 -MMD -MP -MF"src/Relacion.d" -MT"src/Relacion.o" -o "src/Relacion.o" "../src/Relacion.c"
Finished building: ../src/Relacion.c
 
Building target: ExamenDePrueba1
Invoking: GCC C Linker
gcc  -o "ExamenDePrueba1"  ./src/ExamenDePrueba1.o ./src/Mascotas.o ./src/Razas.o ./src/Relacion.o ./src/utn.o   
Finished building target: ExamenDePrueba1
 
14:14:58 **** Incremental Build of configuration Debug for project ExamenDePrueba1 ****
make all 
make: No se hace nada para 'all'.
14:21:30 **** Incremental Build of configuration Debug for project ExamenDePrueba1 ****
make all 
Building file: ../src/Mascotas.c
Invoking: GCC C Compiler
gcc -O0 -g3 -Wall -c -fmessage-length=0 -MMD -MP -MF"src/Mascotas.d" -MT"src/Mascotas.o" -o "src/Mascotas.o" "../src/Mascotas.c"
Finished building: ../src/Mascotas.c
 
Building target: ExamenDePrueba1
Invoking: GCC C Linker
gcc  -o "ExamenDePrueba1"  ./src/ExamenDePrueba1.o ./src/Mascotas.o ./src/Razas.o ./src/Relacion.o ./src/utn.o   
Finished building target: ExamenDePrueba1
 
14:21:31 **** Incremental Build of configuration Debug for project ExamenDePrueba1 ****
make all 
make: No se hace nada para 'all'.
14:22:57 **** Incremental Build of configuration Debug for project ExamenDePrueba1 ****
make all 
Building file: ../src/Mascotas.c
Invoking: GCC C Compiler
gcc -O0 -g3 -Wall -c -fmessage-length=0 -MMD -MP -MF"src/Mascotas.d" -MT"src/Mascotas.o" -o "src/Mascotas.o" "../src/Mascotas.c"
Finished building: ../src/Mascotas.c
 
Building target: ExamenDePrueba1
Invoking: GCC C Linker
gcc  -o "ExamenDePrueba1"  ./src/ExamenDePrueba1.o ./src/Mascotas.o ./src/Razas.o ./src/Relacion.o ./src/utn.o   
Finished building target: ExamenDePrueba1
 
14:22:58 **** Incremental Build of configuration Debug for project ExamenDePrueba1 ****
make all 
make: No se hace nada para 'all'.
14:30:33 **** Incremental Build of configuration Debug for project ExamenDePrueba1 ****
make all 
Building file: ../src/ExamenDePrueba1.c
Invoking: GCC C Compiler
gcc -O0 -g3 -Wall -c -fmessage-length=0 -MMD -MP -MF"src/ExamenDePrueba1.d" -MT"src/ExamenDePrueba1.o" -o "src/ExamenDePrueba1.o" "../src/ExamenDePrueba1.c"
In file included from ../src/ExamenDePrueba1.c:15:
../src/Mascotas.h:29:5: error: conflicting types for ‘ordenarPorPeso’
 int ordenarPorPeso(Mascota* pMascotas, Raza* pRazas, int limite);
     ^~~~~~~~~~~~~~
In file included from ../src/Mascotas.h:10,
                 from ../src/ExamenDePrueba1.c:15:
../src/Razas.h:27:5: note: previous declaration of ‘ordenarPorPeso’ was here
 int ordenarPorPeso(Raza* pRazas, int limite);
     ^~~~~~~~~~~~~~
make: *** [src/subdir.mk:32: src/ExamenDePrueba1.o] Error 1
"make all" terminated with exit code 2. Build might be incomplete.
14:30:41 **** Incremental Build of configuration Debug for project ExamenDePrueba1 ****
make all 
Building file: ../src/ExamenDePrueba1.c
Invoking: GCC C Compiler
gcc -O0 -g3 -Wall -c -fmessage-length=0 -MMD -MP -MF"src/ExamenDePrueba1.d" -MT"src/ExamenDePrueba1.o" -o "src/ExamenDePrueba1.o" "../src/ExamenDePrueba1.c"
Finished building: ../src/ExamenDePrueba1.c
 
Building file: ../src/Mascotas.c
Invoking: GCC C Compiler
gcc -O0 -g3 -Wall -c -fmessage-length=0 -MMD -MP -MF"src/Mascotas.d" -MT"src/Mascotas.o" -o "src/Mascotas.o" "../src/Mascotas.c"
../src/Mascotas.c:138:12: warning: ‘buscarMascotas’ defined but not used [-Wunused-function]
 static int buscarMascotas(Mascota* pMascota, int limite)
            ^~~~~~~~~~~~~~
Finished building: ../src/Mascotas.c
 
Building file: ../src/Razas.c
Invoking: GCC C Compiler
gcc -O0 -g3 -Wall -c -fmessage-length=0 -MMD -MP -MF"src/Razas.d" -MT"src/Razas.o" -o "src/Razas.o" "../src/Razas.c"
Finished building: ../src/Razas.c
 
Building file: ../src/Relacion.c
Invoking: GCC C Compiler
gcc -O0 -g3 -Wall -c -fmessage-length=0 -MMD -MP -MF"src/Relacion.d" -MT"src/Relacion.o" -o "src/Relacion.o" "../src/Relacion.c"
../src/Relacion.c: In function ‘borrarMascota’:
../src/Relacion.c:73:6: warning: implicit declaration of function ‘buscarMascotas’; did you mean ‘borrarMascota’? [-Wimplicit-function-declaration]
   if(buscarMascotas(pMascotas, limite) == 1)
      ^~~~~~~~~~~~~~
      borrarMascota
../src/Relacion.c:82:6: warning: implicit declaration of function ‘strncpy’ [-Wimplicit-function-declaration]
      strncpy(pMascotas[i].nombre, "", sizeof(pMascotas[i].nombre));
      ^~~~~~~
../src/Relacion.c:82:6: warning: incompatible implicit declaration of built-in function ‘strncpy’
../src/Relacion.c:82:6: note: include ‘<string.h>’ or provide a declaration of ‘strncpy’
../src/Relacion.c:12:1:
+#include <string.h>
 #include "Razas.h"
../src/Relacion.c:82:6:
      strncpy(pMascotas[i].nombre, "", sizeof(pMascotas[i].nombre));
      ^~~~~~~
../src/Relacion.c:88:21: warning: passing argument 1 of ‘ordenarPorPeso’ from incompatible pointer type [-Wincompatible-pointer-types]
      ordenarPorPeso(pMascotas, pRazas, limite);
                     ^~~~~~~~~
In file included from ../src/Mascotas.h:10,
                 from ../src/Relacion.c:11:
../src/Razas.h:27:26: note: expected ‘Raza *’ {aka ‘struct <anonymous> *’} but argument is of type ‘Mascota *’ {aka ‘struct <anonymous> *’}
 int ordenarPorPeso(Raza* pRazas, int limite);
                    ~~~~~~^~~~~~
../src/Relacion.c:88:32: warning: passing argument 2 of ‘ordenarPorPeso’ makes integer from pointer without a cast [-Wint-conversion]
      ordenarPorPeso(pMascotas, pRazas, limite);
                                ^~~~~~
In file included from ../src/Mascotas.h:10,
                 from ../src/Relacion.c:11:
../src/Razas.h:27:38: note: expected ‘int’ but argument is of type ‘Raza *’ {aka ‘struct <anonymous> *’}
 int ordenarPorPeso(Raza* pRazas, int limite);
                                  ~~~~^~~~~~
../src/Relacion.c:88:6: error: too many arguments to function ‘ordenarPorPeso’
      ordenarPorPeso(pMascotas, pRazas, limite);
      ^~~~~~~~~~~~~~
In file included from ../src/Mascotas.h:10,
                 from ../src/Relacion.c:11:
../src/Razas.h:27:5: note: declared here
 int ordenarPorPeso(Raza* pRazas, int limite);
     ^~~~~~~~~~~~~~
make: *** [src/subdir.mk:32: src/Relacion.o] Error 1
"make all" terminated with exit code 2. Build might be incomplete.
14:31:33 **** Incremental Build of configuration Debug for project ExamenDePrueba1 ****
make all 
Building file: ../src/Mascotas.c
Invoking: GCC C Compiler
gcc -O0 -g3 -Wall -c -fmessage-length=0 -MMD -MP -MF"src/Mascotas.d" -MT"src/Mascotas.o" -o "src/Mascotas.o" "../src/Mascotas.c"
Finished building: ../src/Mascotas.c
 
Building file: ../src/Relacion.c
Invoking: GCC C Compiler
gcc -O0 -g3 -Wall -c -fmessage-length=0 -MMD -MP -MF"src/Relacion.d" -MT"src/Relacion.o" -o "src/Relacion.o" "../src/Relacion.c"
../src/Relacion.c: In function ‘borrarMascota’:
../src/Relacion.c:83:6: warning: implicit declaration of function ‘strncpy’ [-Wimplicit-function-declaration]
      strncpy(pMascotas[i].nombre, "", sizeof(pMascotas[i].nombre));
      ^~~~~~~
../src/Relacion.c:83:6: warning: incompatible implicit declaration of built-in function ‘strncpy’
../src/Relacion.c:83:6: note: include ‘<string.h>’ or provide a declaration of ‘strncpy’
../src/Relacion.c:12:1:
+#include <string.h>
 #include "Razas.h"
../src/Relacion.c:83:6:
      strncpy(pMascotas[i].nombre, "", sizeof(pMascotas[i].nombre));
      ^~~~~~~
../src/Relacion.c:89:21: warning: passing argument 1 of ‘ordenarPorPeso’ from incompatible pointer type [-Wincompatible-pointer-types]
      ordenarPorPeso(pMascotas, pRazas, limite);
                     ^~~~~~~~~
In file included from ../src/Mascotas.h:10,
                 from ../src/Relacion.c:11:
../src/Razas.h:27:26: note: expected ‘Raza *’ {aka ‘struct <anonymous> *’} but argument is of type ‘Mascota *’ {aka ‘struct <anonymous> *’}
 int ordenarPorPeso(Raza* pRazas, int limite);
                    ~~~~~~^~~~~~
../src/Relacion.c:89:32: warning: passing argument 2 of ‘ordenarPorPeso’ makes integer from pointer without a cast [-Wint-conversion]
      ordenarPorPeso(pMascotas, pRazas, limite);
                                ^~~~~~
In file included from ../src/Mascotas.h:10,
                 from ../src/Relacion.c:11:
../src/Razas.h:27:38: note: expected ‘int’ but argument is of type ‘Raza *’ {aka ‘struct <anonymous> *’}
 int ordenarPorPeso(Raza* pRazas, int limite);
                                  ~~~~^~~~~~
../src/Relacion.c:89:6: error: too many arguments to function ‘ordenarPorPeso’
      ordenarPorPeso(pMascotas, pRazas, limite);
      ^~~~~~~~~~~~~~
In file included from ../src/Mascotas.h:10,
                 from ../src/Relacion.c:11:
../src/Razas.h:27:5: note: declared here
 int ordenarPorPeso(Raza* pRazas, int limite);
     ^~~~~~~~~~~~~~
make: *** [src/subdir.mk:32: src/Relacion.o] Error 1
"make all" terminated with exit code 2. Build might be incomplete.
14:32:07 **** Incremental Build of configuration Debug for project ExamenDePrueba1 ****
make all 
Building file: ../src/Relacion.c
Invoking: GCC C Compiler
gcc -O0 -g3 -Wall -c -fmessage-length=0 -MMD -MP -MF"src/Relacion.d" -MT"src/Relacion.o" -o "src/Relacion.o" "../src/Relacion.c"
Finished building: ../src/Relacion.c
 
Building target: ExamenDePrueba1
Invoking: GCC C Linker
gcc  -o "ExamenDePrueba1"  ./src/ExamenDePrueba1.o ./src/Mascotas.o ./src/Razas.o ./src/Relacion.o ./src/utn.o   
Finished building target: ExamenDePrueba1
 
14:32:08 **** Incremental Build of configuration Debug for project ExamenDePrueba1 ****
make all 
make: No se hace nada para 'all'.
14:35:34 **** Incremental Build of configuration Debug for project ExamenDePrueba1 ****
make all 
Building file: ../src/Razas.c
Invoking: GCC C Compiler
gcc -O0 -g3 -Wall -c -fmessage-length=0 -MMD -MP -MF"src/Razas.d" -MT"src/Razas.o" -o "src/Razas.o" "../src/Razas.c"
Finished building: ../src/Razas.c
 
Building file: ../src/Relacion.c
Invoking: GCC C Compiler
gcc -O0 -g3 -Wall -c -fmessage-length=0 -MMD -MP -MF"src/Relacion.d" -MT"src/Relacion.o" -o "src/Relacion.o" "../src/Relacion.c"
Finished building: ../src/Relacion.c
 
Building target: ExamenDePrueba1
Invoking: GCC C Linker
gcc  -o "ExamenDePrueba1"  ./src/ExamenDePrueba1.o ./src/Mascotas.o ./src/Razas.o ./src/Relacion.o ./src/utn.o   
Finished building target: ExamenDePrueba1
 
14:35:34 **** Incremental Build of configuration Debug for project ExamenDePrueba1 ****
make all 
make: No se hace nada para 'all'.
14:36:09 **** Incremental Build of configuration Debug for project ExamenDePrueba1 ****
make all 
make: No se hace nada para 'all'.
14:39:46 **** Incremental Build of configuration Debug for project ExamenDePrueba1 ****
make all 
Building file: ../src/Razas.c
Invoking: GCC C Compiler
gcc -O0 -g3 -Wall -c -fmessage-length=0 -MMD -MP -MF"src/Razas.d" -MT"src/Razas.o" -o "src/Razas.o" "../src/Razas.c"
../src/Razas.c:82:20: error: unknown type name ‘Mascota’
 int ordenarPorPeso(Mascota* pMascotas, Raza* pRazas, int limite)
                    ^~~~~~~
make: *** [src/subdir.mk:32: src/Razas.o] Error 1
"make all" terminated with exit code 2. Build might be incomplete.
14:40:12 **** Incremental Build of configuration Debug for project ExamenDePrueba1 ****
make all 
Building file: ../src/ExamenDePrueba1.c
Invoking: GCC C Compiler
gcc -O0 -g3 -Wall -c -fmessage-length=0 -MMD -MP -MF"src/ExamenDePrueba1.d" -MT"src/ExamenDePrueba1.o" -o "src/ExamenDePrueba1.o" "../src/ExamenDePrueba1.c"
In file included from ../src/Mascotas.h:10,
                 from ../src/ExamenDePrueba1.c:15:
../src/Razas.h:27:20: error: unknown type name ‘Mascota’
 int ordenarPorPeso(Mascota* pMascotas, Raza* pRazas, int limite);
                    ^~~~~~~
make: *** [src/subdir.mk:32: src/ExamenDePrueba1.o] Error 1
"make all" terminated with exit code 2. Build might be incomplete.
14:42:18 **** Incremental Build of configuration Debug for project ExamenDePrueba1 ****
make all 
Building file: ../src/ExamenDePrueba1.c
Invoking: GCC C Compiler
gcc -O0 -g3 -Wall -c -fmessage-length=0 -MMD -MP -MF"src/ExamenDePrueba1.d" -MT"src/ExamenDePrueba1.o" -o "src/ExamenDePrueba1.o" "../src/ExamenDePrueba1.c"
Finished building: ../src/ExamenDePrueba1.c
 
Building file: ../src/Mascotas.c
Invoking: GCC C Compiler
gcc -O0 -g3 -Wall -c -fmessage-length=0 -MMD -MP -MF"src/Mascotas.d" -MT"src/Mascotas.o" -o "src/Mascotas.o" "../src/Mascotas.c"
Finished building: ../src/Mascotas.c
 
Building file: ../src/Razas.c
Invoking: GCC C Compiler
gcc -O0 -g3 -Wall -c -fmessage-length=0 -MMD -MP -MF"src/Razas.d" -MT"src/Razas.o" -o "src/Razas.o" "../src/Razas.c"
Finished building: ../src/Razas.c
 
Building file: ../src/Relacion.c
Invoking: GCC C Compiler
gcc -O0 -g3 -Wall -c -fmessage-length=0 -MMD -MP -MF"src/Relacion.d" -MT"src/Relacion.o" -o "src/Relacion.o" "../src/Relacion.c"
../src/Relacion.c: In function ‘borrarMascota’:
../src/Relacion.c:90:6: warning: implicit declaration of function ‘ordenarPorPeso’ [-Wimplicit-function-declaration]
      ordenarPorPeso(pMascotas, pRazas, limite);
      ^~~~~~~~~~~~~~
Finished building: ../src/Relacion.c
 
Building target: ExamenDePrueba1
Invoking: GCC C Linker
gcc  -o "ExamenDePrueba1"  ./src/ExamenDePrueba1.o ./src/Mascotas.o ./src/Razas.o ./src/Relacion.o ./src/utn.o   
Finished building target: ExamenDePrueba1
 
14:43:11 **** Incremental Build of configuration Debug for project ExamenDePrueba1 ****
make all 
Building file: ../src/Relacion.c
Invoking: GCC C Compiler
gcc -O0 -g3 -Wall -c -fmessage-length=0 -MMD -MP -MF"src/Relacion.d" -MT"src/Relacion.o" -o "src/Relacion.o" "../src/Relacion.c"
In file included from ../src/Relacion.c:12:
../src/Relacion.h:11:17: error: unknown type name ‘Mascota’
 int altaMascota(Mascota* pMascotas, Raza* pRazas, int indice, int limiteRazas);
                 ^~~~~~~
../src/Relacion.h:11:37: error: unknown type name ‘Raza’
 int altaMascota(Mascota* pMascotas, Raza* pRazas, int indice, int limiteRazas);
                                     ^~~~
../src/Relacion.h:12:19: error: unknown type name ‘Mascota’
 int borrarMascota(Mascota* pMascotas, Raza* pRazas, int limite);
                   ^~~~~~~
../src/Relacion.h:12:39: error: unknown type name ‘Raza’
 int borrarMascota(Mascota* pMascotas, Raza* pRazas, int limite);
                                       ^~~~
../src/Relacion.h:13:21: error: unknown type name ‘Mascota’
 int mostrarMascotas(Mascota* pMascotas, Raza* pRazas, int limite);
                     ^~~~~~~
../src/Relacion.h:13:41: error: unknown type name ‘Raza’
 int mostrarMascotas(Mascota* pMascotas, Raza* pRazas, int limite);
                                         ^~~~
../src/Relacion.h:14:20: error: unknown type name ‘Mascota’
 int ordenarPorPeso(Mascota* pMascotas, Raza* pRazas, int limite);
                    ^~~~~~~
../src/Relacion.h:14:40: error: unknown type name ‘Raza’
 int ordenarPorPeso(Mascota* pMascotas, Raza* pRazas, int limite);
                                        ^~~~
../src/Relacion.c: In function ‘borrarMascota’:
../src/Relacion.c:91:6: warning: implicit declaration of function ‘ordenarPorPeso’ [-Wimplicit-function-declaration]
      ordenarPorPeso(pMascotas, pRazas, limite);
      ^~~~~~~~~~~~~~
make: *** [src/subdir.mk:32: src/Relacion.o] Error 1
"make all" terminated with exit code 2. Build might be incomplete.
14:43:38 **** Incremental Build of configuration Debug for project ExamenDePrueba1 ****
make all 
Building file: ../src/Mascotas.c
Invoking: GCC C Compiler
gcc -O0 -g3 -Wall -c -fmessage-length=0 -MMD -MP -MF"src/Mascotas.d" -MT"src/Mascotas.o" -o "src/Mascotas.o" "../src/Mascotas.c"
Finished building: ../src/Mascotas.c
 
Building file: ../src/Relacion.c
Invoking: GCC C Compiler
gcc -O0 -g3 -Wall -c -fmessage-length=0 -MMD -MP -MF"src/Relacion.d" -MT"src/Relacion.o" -o "src/Relacion.o" "../src/Relacion.c"
In file included from ../src/Relacion.c:12:
../src/Relacion.h:11:17: error: unknown type name ‘Mascota’
 int altaMascota(Mascota* pMascotas, Raza* pRazas, int indice, int limiteRazas);
                 ^~~~~~~
../src/Relacion.h:11:37: error: unknown type name ‘Raza’
 int altaMascota(Mascota* pMascotas, Raza* pRazas, int indice, int limiteRazas);
                                     ^~~~
../src/Relacion.h:12:19: error: unknown type name ‘Mascota’
 int borrarMascota(Mascota* pMascotas, Raza* pRazas, int limite);
                   ^~~~~~~
../src/Relacion.h:12:39: error: unknown type name ‘Raza’
 int borrarMascota(Mascota* pMascotas, Raza* pRazas, int limite);
                                       ^~~~
../src/Relacion.h:13:21: error: unknown type name ‘Mascota’
 int mostrarMascotas(Mascota* pMascotas, Raza* pRazas, int limite);
                     ^~~~~~~
../src/Relacion.h:13:41: error: unknown type name ‘Raza’
 int mostrarMascotas(Mascota* pMascotas, Raza* pRazas, int limite);
                                         ^~~~
../src/Relacion.h:14:20: error: unknown type name ‘Mascota’
 int ordenarPorPeso(Mascota* pMascotas, Raza* pRazas, int limite);
                    ^~~~~~~
../src/Relacion.h:14:40: error: unknown type name ‘Raza’
 int ordenarPorPeso(Mascota* pMascotas, Raza* pRazas, int limite);
                                        ^~~~
../src/Relacion.c: In function ‘borrarMascota’:
../src/Relacion.c:91:6: warning: implicit declaration of function ‘ordenarPorPeso’ [-Wimplicit-function-declaration]
      ordenarPorPeso(pMascotas, pRazas, limite);
      ^~~~~~~~~~~~~~
make: *** [src/subdir.mk:32: src/Relacion.o] Error 1
"make all" terminated with exit code 2. Build might be incomplete.
14:44:29 **** Incremental Build of configuration Debug for project ExamenDePrueba1 ****
make all 
Building file: ../src/Relacion.c
Invoking: GCC C Compiler
gcc -O0 -g3 -Wall -c -fmessage-length=0 -MMD -MP -MF"src/Relacion.d" -MT"src/Relacion.o" -o "src/Relacion.o" "../src/Relacion.c"
Finished building: ../src/Relacion.c
 
Building target: ExamenDePrueba1
Invoking: GCC C Linker
gcc  -o "ExamenDePrueba1"  ./src/ExamenDePrueba1.o ./src/Mascotas.o ./src/Razas.o ./src/Relacion.o ./src/utn.o   
Finished building target: ExamenDePrueba1
 
14:44:30 **** Incremental Build of configuration Debug for project ExamenDePrueba1 ****
make all 
make: No se hace nada para 'all'.
15:20:17 **** Incremental Build of configuration Debug for project ExamenDePrueba1 ****
make all 
make: No se hace nada para 'all'.
15:25:41 **** Incremental Build of configuration Debug for project ExamenDePrueba1 ****
make all 
Building file: ../src/ExamenDePrueba1.c
Invoking: GCC C Compiler
gcc -O0 -g3 -Wall -c -fmessage-length=0 -MMD -MP -MF"src/ExamenDePrueba1.d" -MT"src/ExamenDePrueba1.o" -o "src/ExamenDePrueba1.o" "../src/ExamenDePrueba1.c"
Finished building: ../src/ExamenDePrueba1.c
 
Building file: ../src/Mascotas.c
Invoking: GCC C Compiler
gcc -O0 -g3 -Wall -c -fmessage-length=0 -MMD -MP -MF"src/Mascotas.d" -MT"src/Mascotas.o" -o "src/Mascotas.o" "../src/Mascotas.c"
Finished building: ../src/Mascotas.c
 
Building file: ../src/Relacion.c
Invoking: GCC C Compiler
gcc -O0 -g3 -Wall -c -fmessage-length=0 -MMD -MP -MF"src/Relacion.d" -MT"src/Relacion.o" -o "src/Relacion.o" "../src/Relacion.c"
../src/Relacion.c: In function ‘borrarMascota’:
../src/Relacion.c:78:33: warning: passing argument 2 of ‘mostrarMascotasId’ makes pointer from integer without a cast [-Wint-conversion]
    mostrarMascotasId(pMascotas, limite);
                                 ^~~~~~
In file included from ../src/Relacion.c:14:
../src/Relacion.h:14:49: note: expected ‘Raza *’ {aka ‘struct <anonymous> *’} but argument is of type ‘int’
 int mostrarMascotasId(Mascota* pMascotas, Raza* pRazas, int limite);
                                           ~~~~~~^~~~~~
../src/Relacion.c:78:4: error: too few arguments to function ‘mostrarMascotasId’
    mostrarMascotasId(pMascotas, limite);
    ^~~~~~~~~~~~~~~~~
In file included from ../src/Relacion.c:14:
../src/Relacion.h:14:5: note: declared here
 int mostrarMascotasId(Mascota* pMascotas, Raza* pRazas, int limite);
     ^~~~~~~~~~~~~~~~~
make: *** [src/subdir.mk:32: src/Relacion.o] Error 1
"make all" terminated with exit code 2. Build might be incomplete.
15:25:52 **** Incremental Build of configuration Debug for project ExamenDePrueba1 ****
make all 
Building file: ../src/Relacion.c
Invoking: GCC C Compiler
gcc -O0 -g3 -Wall -c -fmessage-length=0 -MMD -MP -MF"src/Relacion.d" -MT"src/Relacion.o" -o "src/Relacion.o" "../src/Relacion.c"
Finished building: ../src/Relacion.c
 
Building target: ExamenDePrueba1
Invoking: GCC C Linker
gcc  -o "ExamenDePrueba1"  ./src/ExamenDePrueba1.o ./src/Mascotas.o ./src/Razas.o ./src/Relacion.o ./src/utn.o   
Finished building target: ExamenDePrueba1
 
15:25:57 **** Incremental Build of configuration Debug for project ExamenDePrueba1 ****
make all 
make: No se hace nada para 'all'.
15:30:56 **** Incremental Build of configuration Debug for project ExamenDePrueba1 ****
make all 
Building file: ../src/Relacion.c
Invoking: GCC C Compiler
gcc -O0 -g3 -Wall -c -fmessage-length=0 -MMD -MP -MF"src/Relacion.d" -MT"src/Relacion.o" -o "src/Relacion.o" "../src/Relacion.c"
Finished building: ../src/Relacion.c
 
Building target: ExamenDePrueba1
Invoking: GCC C Linker
gcc  -o "ExamenDePrueba1"  ./src/ExamenDePrueba1.o ./src/Mascotas.o ./src/Razas.o ./src/Relacion.o ./src/utn.o   
Finished building target: ExamenDePrueba1
 
15:30:56 **** Incremental Build of configuration Debug for project ExamenDePrueba1 ****
make all 
make: No se hace nada para 'all'.
15:31:27 **** Incremental Build of configuration Debug for project ExamenDePrueba1 ****
make all 
Building file: ../src/Relacion.c
Invoking: GCC C Compiler
gcc -O0 -g3 -Wall -c -fmessage-length=0 -MMD -MP -MF"src/Relacion.d" -MT"src/Relacion.o" -o "src/Relacion.o" "../src/Relacion.c"
Finished building: ../src/Relacion.c
 
Building target: ExamenDePrueba1
Invoking: GCC C Linker
gcc  -o "ExamenDePrueba1"  ./src/ExamenDePrueba1.o ./src/Mascotas.o ./src/Razas.o ./src/Relacion.o ./src/utn.o   
Finished building target: ExamenDePrueba1
 
15:31:27 **** Incremental Build of configuration Debug for project ExamenDePrueba1 ****
make all 
make: No se hace nada para 'all'.
15:33:55 **** Incremental Build of configuration Debug for project ExamenDePrueba1 ****
make all 
Building file: ../src/Relacion.c
Invoking: GCC C Compiler
gcc -O0 -g3 -Wall -c -fmessage-length=0 -MMD -MP -MF"src/Relacion.d" -MT"src/Relacion.o" -o "src/Relacion.o" "../src/Relacion.c"
Finished building: ../src/Relacion.c
 
Building target: ExamenDePrueba1
Invoking: GCC C Linker
gcc  -o "ExamenDePrueba1"  ./src/ExamenDePrueba1.o ./src/Mascotas.o ./src/Razas.o ./src/Relacion.o ./src/utn.o   
Finished building target: ExamenDePrueba1
 
15:33:56 **** Incremental Build of configuration Debug for project ExamenDePrueba1 ****
make all 
make: No se hace nada para 'all'.
15:35:15 **** Incremental Build of configuration Debug for project ExamenDePrueba1 ****
make all 
Building file: ../src/ExamenDePrueba1.c
Invoking: GCC C Compiler
gcc -O0 -g3 -Wall -c -fmessage-length=0 -MMD -MP -MF"src/ExamenDePrueba1.d" -MT"src/ExamenDePrueba1.o" -o "src/ExamenDePrueba1.o" "../src/ExamenDePrueba1.c"
Finished building: ../src/ExamenDePrueba1.c
 
Building file: ../src/Mascotas.c
Invoking: GCC C Compiler
gcc -O0 -g3 -Wall -c -fmessage-length=0 -MMD -MP -MF"src/Mascotas.d" -MT"src/Mascotas.o" -o "src/Mascotas.o" "../src/Mascotas.c"
Finished building: ../src/Mascotas.c
 
Building file: ../src/Razas.c
Invoking: GCC C Compiler
gcc -O0 -g3 -Wall -c -fmessage-length=0 -MMD -MP -MF"src/Razas.d" -MT"src/Razas.o" -o "src/Razas.o" "../src/Razas.c"
Finished building: ../src/Razas.c
 
Building file: ../src/Relacion.c
Invoking: GCC C Compiler
gcc -O0 -g3 -Wall -c -fmessage-length=0 -MMD -MP -MF"src/Relacion.d" -MT"src/Relacion.o" -o "src/Relacion.o" "../src/Relacion.c"
Finished building: ../src/Relacion.c
 
Building target: ExamenDePrueba1
Invoking: GCC C Linker
gcc  -o "ExamenDePrueba1"  ./src/ExamenDePrueba1.o ./src/Mascotas.o ./src/Razas.o ./src/Relacion.o ./src/utn.o   
Finished building target: ExamenDePrueba1
 
15:35:18 **** Incremental Build of configuration Debug for project ExamenDePrueba1 ****
make all 
make: No se hace nada para 'all'.
15:36:01 **** Incremental Build of configuration Debug for project ExamenDePrueba1 ****
make all 
Building file: ../src/ExamenDePrueba1.c
Invoking: GCC C Compiler
gcc -O0 -g3 -Wall -c -fmessage-length=0 -MMD -MP -MF"src/ExamenDePrueba1.d" -MT"src/ExamenDePrueba1.o" -o "src/ExamenDePrueba1.o" "../src/ExamenDePrueba1.c"
Finished building: ../src/ExamenDePrueba1.c
 
Building file: ../src/Mascotas.c
Invoking: GCC C Compiler
gcc -O0 -g3 -Wall -c -fmessage-length=0 -MMD -MP -MF"src/Mascotas.d" -MT"src/Mascotas.o" -o "src/Mascotas.o" "../src/Mascotas.c"
Finished building: ../src/Mascotas.c
 
Building file: ../src/Relacion.c
Invoking: GCC C Compiler
gcc -O0 -g3 -Wall -c -fmessage-length=0 -MMD -MP -MF"src/Relacion.d" -MT"src/Relacion.o" -o "src/Relacion.o" "../src/Relacion.c"
Finished building: ../src/Relacion.c
 
Building target: ExamenDePrueba1
Invoking: GCC C Linker
gcc  -o "ExamenDePrueba1"  ./src/ExamenDePrueba1.o ./src/Mascotas.o ./src/Razas.o ./src/Relacion.o ./src/utn.o   
Finished building target: ExamenDePrueba1
 
15:36:01 **** Incremental Build of configuration Debug for project ExamenDePrueba1 ****
make all 
make: No se hace nada para 'all'.
15:36:42 **** Incremental Build of configuration Debug for project ExamenDePrueba1 ****
make all 
Building file: ../src/Relacion.c
Invoking: GCC C Compiler
gcc -O0 -g3 -Wall -c -fmessage-length=0 -MMD -MP -MF"src/Relacion.d" -MT"src/Relacion.o" -o "src/Relacion.o" "../src/Relacion.c"
Finished building: ../src/Relacion.c
 
Building target: ExamenDePrueba1
Invoking: GCC C Linker
gcc  -o "ExamenDePrueba1"  ./src/ExamenDePrueba1.o ./src/Mascotas.o ./src/Razas.o ./src/Relacion.o ./src/utn.o   
Finished building target: ExamenDePrueba1
 
15:37:20 **** Incremental Build of configuration Debug for project ExamenDePrueba1 ****
make all 
Building file: ../src/Relacion.c
Invoking: GCC C Compiler
gcc -O0 -g3 -Wall -c -fmessage-length=0 -MMD -MP -MF"src/Relacion.d" -MT"src/Relacion.o" -o "src/Relacion.o" "../src/Relacion.c"
Finished building: ../src/Relacion.c
 
Building target: ExamenDePrueba1
Invoking: GCC C Linker
gcc  -o "ExamenDePrueba1"  ./src/ExamenDePrueba1.o ./src/Mascotas.o ./src/Razas.o ./src/Relacion.o ./src/utn.o   
Finished building target: ExamenDePrueba1
 
15:37:21 **** Incremental Build of configuration Debug for project ExamenDePrueba1 ****
make all 
make: No se hace nada para 'all'.
15:40:00 **** Incremental Build of configuration Debug for project ExamenDePrueba1 ****
make all 
Building file: ../src/Relacion.c
Invoking: GCC C Compiler
gcc -O0 -g3 -Wall -c -fmessage-length=0 -MMD -MP -MF"src/Relacion.d" -MT"src/Relacion.o" -o "src/Relacion.o" "../src/Relacion.c"
Finished building: ../src/Relacion.c
 
Building file: ../src/utn.c
Invoking: GCC C Compiler
gcc -O0 -g3 -Wall -c -fmessage-length=0 -MMD -MP -MF"src/utn.d" -MT"src/utn.o" -o "src/utn.o" "../src/utn.c"
Finished building: ../src/utn.c
 
Building target: ExamenDePrueba1
Invoking: GCC C Linker
gcc  -o "ExamenDePrueba1"  ./src/ExamenDePrueba1.o ./src/Mascotas.o ./src/Razas.o ./src/Relacion.o ./src/utn.o   
Finished building target: ExamenDePrueba1
 
15:40:01 **** Incremental Build of configuration Debug for project ExamenDePrueba1 ****
make all 
make: No se hace nada para 'all'.
15:41:21 **** Incremental Build of configuration Debug for project ExamenDePrueba1 ****
make all 
Building file: ../src/utn.c
Invoking: GCC C Compiler
gcc -O0 -g3 -Wall -c -fmessage-length=0 -MMD -MP -MF"src/utn.d" -MT"src/utn.o" -o "src/utn.o" "../src/utn.c"
Finished building: ../src/utn.c
 
Building target: ExamenDePrueba1
Invoking: GCC C Linker
gcc  -o "ExamenDePrueba1"  ./src/ExamenDePrueba1.o ./src/Mascotas.o ./src/Razas.o ./src/Relacion.o ./src/utn.o   
Finished building target: ExamenDePrueba1
 
15:41:21 **** Incremental Build of configuration Debug for project ExamenDePrueba1 ****
make all 
make: No se hace nada para 'all'.
15:42:02 **** Incremental Build of configuration Debug for project ExamenDePrueba1 ****
make all 
Building file: ../src/utn.c
Invoking: GCC C Compiler
gcc -O0 -g3 -Wall -c -fmessage-length=0 -MMD -MP -MF"src/utn.d" -MT"src/utn.o" -o "src/utn.o" "../src/utn.c"
Finished building: ../src/utn.c
 
Building target: ExamenDePrueba1
Invoking: GCC C Linker
gcc  -o "ExamenDePrueba1"  ./src/ExamenDePrueba1.o ./src/Mascotas.o ./src/Razas.o ./src/Relacion.o ./src/utn.o   
Finished building target: ExamenDePrueba1
 
15:42:03 **** Incremental Build of configuration Debug for project ExamenDePrueba1 ****
make all 
make: No se hace nada para 'all'.
15:42:34 **** Incremental Build of configuration Debug for project ExamenDePrueba1 ****
make all 
Building file: ../src/utn.c
Invoking: GCC C Compiler
gcc -O0 -g3 -Wall -c -fmessage-length=0 -MMD -MP -MF"src/utn.d" -MT"src/utn.o" -o "src/utn.o" "../src/utn.c"
Finished building: ../src/utn.c
 
Building target: ExamenDePrueba1
Invoking: GCC C Linker
gcc  -o "ExamenDePrueba1"  ./src/ExamenDePrueba1.o ./src/Mascotas.o ./src/Razas.o ./src/Relacion.o ./src/utn.o   
Finished building target: ExamenDePrueba1
 
15:42:34 **** Incremental Build of configuration Debug for project ExamenDePrueba1 ****
make all 
make: No se hace nada para 'all'.
15:43:34 **** Incremental Build of configuration Debug for project ExamenDePrueba1 ****
make all 
Building file: ../src/utn.c
Invoking: GCC C Compiler
gcc -O0 -g3 -Wall -c -fmessage-length=0 -MMD -MP -MF"src/utn.d" -MT"src/utn.o" -o "src/utn.o" "../src/utn.c"
Finished building: ../src/utn.c
 
Building target: ExamenDePrueba1
Invoking: GCC C Linker
gcc  -o "ExamenDePrueba1"  ./src/ExamenDePrueba1.o ./src/Mascotas.o ./src/Razas.o ./src/Relacion.o ./src/utn.o   
Finished building target: ExamenDePrueba1
 
15:43:35 **** Incremental Build of configuration Debug for project ExamenDePrueba1 ****
make all 
make: No se hace nada para 'all'.
15:44:08 **** Incremental Build of configuration Debug for project ExamenDePrueba1 ****
make all 
Building file: ../src/utn.c
Invoking: GCC C Compiler
gcc -O0 -g3 -Wall -c -fmessage-length=0 -MMD -MP -MF"src/utn.d" -MT"src/utn.o" -o "src/utn.o" "../src/utn.c"
Finished building: ../src/utn.c
 
Building target: ExamenDePrueba1
Invoking: GCC C Linker
gcc  -o "ExamenDePrueba1"  ./src/ExamenDePrueba1.o ./src/Mascotas.o ./src/Razas.o ./src/Relacion.o ./src/utn.o   
Finished building target: ExamenDePrueba1
 
15:44:09 **** Incremental Build of configuration Debug for project ExamenDePrueba1 ****
make all 
make: No se hace nada para 'all'.
15:46:51 **** Incremental Build of configuration Debug for project ExamenDePrueba1 ****
make all 
Building file: ../src/Relacion.c
Invoking: GCC C Compiler
gcc -O0 -g3 -Wall -c -fmessage-length=0 -MMD -MP -MF"src/Relacion.d" -MT"src/Relacion.o" -o "src/Relacion.o" "../src/Relacion.c"
Finished building: ../src/Relacion.c
 
Building file: ../src/utn.c
Invoking: GCC C Compiler
gcc -O0 -g3 -Wall -c -fmessage-length=0 -MMD -MP -MF"src/utn.d" -MT"src/utn.o" -o "src/utn.o" "../src/utn.c"
Finished building: ../src/utn.c
 
Building target: ExamenDePrueba1
Invoking: GCC C Linker
gcc  -o "ExamenDePrueba1"  ./src/ExamenDePrueba1.o ./src/Mascotas.o ./src/Razas.o ./src/Relacion.o ./src/utn.o   
Finished building target: ExamenDePrueba1
 
15:46:51 **** Incremental Build of configuration Debug for project ExamenDePrueba1 ****
make all 
make: No se hace nada para 'all'.
15:48:54 **** Incremental Build of configuration Debug for project ExamenDePrueba1 ****
make all 
Building file: ../src/Relacion.c
Invoking: GCC C Compiler
gcc -O0 -g3 -Wall -c -fmessage-length=0 -MMD -MP -MF"src/Relacion.d" -MT"src/Relacion.o" -o "src/Relacion.o" "../src/Relacion.c"
../src/Relacion.c: In function ‘borrarMascota’:
../src/Relacion.c:83:7: warning: ‘numeroId’ may be used uninitialized in this function [-Wmaybe-uninitialized]
     if(numeroId == pMascotas[i].idMascota)
       ^
Finished building: ../src/Relacion.c
 
Building target: ExamenDePrueba1
Invoking: GCC C Linker
gcc  -o "ExamenDePrueba1"  ./src/ExamenDePrueba1.o ./src/Mascotas.o ./src/Razas.o ./src/Relacion.o ./src/utn.o   
Finished building target: ExamenDePrueba1
 
15:48:56 **** Incremental Build of configuration Debug for project ExamenDePrueba1 ****
make all 
make: No se hace nada para 'all'.
15:49:58 **** Incremental Build of configuration Debug for project ExamenDePrueba1 ****
make all 
Building file: ../src/Relacion.c
Invoking: GCC C Compiler
gcc -O0 -g3 -Wall -c -fmessage-length=0 -MMD -MP -MF"src/Relacion.d" -MT"src/Relacion.o" -o "src/Relacion.o" "../src/Relacion.c"
../src/Relacion.c: In function ‘borrarMascota’:
../src/Relacion.c:83:7: warning: ‘numeroId’ may be used uninitialized in this function [-Wmaybe-uninitialized]
     if(numeroId == pMascotas[i].idMascota)
       ^
Finished building: ../src/Relacion.c
 
Building target: ExamenDePrueba1
Invoking: GCC C Linker
gcc  -o "ExamenDePrueba1"  ./src/ExamenDePrueba1.o ./src/Mascotas.o ./src/Razas.o ./src/Relacion.o ./src/utn.o   
Finished building target: ExamenDePrueba1
 
15:49:59 **** Incremental Build of configuration Debug for project ExamenDePrueba1 ****
make all 
make: No se hace nada para 'all'.
15:51:01 **** Incremental Build of configuration Debug for project ExamenDePrueba1 ****
make all 
Building file: ../src/Relacion.c
Invoking: GCC C Compiler
gcc -O0 -g3 -Wall -c -fmessage-length=0 -MMD -MP -MF"src/Relacion.d" -MT"src/Relacion.o" -o "src/Relacion.o" "../src/Relacion.c"
../src/Relacion.c: In function ‘borrarMascota’:
../src/Relacion.c:84:7: warning: ‘numeroId’ may be used uninitialized in this function [-Wmaybe-uninitialized]
     if(numeroId == pMascotas[i].idMascota)
       ^
Finished building: ../src/Relacion.c
 
Building target: ExamenDePrueba1
Invoking: GCC C Linker
gcc  -o "ExamenDePrueba1"  ./src/ExamenDePrueba1.o ./src/Mascotas.o ./src/Razas.o ./src/Relacion.o ./src/utn.o   
Finished building target: ExamenDePrueba1
 
15:51:01 **** Incremental Build of configuration Debug for project ExamenDePrueba1 ****
make all 
make: No se hace nada para 'all'.
15:52:37 **** Incremental Build of configuration Debug for project ExamenDePrueba1 ****
make all 
make: No se hace nada para 'all'.
15:57:49 **** Incremental Build of configuration Debug for project ExamenDePrueba1 ****
make all 
Building file: ../src/ExamenDePrueba1.c
Invoking: GCC C Compiler
gcc -O0 -g3 -Wall -c -fmessage-length=0 -MMD -MP -MF"src/ExamenDePrueba1.d" -MT"src/ExamenDePrueba1.o" -o "src/ExamenDePrueba1.o" "../src/ExamenDePrueba1.c"
Finished building: ../src/ExamenDePrueba1.c
 
Building file: ../src/Razas.c
Invoking: GCC C Compiler
gcc -O0 -g3 -Wall -c -fmessage-length=0 -MMD -MP -MF"src/Razas.d" -MT"src/Razas.o" -o "src/Razas.o" "../src/Razas.c"
Finished building: ../src/Razas.c
 
Building file: ../src/Relacion.c
Invoking: GCC C Compiler
gcc -O0 -g3 -Wall -c -fmessage-length=0 -MMD -MP -MF"src/Relacion.d" -MT"src/Relacion.o" -o "src/Relacion.o" "../src/Relacion.c"
../src/Relacion.c: In function ‘borrarMascota’:
../src/Relacion.c:84:7: warning: ‘numeroId’ may be used uninitialized in this function [-Wmaybe-uninitialized]
     if(numeroId == pMascotas[i].idMascota)
       ^
Finished building: ../src/Relacion.c
 
Building target: ExamenDePrueba1
Invoking: GCC C Linker
gcc  -o "ExamenDePrueba1"  ./src/ExamenDePrueba1.o ./src/Mascotas.o ./src/Razas.o ./src/Relacion.o ./src/utn.o   
Finished building target: ExamenDePrueba1
 
15:57:58 **** Incremental Build of configuration Debug for project ExamenDePrueba1 ****
make all 
make: No se hace nada para 'all'.
15:59:04 **** Incremental Build of configuration Debug for project ExamenDePrueba1 ****
make all 
Building file: ../src/Relacion.c
Invoking: GCC C Compiler
gcc -O0 -g3 -Wall -c -fmessage-length=0 -MMD -MP -MF"src/Relacion.d" -MT"src/Relacion.o" -o "src/Relacion.o" "../src/Relacion.c"
Finished building: ../src/Relacion.c
 
Building target: ExamenDePrueba1
Invoking: GCC C Linker
gcc  -o "ExamenDePrueba1"  ./src/ExamenDePrueba1.o ./src/Mascotas.o ./src/Razas.o ./src/Relacion.o ./src/utn.o   
Finished building target: ExamenDePrueba1
 
15:59:04 **** Incremental Build of configuration Debug for project ExamenDePrueba1 ****
make all 
make: No se hace nada para 'all'.
16:01:46 **** Incremental Build of configuration Debug for project ExamenDePrueba1 ****
make all 
Building file: ../src/ExamenDePrueba1.c
Invoking: GCC C Compiler
gcc -O0 -g3 -Wall -c -fmessage-length=0 -MMD -MP -MF"src/ExamenDePrueba1.d" -MT"src/ExamenDePrueba1.o" -o "src/ExamenDePrueba1.o" "../src/ExamenDePrueba1.c"
../src/ExamenDePrueba1.c: In function ‘main’:
../src/ExamenDePrueba1.c:33:26: warning: passing argument 1 of ‘strncpy’ makes pointer from integer without a cast [-Wint-conversion]
  strncpy(arrayMascotas[0].sexo, "femenino", sizeof(arrayMascotas[0].sexo));
          ~~~~~~~~~~~~~~~~^~~~~
In file included from ../src/ExamenDePrueba1.c:13:
/usr/include/string.h:124:14: note: expected ‘char * restrict’ but argument is of type ‘int’
 extern char *strncpy (char *__restrict __dest,
              ^~~~~~~
../src/ExamenDePrueba1.c:34:26: warning: passing argument 1 of ‘strncpy’ makes pointer from integer without a cast [-Wint-conversion]
  strncpy(arrayMascotas[0].tipo, "gato", sizeof(arrayMascotas[0].tipo));
          ~~~~~~~~~~~~~~~~^~~~~
In file included from ../src/ExamenDePrueba1.c:13:
/usr/include/string.h:124:14: note: expected ‘char * restrict’ but argument is of type ‘int’
 extern char *strncpy (char *__restrict __dest,
              ^~~~~~~
../src/ExamenDePrueba1.c:38:23: warning: passing argument 1 of ‘strncpy’ makes pointer from integer without a cast [-Wint-conversion]
  strncpy(arrayRazas[0].tamanio, "chico", sizeof(arrayRazas[0].tamanio));
          ~~~~~~~~~~~~~^~~~~~~~
In file included from ../src/ExamenDePrueba1.c:13:
/usr/include/string.h:124:14: note: expected ‘char * restrict’ but argument is of type ‘int’
 extern char *strncpy (char *__restrict __dest,
              ^~~~~~~
../src/ExamenDePrueba1.c:46:26: warning: passing argument 1 of ‘strncpy’ makes pointer from integer without a cast [-Wint-conversion]
  strncpy(arrayMascotas[1].sexo, "masculino", sizeof(arrayMascotas[0].sexo));
          ~~~~~~~~~~~~~~~~^~~~~
In file included from ../src/ExamenDePrueba1.c:13:
/usr/include/string.h:124:14: note: expected ‘char * restrict’ but argument is of type ‘int’
 extern char *strncpy (char *__restrict __dest,
              ^~~~~~~
../src/ExamenDePrueba1.c:47:26: warning: passing argument 1 of ‘strncpy’ makes pointer from integer without a cast [-Wint-conversion]
  strncpy(arrayMascotas[1].tipo, "perro", sizeof(arrayMascotas[0].tipo));
          ~~~~~~~~~~~~~~~~^~~~~
In file included from ../src/ExamenDePrueba1.c:13:
/usr/include/string.h:124:14: note: expected ‘char * restrict’ but argument is of type ‘int’
 extern char *strncpy (char *__restrict __dest,
              ^~~~~~~
../src/ExamenDePrueba1.c:51:23: warning: passing argument 1 of ‘strncpy’ makes pointer from integer without a cast [-Wint-conversion]
  strncpy(arrayRazas[1].tamanio, "grande", sizeof(arrayRazas[0].tamanio));
          ~~~~~~~~~~~~~^~~~~~~~
In file included from ../src/ExamenDePrueba1.c:13:
/usr/include/string.h:124:14: note: expected ‘char * restrict’ but argument is of type ‘int’
 extern char *strncpy (char *__restrict __dest,
              ^~~~~~~
../src/ExamenDePrueba1.c:59:26: warning: passing argument 1 of ‘strncpy’ makes pointer from integer without a cast [-Wint-conversion]
  strncpy(arrayMascotas[2].sexo, "femenino", sizeof(arrayMascotas[0].sexo));
          ~~~~~~~~~~~~~~~~^~~~~
In file included from ../src/ExamenDePrueba1.c:13:
/usr/include/string.h:124:14: note: expected ‘char * restrict’ but argument is of type ‘int’
 extern char *strncpy (char *__restrict __dest,
              ^~~~~~~
../src/ExamenDePrueba1.c:60:26: warning: passing argument 1 of ‘strncpy’ makes pointer from integer without a cast [-Wint-conversion]
  strncpy(arrayMascotas[2].tipo, "gato", sizeof(arrayMascotas[0].tipo));
          ~~~~~~~~~~~~~~~~^~~~~
In file included from ../src/ExamenDePrueba1.c:13:
/usr/include/string.h:124:14: note: expected ‘char * restrict’ but argument is of type ‘int’
 extern char *strncpy (char *__restrict __dest,
              ^~~~~~~
../src/ExamenDePrueba1.c:64:23: warning: passing argument 1 of ‘strncpy’ makes pointer from integer without a cast [-Wint-conversion]
  strncpy(arrayRazas[2].tamanio, "mediano", sizeof(arrayRazas[0].tamanio));
          ~~~~~~~~~~~~~^~~~~~~~
In file included from ../src/ExamenDePrueba1.c:13:
/usr/include/string.h:124:14: note: expected ‘char * restrict’ but argument is of type ‘int’
 extern char *strncpy (char *__restrict __dest,
              ^~~~~~~
../src/ExamenDePrueba1.c:72:26: warning: passing argument 1 of ‘strncpy’ makes pointer from integer without a cast [-Wint-conversion]
  strncpy(arrayMascotas[3].sexo, "femenino", sizeof(arrayMascotas[0].sexo));
          ~~~~~~~~~~~~~~~~^~~~~
In file included from ../src/ExamenDePrueba1.c:13:
/usr/include/string.h:124:14: note: expected ‘char * restrict’ but argument is of type ‘int’
 extern char *strncpy (char *__restrict __dest,
              ^~~~~~~
../src/ExamenDePrueba1.c:73:26: warning: passing argument 1 of ‘strncpy’ makes pointer from integer without a cast [-Wint-conversion]
  strncpy(arrayMascotas[3].tipo, "perro", sizeof(arrayMascotas[0].tipo));
          ~~~~~~~~~~~~~~~~^~~~~
In file included from ../src/ExamenDePrueba1.c:13:
/usr/include/string.h:124:14: note: expected ‘char * restrict’ but argument is of type ‘int’
 extern char *strncpy (char *__restrict __dest,
              ^~~~~~~
../src/ExamenDePrueba1.c:77:23: warning: passing argument 1 of ‘strncpy’ makes pointer from integer without a cast [-Wint-conversion]
  strncpy(arrayRazas[3].tamanio, "grande", sizeof(arrayRazas[0].tamanio));
          ~~~~~~~~~~~~~^~~~~~~~
In file included from ../src/ExamenDePrueba1.c:13:
/usr/include/string.h:124:14: note: expected ‘char * restrict’ but argument is of type ‘int’
 extern char *strncpy (char *__restrict __dest,
              ^~~~~~~
../src/ExamenDePrueba1.c:85:26: warning: passing argument 1 of ‘strncpy’ makes pointer from integer without a cast [-Wint-conversion]
  strncpy(arrayMascotas[4].sexo, "masculino", sizeof(arrayMascotas[0].sexo));
          ~~~~~~~~~~~~~~~~^~~~~
In file included from ../src/ExamenDePrueba1.c:13:
/usr/include/string.h:124:14: note: expected ‘char * restrict’ but argument is of type ‘int’
 extern char *strncpy (char *__restrict __dest,
              ^~~~~~~
../src/ExamenDePrueba1.c:86:26: warning: passing argument 1 of ‘strncpy’ makes pointer from integer without a cast [-Wint-conversion]
  strncpy(arrayMascotas[4].tipo, "gato", sizeof(arrayMascotas[0].tipo));
          ~~~~~~~~~~~~~~~~^~~~~
In file included from ../src/ExamenDePrueba1.c:13:
/usr/include/string.h:124:14: note: expected ‘char * restrict’ but argument is of type ‘int’
 extern char *strncpy (char *__restrict __dest,
              ^~~~~~~
../src/ExamenDePrueba1.c:90:23: warning: passing argument 1 of ‘strncpy’ makes pointer from integer without a cast [-Wint-conversion]
  strncpy(arrayRazas[4].tamanio, "chico", sizeof(arrayRazas[0].tamanio));
          ~~~~~~~~~~~~~^~~~~~~~
In file included from ../src/ExamenDePrueba1.c:13:
/usr/include/string.h:124:14: note: expected ‘char * restrict’ but argument is of type ‘int’
 extern char *strncpy (char *__restrict __dest,
              ^~~~~~~
../src/ExamenDePrueba1.c:26:6: warning: unused variable ‘idRazas’ [-Wunused-variable]
  int idRazas = 0;
      ^~~~~~~
../src/ExamenDePrueba1.c:33:2: warning: ‘strncpy’ output truncated copying 4 bytes from a string of length 8 [-Wstringop-truncation]
  strncpy(arrayMascotas[0].sexo, "femenino", sizeof(arrayMascotas[0].sexo));
  ^~~~~~~~~~~~~~~~~~~~~~~~~~~~~~~~~~~~~~~~~~~~~~~~~~~~~~~~~~~~~~~~~~~~~~~~~
../src/ExamenDePrueba1.c:34:2: warning: ‘strncpy’ output truncated before terminating nul copying 4 bytes from a string of the same length [-Wstringop-truncation]
  strncpy(arrayMascotas[0].tipo, "gato", sizeof(arrayMascotas[0].tipo));
  ^~~~~~~~~~~~~~~~~~~~~~~~~~~~~~~~~~~~~~~~~~~~~~~~~~~~~~~~~~~~~~~~~~~~~
../src/ExamenDePrueba1.c:38:2: warning: ‘strncpy’ output truncated copying 4 bytes from a string of length 5 [-Wstringop-truncation]
Finished building: ../src/ExamenDePrueba1.c
  strncpy(arrayRazas[0].tamanio, "chico", sizeof(arrayRazas[0].tamanio));
  ^~~~~~~~~~~~~~~~~~~~~~~~~~~~~~~~~~~~~~~~~~~~~~~~~~~~~~~~~~~~~~~~~~~~~~
../src/ExamenDePrueba1.c:46:2: warning: ‘strncpy’ output truncated copying 4 bytes from a string of length 9 [-Wstringop-truncation]
  strncpy(arrayMascotas[1].sexo, "masculino", sizeof(arrayMascotas[0].sexo));
  ^~~~~~~~~~~~~~~~~~~~~~~~~~~~~~~~~~~~~~~~~~~~~~~~~~~~~~~~~~~~~~~~~~~~~~~~~~
../src/ExamenDePrueba1.c:47:2: warning: ‘strncpy’ output truncated copying 4 bytes from a string of length 5 [-Wstringop-truncation]
  strncpy(arrayMascotas[1].tipo, "perro", sizeof(arrayMascotas[0].tipo));
  ^~~~~~~~~~~~~~~~~~~~~~~~~~~~~~~~~~~~~~~~~~~~~~~~~~~~~~~~~~~~~~~~~~~~~~
../src/ExamenDePrueba1.c:51:2: warning: ‘strncpy’ output truncated copying 4 bytes from a string of length 6 [-Wstringop-truncation]
  strncpy(arrayRazas[1].tamanio, "grande", sizeof(arrayRazas[0].tamanio));
  ^~~~~~~~~~~~~~~~~~~~~~~~~~~~~~~~~~~~~~~~~~~~~~~~~~~~~~~~~~~~~~~~~~~~~~~
 
../src/ExamenDePrueba1.c:59:2: warning: ‘strncpy’ output truncated copying 4 bytes from a string of length 8 [-Wstringop-truncation]
  strncpy(arrayMascotas[2].sexo, "femenino", sizeof(arrayMascotas[0].sexo));
  ^~~~~~~~~~~~~~~~~~~~~~~~~~~~~~~~~~~~~~~~~~~~~~~~~~~~~~~~~~~~~~~~~~~~~~~~~
Building file: ../src/Relacion.c
../src/ExamenDePrueba1.c:60:2: warning: ‘strncpy’ output truncated before terminating nul copying 4 bytes from a string of the same length [-Wstringop-truncation]
  strncpy(arrayMascotas[2].tipo, "gato", sizeof(arrayMascotas[0].tipo));
  ^~~~~~~~~~~~~~~~~~~~~~~~~~~~~~~~~~~~~~~~~~~~~~~~~~~~~~~~~~~~~~~~~~~~~
Invoking: GCC C Compiler
../src/ExamenDePrueba1.c:64:2: warning: ‘strncpy’ output truncated copying 4 bytes from a string of length 7 [-Wstringop-truncation]
  strncpy(arrayRazas[2].tamanio, "mediano", sizeof(arrayRazas[0].tamanio));
  ^~~~~~~~~~~~~~~~~~~~~~~~~~~~~~~~~~~~~~~~~~~~~~~~~~~~~~~~~~~~~~~~~~~~~~~~
gcc -O0 -g3 -Wall -c -fmessage-length=0 -MMD -MP -MF"src/Relacion.d" -MT"src/Relacion.o" -o "src/Relacion.o" "../src/Relacion.c"
../src/ExamenDePrueba1.c:72:2: warning: ‘strncpy’ output truncated copying 4 bytes from a string of length 8 [-Wstringop-truncation]
  strncpy(arrayMascotas[3].sexo, "femenino", sizeof(arrayMascotas[0].sexo));
  ^~~~~~~~~~~~~~~~~~~~~~~~~~~~~~~~~~~~~~~~~~~~~~~~~~~~~~~~~~~~~~~~~~~~~~~~~
../src/ExamenDePrueba1.c:73:2: warning: ‘strncpy’ output truncated copying 4 bytes from a string of length 5 [-Wstringop-truncation]
  strncpy(arrayMascotas[3].tipo, "perro", sizeof(arrayMascotas[0].tipo));
  ^~~~~~~~~~~~~~~~~~~~~~~~~~~~~~~~~~~~~~~~~~~~~~~~~~~~~~~~~~~~~~~~~~~~~~
../src/ExamenDePrueba1.c:77:2: warning: ‘strncpy’ output truncated copying 4 bytes from a string of length 6 [-Wstringop-truncation]
  strncpy(arrayRazas[3].tamanio, "grande", sizeof(arrayRazas[0].tamanio));
  ^~~~~~~~~~~~~~~~~~~~~~~~~~~~~~~~~~~~~~~~~~~~~~~~~~~~~~~~~~~~~~~~~~~~~~~
../src/ExamenDePrueba1.c:85:2: warning: ‘strncpy’ output truncated copying 4 bytes from a string of length 9 [-Wstringop-truncation]
  strncpy(arrayMascotas[4].sexo, "masculino", sizeof(arrayMascotas[0].sexo));
  ^~~~~~~~~~~~~~~~~~~~~~~~~~~~~~~~~~~~~~~~~~~~~~~~~~~~~~~~~~~~~~~~~~~~~~~~~~
../src/ExamenDePrueba1.c:86:2: warning: ‘strncpy’ output truncated before terminating nul copying 4 bytes from a string of the same length [-Wstringop-truncation]
  strncpy(arrayMascotas[4].tipo, "gato", sizeof(arrayMascotas[0].tipo));
  ^~~~~~~~~~~~~~~~~~~~~~~~~~~~~~~~~~~~~~~~~~~~~~~~~~~~~~~~~~~~~~~~~~~~~
../src/ExamenDePrueba1.c:90:2: warning: ‘strncpy’ output truncated copying 4 bytes from a string of length 5 [-Wstringop-truncation]
  strncpy(arrayRazas[4].tamanio, "chico", sizeof(arrayRazas[0].tamanio));
  ^~~~~~~~~~~~~~~~~~~~~~~~~~~~~~~~~~~~~~~~~~~~~~~~~~~~~~~~~~~~~~~~~~~~~~
Finished building: ../src/Relacion.c
 
Building target: ExamenDePrueba1
Invoking: GCC C Linker
gcc  -o "ExamenDePrueba1"  ./src/ExamenDePrueba1.o ./src/Mascotas.o ./src/Razas.o ./src/Relacion.o ./src/utn.o   
Finished building target: ExamenDePrueba1
 
16:02:37 **** Incremental Build of configuration Debug for project ExamenDePrueba1 ****
make all 
Building file: ../src/ExamenDePrueba1.c
Invoking: GCC C Compiler
gcc -O0 -g3 -Wall -c -fmessage-length=0 -MMD -MP -MF"src/ExamenDePrueba1.d" -MT"src/ExamenDePrueba1.o" -o "src/ExamenDePrueba1.o" "../src/ExamenDePrueba1.c"
../src/ExamenDePrueba1.c: In function ‘main’:
../src/ExamenDePrueba1.c:34:28: error: expected ‘)’ before ‘;’ token
  (arrayMascotas[0].tipo = 2;
  ~                         ^
                            )
../src/ExamenDePrueba1.c:144:22: error: expected ‘;’ before ‘}’ token
  return EXIT_SUCCESS;
                      ^
                      ;
 }
 ~                     
../src/ExamenDePrueba1.c:26:6: warning: unused variable ‘idRazas’ [-Wunused-variable]
  int idRazas = 0;
      ^~~~~~~
../src/ExamenDePrueba1.c:25:6: warning: unused variable ‘idMascotas’ [-Wunused-variable]
  int idMascotas = 0;
      ^~~~~~~~~~
../src/ExamenDePrueba1.c:24:6: warning: unused variable ‘opcionMenu’ [-Wunused-variable]
  int opcionMenu;
      ^~~~~~~~~~
make: *** [src/subdir.mk:32: src/ExamenDePrueba1.o] Error 1
"make all" terminated with exit code 2. Build might be incomplete.
16:02:46 **** Incremental Build of configuration Debug for project ExamenDePrueba1 ****
make all 
Building file: ../src/ExamenDePrueba1.c
Invoking: GCC C Compiler
gcc -O0 -g3 -Wall -c -fmessage-length=0 -MMD -MP -MF"src/ExamenDePrueba1.d" -MT"src/ExamenDePrueba1.o" -o "src/ExamenDePrueba1.o" "../src/ExamenDePrueba1.c"
../src/ExamenDePrueba1.c: In function ‘main’:
../src/ExamenDePrueba1.c:34:28: error: expected ‘)’ before ‘;’ token
  (arrayMascotas[0].tipo = 1;
  ~                         ^
                            )
../src/ExamenDePrueba1.c:144:22: error: expected ‘;’ before ‘}’ token
  return EXIT_SUCCESS;
                      ^
                      ;
 }
 ~                     
../src/ExamenDePrueba1.c:26:6: warning: unused variable ‘idRazas’ [-Wunused-variable]
  int idRazas = 0;
      ^~~~~~~
../src/ExamenDePrueba1.c:25:6: warning: unused variable ‘idMascotas’ [-Wunused-variable]
  int idMascotas = 0;
      ^~~~~~~~~~
../src/ExamenDePrueba1.c:24:6: warning: unused variable ‘opcionMenu’ [-Wunused-variable]
  int opcionMenu;
      ^~~~~~~~~~
make: *** [src/subdir.mk:32: src/ExamenDePrueba1.o] Error 1
"make all" terminated with exit code 2. Build might be incomplete.
16:02:56 **** Incremental Build of configuration Debug for project ExamenDePrueba1 ****
make all 
Building file: ../src/ExamenDePrueba1.c
Invoking: GCC C Compiler
gcc -O0 -g3 -Wall -c -fmessage-length=0 -MMD -MP -MF"src/ExamenDePrueba1.d" -MT"src/ExamenDePrueba1.o" -o "src/ExamenDePrueba1.o" "../src/ExamenDePrueba1.c"
../src/ExamenDePrueba1.c: In function ‘main’:
../src/ExamenDePrueba1.c:38:23: warning: passing argument 1 of ‘strncpy’ makes pointer from integer without a cast [-Wint-conversion]
  strncpy(arrayRazas[0].tamanio, "chico", sizeof(arrayRazas[0].tamanio));
          ~~~~~~~~~~~~~^~~~~~~~
In file included from ../src/ExamenDePrueba1.c:13:
/usr/include/string.h:124:14: note: expected ‘char * restrict’ but argument is of type ‘int’
 extern char *strncpy (char *__restrict __dest,
              ^~~~~~~
../src/ExamenDePrueba1.c:46:26: warning: passing argument 1 of ‘strncpy’ makes pointer from integer without a cast [-Wint-conversion]
  strncpy(arrayMascotas[1].sexo, "masculino", sizeof(arrayMascotas[0].sexo));
          ~~~~~~~~~~~~~~~~^~~~~
In file included from ../src/ExamenDePrueba1.c:13:
/usr/include/string.h:124:14: note: expected ‘char * restrict’ but argument is of type ‘int’
 extern char *strncpy (char *__restrict __dest,
              ^~~~~~~
../src/ExamenDePrueba1.c:47:26: warning: passing argument 1 of ‘strncpy’ makes pointer from integer without a cast [-Wint-conversion]
  strncpy(arrayMascotas[1].tipo, "perro", sizeof(arrayMascotas[0].tipo));
          ~~~~~~~~~~~~~~~~^~~~~
In file included from ../src/ExamenDePrueba1.c:13:
/usr/include/string.h:124:14: note: expected ‘char * restrict’ but argument is of type ‘int’
 extern char *strncpy (char *__restrict __dest,
              ^~~~~~~
../src/ExamenDePrueba1.c:51:23: warning: passing argument 1 of ‘strncpy’ makes pointer from integer without a cast [-Wint-conversion]
  strncpy(arrayRazas[1].tamanio, "grande", sizeof(arrayRazas[0].tamanio));
          ~~~~~~~~~~~~~^~~~~~~~
In file included from ../src/ExamenDePrueba1.c:13:
/usr/include/string.h:124:14: note: expected ‘char * restrict’ but argument is of type ‘int’
 extern char *strncpy (char *__restrict __dest,
              ^~~~~~~
../src/ExamenDePrueba1.c:59:26: warning: passing argument 1 of ‘strncpy’ makes pointer from integer without a cast [-Wint-conversion]
  strncpy(arrayMascotas[2].sexo, "femenino", sizeof(arrayMascotas[0].sexo));
          ~~~~~~~~~~~~~~~~^~~~~
In file included from ../src/ExamenDePrueba1.c:13:
/usr/include/string.h:124:14: note: expected ‘char * restrict’ but argument is of type ‘int’
 extern char *strncpy (char *__restrict __dest,
              ^~~~~~~
../src/ExamenDePrueba1.c:60:26: warning: passing argument 1 of ‘strncpy’ makes pointer from integer without a cast [-Wint-conversion]
  strncpy(arrayMascotas[2].tipo, "gato", sizeof(arrayMascotas[0].tipo));
          ~~~~~~~~~~~~~~~~^~~~~
In file included from ../src/ExamenDePrueba1.c:13:
/usr/include/string.h:124:14: note: expected ‘char * restrict’ but argument is of type ‘int’
 extern char *strncpy (char *__restrict __dest,
              ^~~~~~~
../src/ExamenDePrueba1.c:64:23: warning: passing argument 1 of ‘strncpy’ makes pointer from integer without a cast [-Wint-conversion]
  strncpy(arrayRazas[2].tamanio, "mediano", sizeof(arrayRazas[0].tamanio));
          ~~~~~~~~~~~~~^~~~~~~~
In file included from ../src/ExamenDePrueba1.c:13:
/usr/include/string.h:124:14: note: expected ‘char * restrict’ but argument is of type ‘int’
 extern char *strncpy (char *__restrict __dest,
              ^~~~~~~
../src/ExamenDePrueba1.c:72:26: warning: passing argument 1 of ‘strncpy’ makes pointer from integer without a cast [-Wint-conversion]
  strncpy(arrayMascotas[3].sexo, "femenino", sizeof(arrayMascotas[0].sexo));
          ~~~~~~~~~~~~~~~~^~~~~
In file included from ../src/ExamenDePrueba1.c:13:
/usr/include/string.h:124:14: note: expected ‘char * restrict’ but argument is of type ‘int’
 extern char *strncpy (char *__restrict __dest,
              ^~~~~~~
../src/ExamenDePrueba1.c:73:26: warning: passing argument 1 of ‘strncpy’ makes pointer from integer without a cast [-Wint-conversion]
  strncpy(arrayMascotas[3].tipo, "perro", sizeof(arrayMascotas[0].tipo));
          ~~~~~~~~~~~~~~~~^~~~~
In file included from ../src/ExamenDePrueba1.c:13:
/usr/include/string.h:124:14: note: expected ‘char * restrict’ but argument is of type ‘int’
 extern char *strncpy (char *__restrict __dest,
              ^~~~~~~
../src/ExamenDePrueba1.c:77:23: warning: passing argument 1 of ‘strncpy’ makes pointer from integer without a cast [-Wint-conversion]
  strncpy(arrayRazas[3].tamanio, "grande", sizeof(arrayRazas[0].tamanio));
          ~~~~~~~~~~~~~^~~~~~~~
In file included from ../src/ExamenDePrueba1.c:13:
/usr/include/string.h:124:14: note: expected ‘char * restrict’ but argument is of type ‘int’
 extern char *strncpy (char *__restrict __dest,
              ^~~~~~~
../src/ExamenDePrueba1.c:85:26: warning: passing argument 1 of ‘strncpy’ makes pointer from integer without a cast [-Wint-conversion]
  strncpy(arrayMascotas[4].sexo, "masculino", sizeof(arrayMascotas[0].sexo));
          ~~~~~~~~~~~~~~~~^~~~~
In file included from ../src/ExamenDePrueba1.c:13:
/usr/include/string.h:124:14: note: expected ‘char * restrict’ but argument is of type ‘int’
 extern char *strncpy (char *__restrict __dest,
              ^~~~~~~
../src/ExamenDePrueba1.c:86:26: warning: passing argument 1 of ‘strncpy’ makes pointer from integer without a cast [-Wint-conversion]
  strncpy(arrayMascotas[4].tipo, "gato", sizeof(arrayMascotas[0].tipo));
          ~~~~~~~~~~~~~~~~^~~~~
In file included from ../src/ExamenDePrueba1.c:13:
/usr/include/string.h:124:14: note: expected ‘char * restrict’ but argument is of type ‘int’
 extern char *strncpy (char *__restrict __dest,
              ^~~~~~~
../src/ExamenDePrueba1.c:90:23: warning: passing argument 1 of ‘strncpy’ makes pointer from integer without a cast [-Wint-conversion]
  strncpy(arrayRazas[4].tamanio, "chico", sizeof(arrayRazas[0].tamanio));
          ~~~~~~~~~~~~~^~~~~~~~
In file included from ../src/ExamenDePrueba1.c:13:
/usr/include/string.h:124:14: note: expected ‘char * restrict’ but argument is of type ‘int’
 extern char *strncpy (char *__restrict __dest,
              ^~~~~~~
../src/ExamenDePrueba1.c:26:6: warning: unused variable ‘idRazas’ [-Wunused-variable]
  int idRazas = 0;
      ^~~~~~~
../src/ExamenDePrueba1.c:38:2: warning: ‘strncpy’ output truncated copying 4 bytes from a string of length 5 [-Wstringop-truncation]
  strncpy(arrayRazas[0].tamanio, "chico", sizeof(arrayRazas[0].tamanio));
  ^~~~~~~~~~~~~~~~~~~~~~~~~~~~~~~~~~~~~~~~~~~~~~~~~~~~~~~~~~~~~~~~~~~~~~
../src/ExamenDePrueba1.c:46:2: warning: ‘strncpy’ output truncated copying 4 bytes from a string of length 9 [-Wstringop-truncation]
  strncpy(arrayMascotas[1].sexo, "masculino", sizeof(arrayMascotas[0].sexo));
  ^~~~~~~~~~~~~~~~~~~~~~~~~~~~~~~~~~~~~~~~~~~~~~~~~~~~~~~~~~~~~~~~~~~~~~~~~~
../src/ExamenDePrueba1.c:47:2: warning: ‘strncpy’ output truncated copying 4 bytes from a string of length 5 [-Wstringop-truncation]
  strncpy(arrayMascotas[1].tipo, "perro", sizeof(arrayMascotas[0].tipo));
  ^~~~~~~~~~~~~~~~~~~~~~~~~~~~~~~~~~~~~~~~~~~~~~~~~~~~~~~~~~~~~~~~~~~~~~
../src/ExamenDePrueba1.c:51:2: warning: ‘strncpy’ output truncated copying 4 bytes from a string of length 6 [-Wstringop-truncation]
  strncpy(arrayRazas[1].tamanio, "grande", sizeof(arrayRazas[0].tamanio));
  ^~~~~~~~~~~~~~~~~~~~~~~~~~~~~~~~~~~~~~~~~~~~~~~~~~~~~~~~~~~~~~~~~~~~~~~
../src/ExamenDePrueba1.c:59:2: warning: ‘strncpy’ output truncated copying 4 bytes from a string of length 8 [-Wstringop-truncation]
  strncpy(arrayMascotas[2].sexo, "femenino", sizeof(arrayMascotas[0].sexo));
  ^~~~~~~~~~~~~~~~~~~~~~~~~~~~~~~~~~~~~~~~~~~~~~~~~~~~~~~~~~~~~~~~~~~~~~~~~
../src/ExamenDePrueba1.c:60:2: warning: ‘strncpy’ output truncated before terminating nul copying 4 bytes from a string of the same length [-Wstringop-truncation]
  strncpy(arrayMascotas[2].tipo, "gato", sizeof(arrayMascotas[0].tipo));
  ^~~~~~~~~~~~~~~~~~~~~~~~~~~~~~~~~~~~~~~~~~~~~~~~~~~~~~~~~~~~~~~~~~~~~
../src/ExamenDePrueba1.c:64:2: warning: ‘strncpy’ output truncated copying 4 bytes from a string of length 7 [-Wstringop-truncation]
  strncpy(arrayRazas[2].tamanio, "mediano", sizeof(arrayRazas[0].tamanio));
  ^~~~~~~~~~~~~~~~~~~~~~~~~~~~~~~~~~~~~~~~~~~~~~~~~~~~~~~~~~~~~~~~~~~~~~~~
Finished building: ../src/ExamenDePrueba1.c
../src/ExamenDePrueba1.c:72:2: warning: ‘strncpy’ output truncated copying 4 bytes from a string of length 8 [-Wstringop-truncation]
  strncpy(arrayMascotas[3].sexo, "femenino", sizeof(arrayMascotas[0].sexo));
  ^~~~~~~~~~~~~~~~~~~~~~~~~~~~~~~~~~~~~~~~~~~~~~~~~~~~~~~~~~~~~~~~~~~~~~~~~
 
../src/ExamenDePrueba1.c:73:2: warning: ‘strncpy’ output truncated copying 4 bytes from a string of length 5 [-Wstringop-truncation]
  strncpy(arrayMascotas[3].tipo, "perro", sizeof(arrayMascotas[0].tipo));
  ^~~~~~~~~~~~~~~~~~~~~~~~~~~~~~~~~~~~~~~~~~~~~~~~~~~~~~~~~~~~~~~~~~~~~~
Building target: ExamenDePrueba1
../src/ExamenDePrueba1.c:77:2: warning: ‘strncpy’ output truncated copying 4 bytes from a string of length 6 [-Wstringop-truncation]
  strncpy(arrayRazas[3].tamanio, "grande", sizeof(arrayRazas[0].tamanio));
  ^~~~~~~~~~~~~~~~~~~~~~~~~~~~~~~~~~~~~~~~~~~~~~~~~~~~~~~~~~~~~~~~~~~~~~~
../src/ExamenDePrueba1.c:85:2: warning: ‘strncpy’ output truncated copying 4 bytes from a string of length 9 [-Wstringop-truncation]
  strncpy(arrayMascotas[4].sexo, "masculino", sizeof(arrayMascotas[0].sexo));
  ^~~~~~~~~~~~~~~~~~~~~~~~~~~~~~~~~~~~~~~~~~~~~~~~~~~~~~~~~~~~~~~~~~~~~~~~~~
../src/ExamenDePrueba1.c:86:2: warning: ‘strncpy’ output truncated before terminating nul copying 4 bytes from a string of the same length [-Wstringop-truncation]
  strncpy(arrayMascotas[4].tipo, "gato", sizeof(arrayMascotas[0].tipo));
  ^~~~~~~~~~~~~~~~~~~~~~~~~~~~~~~~~~~~~~~~~~~~~~~~~~~~~~~~~~~~~~~~~~~~~
../src/ExamenDePrueba1.c:90:2: warning: ‘strncpy’ output truncated copying 4 bytes from a string of length 5 [-Wstringop-truncation]
  strncpy(arrayRazas[4].tamanio, "chico", sizeof(arrayRazas[0].tamanio));
  ^~~~~~~~~~~~~~~~~~~~~~~~~~~~~~~~~~~~~~~~~~~~~~~~~~~~~~~~~~~~~~~~~~~~~~
Invoking: GCC C Linker
gcc  -o "ExamenDePrueba1"  ./src/ExamenDePrueba1.o ./src/Mascotas.o ./src/Razas.o ./src/Relacion.o ./src/utn.o   
Finished building target: ExamenDePrueba1
 
16:04:59 **** Incremental Build of configuration Debug for project ExamenDePrueba1 ****
make all 
Building file: ../src/ExamenDePrueba1.c
Invoking: GCC C Compiler
gcc -O0 -g3 -Wall -c -fmessage-length=0 -MMD -MP -MF"src/ExamenDePrueba1.d" -MT"src/ExamenDePrueba1.o" -o "src/ExamenDePrueba1.o" "../src/ExamenDePrueba1.c"
../src/ExamenDePrueba1.c: In function ‘main’:
../src/ExamenDePrueba1.c:86:28: error: expected ‘)’ before ‘;’ token
  (arrayMascotas[4].tipo = 2;
  ~                         ^
                            )
../src/ExamenDePrueba1.c:144:22: error: expected ‘;’ before ‘}’ token
  return EXIT_SUCCESS;
                      ^
                      ;
 }
 ~                     
../src/ExamenDePrueba1.c:26:6: warning: unused variable ‘idRazas’ [-Wunused-variable]
  int idRazas = 0;
      ^~~~~~~
../src/ExamenDePrueba1.c:24:6: warning: unused variable ‘opcionMenu’ [-Wunused-variable]
  int opcionMenu;
      ^~~~~~~~~~
make: *** [src/subdir.mk:32: src/ExamenDePrueba1.o] Error 1
"make all" terminated with exit code 2. Build might be incomplete.
16:05:08 **** Incremental Build of configuration Debug for project ExamenDePrueba1 ****
make all 
Building file: ../src/ExamenDePrueba1.c
Invoking: GCC C Compiler
gcc -O0 -g3 -Wall -c -fmessage-length=0 -MMD -MP -MF"src/ExamenDePrueba1.d" -MT"src/ExamenDePrueba1.o" -o "src/ExamenDePrueba1.o" "../src/ExamenDePrueba1.c"
../src/ExamenDePrueba1.c: In function ‘main’:
../src/ExamenDePrueba1.c:26:6: warning: unused variable ‘idRazas’ [-Wunused-variable]
  int idRazas = 0;
      ^~~~~~~
Finished building: ../src/ExamenDePrueba1.c
 
Building target: ExamenDePrueba1
Invoking: GCC C Linker
gcc  -o "ExamenDePrueba1"  ./src/ExamenDePrueba1.o ./src/Mascotas.o ./src/Razas.o ./src/Relacion.o ./src/utn.o   
Finished building target: ExamenDePrueba1
 
16:06:01 **** Incremental Build of configuration Debug for project ExamenDePrueba1 ****
make all 
make: No se hace nada para 'all'.
16:09:27 **** Incremental Build of configuration Debug for project ExamenDePrueba1 ****
make all 
Building file: ../src/ExamenDePrueba1.c
Invoking: GCC C Compiler
gcc -O0 -g3 -Wall -c -fmessage-length=0 -MMD -MP -MF"src/ExamenDePrueba1.d" -MT"src/ExamenDePrueba1.o" -o "src/ExamenDePrueba1.o" "../src/ExamenDePrueba1.c"
In file included from ../src/ExamenDePrueba1.c:15:
../src/Relacion.h:11:17: error: unknown type name ‘Mascota’
 int altaMascota(Mascota* pMascotas, Raza* pRazas, int indice, int limiteRazas);
                 ^~~~~~~
../src/Relacion.h:11:37: error: unknown type name ‘Raza’
 int altaMascota(Mascota* pMascotas, Raza* pRazas, int indice, int limiteRazas);
                                     ^~~~
../src/Relacion.h:12:19: error: unknown type name ‘Mascota’
 int borrarMascota(Mascota* pMascotas, Raza* pRazas, int limite);
                   ^~~~~~~
../src/Relacion.h:12:39: error: unknown type name ‘Raza’
 int borrarMascota(Mascota* pMascotas, Raza* pRazas, int limite);
                                       ^~~~
../src/Relacion.h:13:21: error: unknown type name ‘Mascota’
 int mostrarMascotas(Mascota* pMascotas, Raza* pRazas, int limite);
                     ^~~~~~~
../src/Relacion.h:13:41: error: unknown type name ‘Raza’
 int mostrarMascotas(Mascota* pMascotas, Raza* pRazas, int limite);
                                         ^~~~
../src/Relacion.h:14:23: error: unknown type name ‘Mascota’
 int mostrarMascotasId(Mascota* pMascotas, Raza* pRazas, int limite);
                       ^~~~~~~
../src/Relacion.h:14:43: error: unknown type name ‘Raza’
 int mostrarMascotasId(Mascota* pMascotas, Raza* pRazas, int limite);
                                           ^~~~
../src/Relacion.h:15:20: error: unknown type name ‘Mascota’
 int ordenarPorPeso(Mascota* pMascotas, Raza* pRazas, int limite);
                    ^~~~~~~
../src/Relacion.h:15:40: error: unknown type name ‘Raza’
 int ordenarPorPeso(Mascota* pMascotas, Raza* pRazas, int limite);
                                        ^~~~
../src/ExamenDePrueba1.c: In function ‘main’:
../src/ExamenDePrueba1.c:108:5: warning: implicit declaration of function ‘altaMascota’; did you mean ‘altaRaza’? [-Wimplicit-function-declaration]
     altaMascota(arrayMascotas, arrayRazas, buscarIndiceVacioMascota(arrayMascotas, CANT_MASCOTAS), CANT_MASCOTAS);
     ^~~~~~~~~~~
     altaRaza
../src/ExamenDePrueba1.c:113:5: warning: implicit declaration of function ‘borrarMascota’ [-Wimplicit-function-declaration]
     borrarMascota(arrayMascotas, arrayRazas, CANT_MASCOTAS);
     ^~~~~~~~~~~~~
../src/ExamenDePrueba1.c:123:5: warning: implicit declaration of function ‘mostrarMascotas’; did you mean ‘mostrarRazas’? [-Wimplicit-function-declaration]
     mostrarMascotas(arrayMascotas, arrayRazas, CANT_MASCOTAS);
     ^~~~~~~~~~~~~~~
     mostrarRazas
../src/ExamenDePrueba1.c:26:6: warning: unused variable ‘idRazas’ [-Wunused-variable]
  int idRazas = 0;
      ^~~~~~~
make: *** [src/subdir.mk:32: src/ExamenDePrueba1.o] Error 1
"make all" terminated with exit code 2. Build might be incomplete.
16:09:28 **** Incremental Build of configuration Debug for project ExamenDePrueba1 ****
make all 
Building file: ../src/ExamenDePrueba1.c
Invoking: GCC C Compiler
gcc -O0 -g3 -Wall -c -fmessage-length=0 -MMD -MP -MF"src/ExamenDePrueba1.d" -MT"src/ExamenDePrueba1.o" -o "src/ExamenDePrueba1.o" "../src/ExamenDePrueba1.c"
In file included from ../src/ExamenDePrueba1.c:15:
../src/Relacion.h:11:17: error: unknown type name ‘Mascota’
 int altaMascota(Mascota* pMascotas, Raza* pRazas, int indice, int limiteRazas);
                 ^~~~~~~
../src/Relacion.h:11:37: error: unknown type name ‘Raza’
 int altaMascota(Mascota* pMascotas, Raza* pRazas, int indice, int limiteRazas);
                                     ^~~~
../src/Relacion.h:12:19: error: unknown type name ‘Mascota’
 int borrarMascota(Mascota* pMascotas, Raza* pRazas, int limite);
                   ^~~~~~~
../src/Relacion.h:12:39: error: unknown type name ‘Raza’
 int borrarMascota(Mascota* pMascotas, Raza* pRazas, int limite);
                                       ^~~~
../src/Relacion.h:13:21: error: unknown type name ‘Mascota’
 int mostrarMascotas(Mascota* pMascotas, Raza* pRazas, int limite);
                     ^~~~~~~
../src/Relacion.h:13:41: error: unknown type name ‘Raza’
 int mostrarMascotas(Mascota* pMascotas, Raza* pRazas, int limite);
                                         ^~~~
../src/Relacion.h:14:23: error: unknown type name ‘Mascota’
 int mostrarMascotasId(Mascota* pMascotas, Raza* pRazas, int limite);
                       ^~~~~~~
../src/Relacion.h:14:43: error: unknown type name ‘Raza’
 int mostrarMascotasId(Mascota* pMascotas, Raza* pRazas, int limite);
                                           ^~~~
../src/Relacion.h:15:20: error: unknown type name ‘Mascota’
 int ordenarPorPeso(Mascota* pMascotas, Raza* pRazas, int limite);
                    ^~~~~~~
../src/Relacion.h:15:40: error: unknown type name ‘Raza’
 int ordenarPorPeso(Mascota* pMascotas, Raza* pRazas, int limite);
                                        ^~~~
../src/ExamenDePrueba1.c: In function ‘main’:
../src/ExamenDePrueba1.c:108:5: warning: implicit declaration of function ‘altaMascota’; did you mean ‘altaRaza’? [-Wimplicit-function-declaration]
     altaMascota(arrayMascotas, arrayRazas, buscarIndiceVacioMascota(arrayMascotas, CANT_MASCOTAS), CANT_MASCOTAS);
     ^~~~~~~~~~~
     altaRaza
../src/ExamenDePrueba1.c:113:5: warning: implicit declaration of function ‘borrarMascota’ [-Wimplicit-function-declaration]
     borrarMascota(arrayMascotas, arrayRazas, CANT_MASCOTAS);
     ^~~~~~~~~~~~~
../src/ExamenDePrueba1.c:123:5: warning: implicit declaration of function ‘mostrarMascotas’; did you mean ‘mostrarRazas’? [-Wimplicit-function-declaration]
     mostrarMascotas(arrayMascotas, arrayRazas, CANT_MASCOTAS);
     ^~~~~~~~~~~~~~~
     mostrarRazas
../src/ExamenDePrueba1.c:26:6: warning: unused variable ‘idRazas’ [-Wunused-variable]
  int idRazas = 0;
      ^~~~~~~
make: *** [src/subdir.mk:32: src/ExamenDePrueba1.o] Error 1
"make all" terminated with exit code 2. Build might be incomplete.
16:09:53 **** Incremental Build of configuration Debug for project ExamenDePrueba1 ****
make all 
Building file: ../src/ExamenDePrueba1.c
Invoking: GCC C Compiler
gcc -O0 -g3 -Wall -c -fmessage-length=0 -MMD -MP -MF"src/ExamenDePrueba1.d" -MT"src/ExamenDePrueba1.o" -o "src/ExamenDePrueba1.o" "../src/ExamenDePrueba1.c"
In file included from ../src/ExamenDePrueba1.c:15:
../src/Relacion.h:11:17: error: unknown type name ‘Mascota’
 int altaMascota(Mascota* pMascotas, Raza* pRazas, int indice, int limiteRazas);
                 ^~~~~~~
../src/Relacion.h:11:37: error: unknown type name ‘Raza’
 int altaMascota(Mascota* pMascotas, Raza* pRazas, int indice, int limiteRazas);
                                     ^~~~
../src/Relacion.h:12:19: error: unknown type name ‘Mascota’
 int borrarMascota(Mascota* pMascotas, Raza* pRazas, int limite);
                   ^~~~~~~
../src/Relacion.h:12:39: error: unknown type name ‘Raza’
 int borrarMascota(Mascota* pMascotas, Raza* pRazas, int limite);
                                       ^~~~
../src/Relacion.h:13:21: error: unknown type name ‘Mascota’
 int mostrarMascotas(Mascota* pMascotas, Raza* pRazas, int limite);
                     ^~~~~~~
../src/Relacion.h:13:41: error: unknown type name ‘Raza’
 int mostrarMascotas(Mascota* pMascotas, Raza* pRazas, int limite);
                                         ^~~~
../src/Relacion.h:14:23: error: unknown type name ‘Mascota’
 int mostrarMascotasId(Mascota* pMascotas, Raza* pRazas, int limite);
                       ^~~~~~~
../src/Relacion.h:14:43: error: unknown type name ‘Raza’
 int mostrarMascotasId(Mascota* pMascotas, Raza* pRazas, int limite);
                                           ^~~~
../src/Relacion.h:15:20: error: unknown type name ‘Mascota’
 int ordenarPorPeso(Mascota* pMascotas, Raza* pRazas, int limite);
                    ^~~~~~~
../src/Relacion.h:15:40: error: unknown type name ‘Raza’
 int ordenarPorPeso(Mascota* pMascotas, Raza* pRazas, int limite);
                                        ^~~~
../src/ExamenDePrueba1.c: In function ‘main’:
../src/ExamenDePrueba1.c:108:5: warning: implicit declaration of function ‘altaMascota’; did you mean ‘altaRaza’? [-Wimplicit-function-declaration]
     altaMascota(arrayMascotas, arrayRazas, buscarIndiceVacioMascota(arrayMascotas, CANT_MASCOTAS), CANT_MASCOTAS);
     ^~~~~~~~~~~
     altaRaza
../src/ExamenDePrueba1.c:113:5: warning: implicit declaration of function ‘borrarMascota’ [-Wimplicit-function-declaration]
     borrarMascota(arrayMascotas, arrayRazas, CANT_MASCOTAS);
     ^~~~~~~~~~~~~
../src/ExamenDePrueba1.c:123:5: warning: implicit declaration of function ‘mostrarMascotas’; did you mean ‘mostrarRazas’? [-Wimplicit-function-declaration]
     mostrarMascotas(arrayMascotas, arrayRazas, CANT_MASCOTAS);
     ^~~~~~~~~~~~~~~
     mostrarRazas
../src/ExamenDePrueba1.c:26:6: warning: unused variable ‘idRazas’ [-Wunused-variable]
  int idRazas = 0;
      ^~~~~~~
make: *** [src/subdir.mk:32: src/ExamenDePrueba1.o] Error 1
"make all" terminated with exit code 2. Build might be incomplete.
16:10:22 **** Incremental Build of configuration Debug for project ExamenDePrueba1 ****
make all 
Building file: ../src/ExamenDePrueba1.c
Invoking: GCC C Compiler
gcc -O0 -g3 -Wall -c -fmessage-length=0 -MMD -MP -MF"src/ExamenDePrueba1.d" -MT"src/ExamenDePrueba1.o" -o "src/ExamenDePrueba1.o" "../src/ExamenDePrueba1.c"
In file included from ../src/ExamenDePrueba1.c:15:
../src/Relacion.h:11:17: error: unknown type name ‘Mascota’
 int altaMascota(Mascota* pMascotas, Raza* pRazas, int indice, int limiteRazas);
                 ^~~~~~~
../src/Relacion.h:11:37: error: unknown type name ‘Raza’
 int altaMascota(Mascota* pMascotas, Raza* pRazas, int indice, int limiteRazas);
                                     ^~~~
../src/Relacion.h:12:19: error: unknown type name ‘Mascota’
 int borrarMascota(Mascota* pMascotas, Raza* pRazas, int limite);
                   ^~~~~~~
../src/Relacion.h:12:39: error: unknown type name ‘Raza’
 int borrarMascota(Mascota* pMascotas, Raza* pRazas, int limite);
                                       ^~~~
../src/Relacion.h:13:21: error: unknown type name ‘Mascota’
 int mostrarMascotas(Mascota* pMascotas, Raza* pRazas, int limite);
                     ^~~~~~~
../src/Relacion.h:13:41: error: unknown type name ‘Raza’
 int mostrarMascotas(Mascota* pMascotas, Raza* pRazas, int limite);
                                         ^~~~
../src/Relacion.h:14:23: error: unknown type name ‘Mascota’
 int mostrarMascotasId(Mascota* pMascotas, Raza* pRazas, int limite);
                       ^~~~~~~
../src/Relacion.h:14:43: error: unknown type name ‘Raza’
 int mostrarMascotasId(Mascota* pMascotas, Raza* pRazas, int limite);
                                           ^~~~
../src/Relacion.h:15:20: error: unknown type name ‘Mascota’
 int ordenarPorPeso(Mascota* pMascotas, Raza* pRazas, int limite);
                    ^~~~~~~
../src/Relacion.h:15:40: error: unknown type name ‘Raza’
 int ordenarPorPeso(Mascota* pMascotas, Raza* pRazas, int limite);
                                        ^~~~
../src/ExamenDePrueba1.c: In function ‘main’:
../src/ExamenDePrueba1.c:108:5: warning: implicit declaration of function ‘altaMascota’; did you mean ‘altaRaza’? [-Wimplicit-function-declaration]
     altaMascota(arrayMascotas, arrayRazas, buscarIndiceVacioMascota(arrayMascotas, CANT_MASCOTAS), CANT_MASCOTAS);
     ^~~~~~~~~~~
     altaRaza
../src/ExamenDePrueba1.c:113:5: warning: implicit declaration of function ‘borrarMascota’ [-Wimplicit-function-declaration]
     borrarMascota(arrayMascotas, arrayRazas, CANT_MASCOTAS);
     ^~~~~~~~~~~~~
../src/ExamenDePrueba1.c:123:5: warning: implicit declaration of function ‘mostrarMascotas’; did you mean ‘mostrarRazas’? [-Wimplicit-function-declaration]
     mostrarMascotas(arrayMascotas, arrayRazas, CANT_MASCOTAS);
     ^~~~~~~~~~~~~~~
     mostrarRazas
../src/ExamenDePrueba1.c:26:6: warning: unused variable ‘idRazas’ [-Wunused-variable]
  int idRazas = 0;
      ^~~~~~~
make: *** [src/subdir.mk:32: src/ExamenDePrueba1.o] Error 1
"make all" terminated with exit code 2. Build might be incomplete.
16:10:34 **** Incremental Build of configuration Debug for project ExamenDePrueba1 ****
make all 
Building file: ../src/ExamenDePrueba1.c
Invoking: GCC C Compiler
gcc -O0 -g3 -Wall -c -fmessage-length=0 -MMD -MP -MF"src/ExamenDePrueba1.d" -MT"src/ExamenDePrueba1.o" -o "src/ExamenDePrueba1.o" "../src/ExamenDePrueba1.c"
../src/ExamenDePrueba1.c: In function ‘main’:
../src/ExamenDePrueba1.c:26:6: warning: unused variable ‘idRazas’ [-Wunused-variable]
  int idRazas = 0;
      ^~~~~~~
Finished building: ../src/ExamenDePrueba1.c
 
Building file: ../src/Relacion.c
Invoking: GCC C Compiler
gcc -O0 -g3 -Wall -c -fmessage-length=0 -MMD -MP -MF"src/Relacion.d" -MT"src/Relacion.o" -o "src/Relacion.o" "../src/Relacion.c"
Finished building: ../src/Relacion.c
 
Building target: ExamenDePrueba1
Invoking: GCC C Linker
gcc  -o "ExamenDePrueba1"  ./src/ExamenDePrueba1.o ./src/Mascotas.o ./src/Razas.o ./src/Relacion.o ./src/utn.o   
Finished building target: ExamenDePrueba1
 
16:13:16 **** Incremental Build of configuration Debug for project ExamenDePrueba1 ****
make all 
Building file: ../src/ExamenDePrueba1.c
Invoking: GCC C Compiler
gcc -O0 -g3 -Wall -c -fmessage-length=0 -MMD -MP -MF"src/ExamenDePrueba1.d" -MT"src/ExamenDePrueba1.o" -o "src/ExamenDePrueba1.o" "../src/ExamenDePrueba1.c"
../src/ExamenDePrueba1.c: In function ‘main’:
../src/ExamenDePrueba1.c:26:6: warning: unused variable ‘idRazas’ [-Wunused-variable]
  int idRazas = 0;
      ^~~~~~~
Finished building: ../src/ExamenDePrueba1.c
 
Building file: ../src/Mascotas.c
Invoking: GCC C Compiler
gcc -O0 -g3 -Wall -c -fmessage-length=0 -MMD -MP -MF"src/Mascotas.d" -MT"src/Mascotas.o" -o "src/Mascotas.o" "../src/Mascotas.c"
Finished building: ../src/Mascotas.c
 
Building file: ../src/Razas.c
Invoking: GCC C Compiler
gcc -O0 -g3 -Wall -c -fmessage-length=0 -MMD -MP -MF"src/Razas.d" -MT"src/Razas.o" -o "src/Razas.o" "../src/Razas.c"
Finished building: ../src/Razas.c
 
Building file: ../src/Relacion.c
Invoking: GCC C Compiler
gcc -O0 -g3 -Wall -c -fmessage-length=0 -MMD -MP -MF"src/Relacion.d" -MT"src/Relacion.o" -o "src/Relacion.o" "../src/Relacion.c"
Finished building: ../src/Relacion.c
 
Building target: ExamenDePrueba1
Invoking: GCC C Linker
gcc  -o "ExamenDePrueba1"  ./src/ExamenDePrueba1.o ./src/Mascotas.o ./src/Razas.o ./src/Relacion.o ./src/utn.o   
Finished building target: ExamenDePrueba1
 
16:13:17 **** Incremental Build of configuration Debug for project ExamenDePrueba1 ****
make all 
make: No se hace nada para 'all'.
16:13:59 **** Incremental Build of configuration Debug for project ExamenDePrueba1 ****
make all 
Building file: ../src/Relacion.c
Invoking: GCC C Compiler
gcc -O0 -g3 -Wall -c -fmessage-length=0 -MMD -MP -MF"src/Relacion.d" -MT"src/Relacion.o" -o "src/Relacion.o" "../src/Relacion.c"
Finished building: ../src/Relacion.c
 
Building target: ExamenDePrueba1
Invoking: GCC C Linker
gcc  -o "ExamenDePrueba1"  ./src/ExamenDePrueba1.o ./src/Mascotas.o ./src/Razas.o ./src/Relacion.o ./src/utn.o   
Finished building target: ExamenDePrueba1
 
16:13:59 **** Incremental Build of configuration Debug for project ExamenDePrueba1 ****
make all 
make: No se hace nada para 'all'.
16:14:13 **** Incremental Build of configuration Debug for project ExamenDePrueba1 ****
make all 
Building file: ../src/Relacion.c
Invoking: GCC C Compiler
gcc -O0 -g3 -Wall -c -fmessage-length=0 -MMD -MP -MF"src/Relacion.d" -MT"src/Relacion.o" -o "src/Relacion.o" "../src/Relacion.c"
Finished building: ../src/Relacion.c
 
Building target: ExamenDePrueba1
Invoking: GCC C Linker
gcc  -o "ExamenDePrueba1"  ./src/ExamenDePrueba1.o ./src/Mascotas.o ./src/Razas.o ./src/Relacion.o ./src/utn.o   
Finished building target: ExamenDePrueba1
 
16:14:14 **** Incremental Build of configuration Debug for project ExamenDePrueba1 ****
make all 
make: No se hace nada para 'all'.
16:14:21 **** Incremental Build of configuration Debug for project ExamenDePrueba1 ****
make all 
Building file: ../src/Relacion.c
Invoking: GCC C Compiler
gcc -O0 -g3 -Wall -c -fmessage-length=0 -MMD -MP -MF"src/Relacion.d" -MT"src/Relacion.o" -o "src/Relacion.o" "../src/Relacion.c"
Finished building: ../src/Relacion.c
 
Building target: ExamenDePrueba1
Invoking: GCC C Linker
gcc  -o "ExamenDePrueba1"  ./src/ExamenDePrueba1.o ./src/Mascotas.o ./src/Razas.o ./src/Relacion.o ./src/utn.o   
Finished building target: ExamenDePrueba1
 
16:14:22 **** Incremental Build of configuration Debug for project ExamenDePrueba1 ****
make all 
make: No se hace nada para 'all'.
16:14:27 **** Incremental Build of configuration Debug for project ExamenDePrueba1 ****
make all 
Building file: ../src/Relacion.c
Invoking: GCC C Compiler
gcc -O0 -g3 -Wall -c -fmessage-length=0 -MMD -MP -MF"src/Relacion.d" -MT"src/Relacion.o" -o "src/Relacion.o" "../src/Relacion.c"
Finished building: ../src/Relacion.c
 
Building target: ExamenDePrueba1
Invoking: GCC C Linker
gcc  -o "ExamenDePrueba1"  ./src/ExamenDePrueba1.o ./src/Mascotas.o ./src/Razas.o ./src/Relacion.o ./src/utn.o   
Finished building target: ExamenDePrueba1
 
16:14:31 **** Incremental Build of configuration Debug for project ExamenDePrueba1 ****
make all 
make: No se hace nada para 'all'.
16:14:47 **** Incremental Build of configuration Debug for project ExamenDePrueba1 ****
make all 
make: No se hace nada para 'all'.
16:14:53 **** Incremental Build of configuration Debug for project ExamenDePrueba1 ****
make all 
make: No se hace nada para 'all'.
16:15:06 **** Incremental Build of configuration Debug for project ExamenDePrueba1 ****
make all 
make: No se hace nada para 'all'.
16:20:21 **** Incremental Build of configuration Debug for project ExamenDePrueba1 ****
make all 
Building file: ../src/Razas.c
Invoking: GCC C Compiler
gcc -O0 -g3 -Wall -c -fmessage-length=0 -MMD -MP -MF"src/Razas.d" -MT"src/Razas.o" -o "src/Razas.o" "../src/Razas.c"
Finished building: ../src/Razas.c
 
Building target: ExamenDePrueba1
Invoking: GCC C Linker
gcc  -o "ExamenDePrueba1"  ./src/ExamenDePrueba1.o ./src/Mascotas.o ./src/Razas.o ./src/Relacion.o ./src/utn.o   
/usr/bin/ld: ./src/Relacion.o: en la función `ordenarPorPeso':
/home/mateo/UTN/ProgramacionLaboratorio/Ejercicios/ExamenDePrueba1/Debug/../src/Relacion.c:159: referencia a `getPeso' sin definir
collect2: error: ld returned 1 exit status
make: *** [makefile:43: ExamenDePrueba1] Error 1
"make all" terminated with exit code 2. Build might be incomplete.
16:20:34 **** Incremental Build of configuration Debug for project ExamenDePrueba1 ****
make all 
Building file: ../src/Relacion.c
Invoking: GCC C Compiler
gcc -O0 -g3 -Wall -c -fmessage-length=0 -MMD -MP -MF"src/Relacion.d" -MT"src/Relacion.o" -o "src/Relacion.o" "../src/Relacion.c"
Finished building: ../src/Relacion.c
 
Building target: ExamenDePrueba1
Invoking: GCC C Linker
gcc  -o "ExamenDePrueba1"  ./src/ExamenDePrueba1.o ./src/Mascotas.o ./src/Razas.o ./src/Relacion.o ./src/utn.o   
/usr/bin/ld: ./src/Relacion.o: en la función `borrarMascota':
/home/mateo/UTN/ProgramacionLaboratorio/Ejercicios/ExamenDePrueba1/Debug/../src/Relacion.c:92: referencia a `ordenarPorPeso' sin definir
collect2: error: ld returned 1 exit status
make: *** [makefile:43: ExamenDePrueba1] Error 1
"make all" terminated with exit code 2. Build might be incomplete.
16:20:41 **** Incremental Build of configuration Debug for project ExamenDePrueba1 ****
make all 
Building file: ../src/Relacion.c
Invoking: GCC C Compiler
gcc -O0 -g3 -Wall -c -fmessage-length=0 -MMD -MP -MF"src/Relacion.d" -MT"src/Relacion.o" -o "src/Relacion.o" "../src/Relacion.c"
Finished building: ../src/Relacion.c
 
Building target: ExamenDePrueba1
Invoking: GCC C Linker
gcc  -o "ExamenDePrueba1"  ./src/ExamenDePrueba1.o ./src/Mascotas.o ./src/Razas.o ./src/Relacion.o ./src/utn.o   
Finished building target: ExamenDePrueba1
 
16:20:42 **** Incremental Build of configuration Debug for project ExamenDePrueba1 ****
make all 
make: No se hace nada para 'all'.
16:20:43 **** Incremental Build of configuration Debug for project ExamenDePrueba1 ****
make all 
make: No se hace nada para 'all'.
16:21:28 **** Incremental Build of configuration Debug for project ExamenDePrueba1 ****
make all 
Building file: ../src/Razas.c
Invoking: GCC C Compiler
gcc -O0 -g3 -Wall -c -fmessage-length=0 -MMD -MP -MF"src/Razas.d" -MT"src/Razas.o" -o "src/Razas.o" "../src/Razas.c"
Finished building: ../src/Razas.c
 
Building file: ../src/Relacion.c
Invoking: GCC C Compiler
gcc -O0 -g3 -Wall -c -fmessage-length=0 -MMD -MP -MF"src/Relacion.d" -MT"src/Relacion.o" -o "src/Relacion.o" "../src/Relacion.c"
Finished building: ../src/Relacion.c
 
Building target: ExamenDePrueba1
Invoking: GCC C Linker
gcc  -o "ExamenDePrueba1"  ./src/ExamenDePrueba1.o ./src/Mascotas.o ./src/Razas.o ./src/Relacion.o ./src/utn.o   
Finished building target: ExamenDePrueba1
 
16:21:29 **** Incremental Build of configuration Debug for project ExamenDePrueba1 ****
make all 
make: No se hace nada para 'all'.
16:21:56 **** Incremental Build of configuration Debug for project ExamenDePrueba1 ****
make all 
Building file: ../src/Razas.c
Invoking: GCC C Compiler
gcc -O0 -g3 -Wall -c -fmessage-length=0 -MMD -MP -MF"src/Razas.d" -MT"src/Razas.o" -o "src/Razas.o" "../src/Razas.c"
Finished building: ../src/Razas.c
 
Building target: ExamenDePrueba1
Invoking: GCC C Linker
gcc  -o "ExamenDePrueba1"  ./src/ExamenDePrueba1.o ./src/Mascotas.o ./src/Razas.o ./src/Relacion.o ./src/utn.o   
Finished building target: ExamenDePrueba1
 
16:21:57 **** Incremental Build of configuration Debug for project ExamenDePrueba1 ****
make all 
make: No se hace nada para 'all'.
16:22:32 **** Incremental Build of configuration Debug for project ExamenDePrueba1 ****
make all 
Building file: ../src/Relacion.c
Invoking: GCC C Compiler
gcc -O0 -g3 -Wall -c -fmessage-length=0 -MMD -MP -MF"src/Relacion.d" -MT"src/Relacion.o" -o "src/Relacion.o" "../src/Relacion.c"
Finished building: ../src/Relacion.c
 
Building target: ExamenDePrueba1
Invoking: GCC C Linker
gcc  -o "ExamenDePrueba1"  ./src/ExamenDePrueba1.o ./src/Mascotas.o ./src/Razas.o ./src/Relacion.o ./src/utn.o   
Finished building target: ExamenDePrueba1
 
16:22:32 **** Incremental Build of configuration Debug for project ExamenDePrueba1 ****
make all 
make: No se hace nada para 'all'.
16:23:05 **** Incremental Build of configuration Debug for project ExamenDePrueba1 ****
make all 
Building file: ../src/Relacion.c
Invoking: GCC C Compiler
gcc -O0 -g3 -Wall -c -fmessage-length=0 -MMD -MP -MF"src/Relacion.d" -MT"src/Relacion.o" -o "src/Relacion.o" "../src/Relacion.c"
Finished building: ../src/Relacion.c
 
Building target: ExamenDePrueba1
Invoking: GCC C Linker
gcc  -o "ExamenDePrueba1"  ./src/ExamenDePrueba1.o ./src/Mascotas.o ./src/Razas.o ./src/Relacion.o ./src/utn.o   
Finished building target: ExamenDePrueba1
 
16:23:06 **** Incremental Build of configuration Debug for project ExamenDePrueba1 ****
make all 
make: No se hace nada para 'all'.
16:24:46 **** Incremental Build of configuration Debug for project ExamenDePrueba1 ****
make all 
Building file: ../src/Relacion.c
Invoking: GCC C Compiler
gcc -O0 -g3 -Wall -c -fmessage-length=0 -MMD -MP -MF"src/Relacion.d" -MT"src/Relacion.o" -o "src/Relacion.o" "../src/Relacion.c"
../src/Relacion.c: In function ‘ordenarPorPeso’:
../src/Relacion.c:150:6: warning: unused variable ‘tamanio’ [-Wunused-variable]
  int tamanio;
      ^~~~~~~
Finished building: ../src/Relacion.c
 
Building target: ExamenDePrueba1
Invoking: GCC C Linker
gcc  -o "ExamenDePrueba1"  ./src/ExamenDePrueba1.o ./src/Mascotas.o ./src/Razas.o ./src/Relacion.o ./src/utn.o   
Finished building target: ExamenDePrueba1
 
16:24:48 **** Incremental Build of configuration Debug for project ExamenDePrueba1 ****
make all 
make: No se hace nada para 'all'.
16:26:12 **** Incremental Build of configuration Debug for project ExamenDePrueba1 ****
make all 
Building file: ../src/Relacion.c
Invoking: GCC C Compiler
gcc -O0 -g3 -Wall -c -fmessage-length=0 -MMD -MP -MF"src/Relacion.d" -MT"src/Relacion.o" -o "src/Relacion.o" "../src/Relacion.c"
Finished building: ../src/Relacion.c
 
Building target: ExamenDePrueba1
Invoking: GCC C Linker
gcc  -o "ExamenDePrueba1"  ./src/ExamenDePrueba1.o ./src/Mascotas.o ./src/Razas.o ./src/Relacion.o ./src/utn.o   
Finished building target: ExamenDePrueba1
 
16:26:13 **** Incremental Build of configuration Debug for project ExamenDePrueba1 ****
make all 
make: No se hace nada para 'all'.
16:28:13 **** Incremental Build of configuration Debug for project ExamenDePrueba1 ****
make all 
Building file: ../src/Relacion.c
Invoking: GCC C Compiler
gcc -O0 -g3 -Wall -c -fmessage-length=0 -MMD -MP -MF"src/Relacion.d" -MT"src/Relacion.o" -o "src/Relacion.o" "../src/Relacion.c"
Finished building: ../src/Relacion.c
 
Building target: ExamenDePrueba1
Invoking: GCC C Linker
gcc  -o "ExamenDePrueba1"  ./src/ExamenDePrueba1.o ./src/Mascotas.o ./src/Razas.o ./src/Relacion.o ./src/utn.o   
Finished building target: ExamenDePrueba1
 
16:28:14 **** Incremental Build of configuration Debug for project ExamenDePrueba1 ****
make all 
make: No se hace nada para 'all'.
16:30:13 **** Incremental Build of configuration Debug for project ExamenDePrueba1 ****
make all 
Building file: ../src/Razas.c
Invoking: GCC C Compiler
gcc -O0 -g3 -Wall -c -fmessage-length=0 -MMD -MP -MF"src/Razas.d" -MT"src/Razas.o" -o "src/Razas.o" "../src/Razas.c"
Finished building: ../src/Razas.c
 
Building target: ExamenDePrueba1
Invoking: GCC C Linker
gcc  -o "ExamenDePrueba1"  ./src/ExamenDePrueba1.o ./src/Mascotas.o ./src/Razas.o ./src/Relacion.o ./src/utn.o   
Finished building target: ExamenDePrueba1
 
16:30:13 **** Incremental Build of configuration Debug for project ExamenDePrueba1 ****
make all 
make: No se hace nada para 'all'.
23:56:59 **** Incremental Build of configuration Debug for project ExamenDePrueba1 ****
make all 
Building file: ../src/Razas.c
Invoking: GCC C Compiler
gcc -O0 -g3 -Wall -c -fmessage-length=0 -MMD -MP -MF"src/Razas.d" -MT"src/Razas.o" -o "src/Razas.o" "../src/Razas.c"
../src/Razas.c:82:27: error: unknown type name ‘indice’
 int getPeso(Raza* pRazas, indice)
                           ^~~~~~
make: *** [src/subdir.mk:32: src/Razas.o] Error 1
"make all" terminated with exit code 2. Build might be incomplete.
23:57:22 **** Incremental Build of configuration Debug for project ExamenDePrueba1 ****
make all 
Building file: ../src/ExamenDePrueba1.c
Invoking: GCC C Compiler
gcc -O0 -g3 -Wall -c -fmessage-length=0 -MMD -MP -MF"src/ExamenDePrueba1.d" -MT"src/ExamenDePrueba1.o" -o "src/ExamenDePrueba1.o" "../src/ExamenDePrueba1.c"
../src/ExamenDePrueba1.c: In function ‘main’:
../src/ExamenDePrueba1.c:26:6: warning: unused variable ‘idRazas’ [-Wunused-variable]
  int idRazas = 0;
      ^~~~~~~
Finished building: ../src/ExamenDePrueba1.c
 
Building file: ../src/Razas.c
Invoking: GCC C Compiler
gcc -O0 -g3 -Wall -c -fmessage-length=0 -MMD -MP -MF"src/Razas.d" -MT"src/Razas.o" -o "src/Razas.o" "../src/Razas.c"
Finished building: ../src/Razas.c
 
Building file: ../src/Relacion.c
Invoking: GCC C Compiler
gcc -O0 -g3 -Wall -c -fmessage-length=0 -MMD -MP -MF"src/Relacion.d" -MT"src/Relacion.o" -o "src/Relacion.o" "../src/Relacion.c"
../src/Relacion.c: In function ‘ordenarPorPeso’:
../src/Relacion.c:151:6: warning: unused variable ‘tamanio’ [-Wunused-variable]
  int tamanio;
      ^~~~~~~
Finished building: ../src/Relacion.c
 
Building target: ExamenDePrueba1
Invoking: GCC C Linker
gcc  -o "ExamenDePrueba1"  ./src/ExamenDePrueba1.o ./src/Mascotas.o ./src/Razas.o ./src/Relacion.o ./src/utn.o   
Finished building target: ExamenDePrueba1
 
23:57:34 **** Incremental Build of configuration Debug for project ExamenDePrueba1 ****
make all 
Building file: ../src/Relacion.c
Invoking: GCC C Compiler
gcc -O0 -g3 -Wall -c -fmessage-length=0 -MMD -MP -MF"src/Relacion.d" -MT"src/Relacion.o" -o "src/Relacion.o" "../src/Relacion.c"
Finished building: ../src/Relacion.c
 
Building target: ExamenDePrueba1
Invoking: GCC C Linker
gcc  -o "ExamenDePrueba1"  ./src/ExamenDePrueba1.o ./src/Mascotas.o ./src/Razas.o ./src/Relacion.o ./src/utn.o   
Finished building target: ExamenDePrueba1
 
23:57:35 **** Incremental Build of configuration Debug for project ExamenDePrueba1 ****
make all 
make: No se hace nada para 'all'.
23:58:11 **** Incremental Build of configuration Debug for project ExamenDePrueba1 ****
make all 
Building file: ../src/Razas.c
Invoking: GCC C Compiler
gcc -O0 -g3 -Wall -c -fmessage-length=0 -MMD -MP -MF"src/Razas.d" -MT"src/Razas.o" -o "src/Razas.o" "../src/Razas.c"
Finished building: ../src/Razas.c
 
Building target: ExamenDePrueba1
Invoking: GCC C Linker
gcc  -o "ExamenDePrueba1"  ./src/ExamenDePrueba1.o ./src/Mascotas.o ./src/Razas.o ./src/Relacion.o ./src/utn.o   
Finished building target: ExamenDePrueba1
 
23:58:12 **** Incremental Build of configuration Debug for project ExamenDePrueba1 ****
make all 
make: No se hace nada para 'all'.
23:59:05 **** Incremental Build of configuration Debug for project ExamenDePrueba1 ****
make all 
Building file: ../src/Razas.c
Invoking: GCC C Compiler
gcc -O0 -g3 -Wall -c -fmessage-length=0 -MMD -MP -MF"src/Razas.d" -MT"src/Razas.o" -o "src/Razas.o" "../src/Razas.c"
../src/Razas.c:82:5: error: conflicting types for ‘getPeso’
 int getPeso(Raza* pRazas, int indice, int* tamanioRaza)
     ^~~~~~~
In file included from ../src/Razas.c:13:
../src/Razas.h:26:5: note: previous declaration of ‘getPeso’ was here
 int getPeso(Raza* pRazas, int indice);
     ^~~~~~~
make: *** [src/subdir.mk:32: src/Razas.o] Error 1
"make all" terminated with exit code 2. Build might be incomplete.
23:59:06 **** Incremental Build of configuration Debug for project ExamenDePrueba1 ****
make all 
Building file: ../src/Razas.c
Invoking: GCC C Compiler
gcc -O0 -g3 -Wall -c -fmessage-length=0 -MMD -MP -MF"src/Razas.d" -MT"src/Razas.o" -o "src/Razas.o" "../src/Razas.c"
../src/Razas.c:82:5: error: conflicting types for ‘getPeso’
 int getPeso(Raza* pRazas, int indice, int* tamanioRaza)
     ^~~~~~~
In file included from ../src/Razas.c:13:
../src/Razas.h:26:5: note: previous declaration of ‘getPeso’ was here
 int getPeso(Raza* pRazas, int indice);
     ^~~~~~~
make: *** [src/subdir.mk:32: src/Razas.o] Error 1
"make all" terminated with exit code 2. Build might be incomplete.
23:59:22 **** Incremental Build of configuration Debug for project ExamenDePrueba1 ****
make all 
Building file: ../src/ExamenDePrueba1.c
Invoking: GCC C Compiler
gcc -O0 -g3 -Wall -c -fmessage-length=0 -MMD -MP -MF"src/ExamenDePrueba1.d" -MT"src/ExamenDePrueba1.o" -o "src/ExamenDePrueba1.o" "../src/ExamenDePrueba1.c"
../src/ExamenDePrueba1.c: In function ‘main’:
../src/ExamenDePrueba1.c:26:6: warning: unused variable ‘idRazas’ [-Wunused-variable]
  int idRazas = 0;
      ^~~~~~~
Finished building: ../src/ExamenDePrueba1.c
 
Building file: ../src/Razas.c
Invoking: GCC C Compiler
gcc -O0 -g3 -Wall -c -fmessage-length=0 -MMD -MP -MF"src/Razas.d" -MT"src/Razas.o" -o "src/Razas.o" "../src/Razas.c"
Finished building: ../src/Razas.c
 
Building file: ../src/Relacion.c
Invoking: GCC C Compiler
gcc -O0 -g3 -Wall -c -fmessage-length=0 -MMD -MP -MF"src/Relacion.d" -MT"src/Relacion.o" -o "src/Relacion.o" "../src/Relacion.c"
Finished building: ../src/Relacion.c
 
Building target: ExamenDePrueba1
Invoking: GCC C Linker
gcc  -o "ExamenDePrueba1"  ./src/ExamenDePrueba1.o ./src/Mascotas.o ./src/Razas.o ./src/Relacion.o ./src/utn.o   
Finished building target: ExamenDePrueba1
 
23:59:23 **** Incremental Build of configuration Debug for project ExamenDePrueba1 ****
make all 
make: No se hace nada para 'all'.
00:00:54 **** Incremental Build of configuration Debug for project ExamenDePrueba1 ****
make all 
Building file: ../src/Relacion.c
Invoking: GCC C Compiler
gcc -O0 -g3 -Wall -c -fmessage-length=0 -MMD -MP -MF"src/Relacion.d" -MT"src/Relacion.o" -o "src/Relacion.o" "../src/Relacion.c"
Finished building: ../src/Relacion.c
 
Building target: ExamenDePrueba1
Invoking: GCC C Linker
gcc  -o "ExamenDePrueba1"  ./src/ExamenDePrueba1.o ./src/Mascotas.o ./src/Razas.o ./src/Relacion.o ./src/utn.o   
Finished building target: ExamenDePrueba1
 
00:00:54 **** Incremental Build of configuration Debug for project ExamenDePrueba1 ****
make all 
make: No se hace nada para 'all'.
00:02:14 **** Incremental Build of configuration Debug for project ExamenDePrueba1 ****
make all 
make: No se hace nada para 'all'.
00:04:12 **** Incremental Build of configuration Debug for project ExamenDePrueba1 ****
make all 
Building file: ../src/Razas.c
Invoking: GCC C Compiler
gcc -O0 -g3 -Wall -c -fmessage-length=0 -MMD -MP -MF"src/Razas.d" -MT"src/Razas.o" -o "src/Razas.o" "../src/Razas.c"
../src/Razas.c:82:5: error: conflicting types for ‘getPeso’
 int getPeso(Raza* pRazas, int indice)
     ^~~~~~~
In file included from ../src/Razas.c:13:
../src/Razas.h:26:5: note: previous declaration of ‘getPeso’ was here
 int getPeso(Raza* pRazas, int indice, int* tamanioRaza);
     ^~~~~~~
../src/Razas.c: In function ‘getPeso’:
../src/Razas.c:85:6: warning: unused variable ‘tamanio’ [-Wunused-variable]
  int tamanio;
      ^~~~~~~
make: *** [src/subdir.mk:32: src/Razas.o] Error 1
"make all" terminated with exit code 2. Build might be incomplete.
00:04:24 **** Incremental Build of configuration Debug for project ExamenDePrueba1 ****
make all 
Building file: ../src/ExamenDePrueba1.c
Invoking: GCC C Compiler
gcc -O0 -g3 -Wall -c -fmessage-length=0 -MMD -MP -MF"src/ExamenDePrueba1.d" -MT"src/ExamenDePrueba1.o" -o "src/ExamenDePrueba1.o" "../src/ExamenDePrueba1.c"
../src/ExamenDePrueba1.c: In function ‘main’:
../src/ExamenDePrueba1.c:26:6: warning: unused variable ‘idRazas’ [-Wunused-variable]
  int idRazas = 0;
      ^~~~~~~
Finished building: ../src/ExamenDePrueba1.c
 
Building file: ../src/Razas.c
Invoking: GCC C Compiler
gcc -O0 -g3 -Wall -c -fmessage-length=0 -MMD -MP -MF"src/Razas.d" -MT"src/Razas.o" -o "src/Razas.o" "../src/Razas.c"
Finished building: ../src/Razas.c
 
Building file: ../src/Relacion.c
Invoking: GCC C Compiler
gcc -O0 -g3 -Wall -c -fmessage-length=0 -MMD -MP -MF"src/Relacion.d" -MT"src/Relacion.o" -o "src/Relacion.o" "../src/Relacion.c"
../src/Relacion.c: In function ‘ordenarPorPeso’:
../src/Relacion.c:152:6: warning: unused variable ‘tamanio2’ [-Wunused-variable]
  int tamanio2;
      ^~~~~~~~
../src/Relacion.c:151:6: warning: unused variable ‘tamanio’ [-Wunused-variable]
  int tamanio;
      ^~~~~~~
Finished building: ../src/Relacion.c
 
Building target: ExamenDePrueba1
Invoking: GCC C Linker
gcc  -o "ExamenDePrueba1"  ./src/ExamenDePrueba1.o ./src/Mascotas.o ./src/Razas.o ./src/Relacion.o ./src/utn.o   
Finished building target: ExamenDePrueba1
 
00:04:30 **** Incremental Build of configuration Debug for project ExamenDePrueba1 ****
make all 
Building file: ../src/Relacion.c
Invoking: GCC C Compiler
gcc -O0 -g3 -Wall -c -fmessage-length=0 -MMD -MP -MF"src/Relacion.d" -MT"src/Relacion.o" -o "src/Relacion.o" "../src/Relacion.c"
Finished building: ../src/Relacion.c
 
Building target: ExamenDePrueba1
Invoking: GCC C Linker
gcc  -o "ExamenDePrueba1"  ./src/ExamenDePrueba1.o ./src/Mascotas.o ./src/Razas.o ./src/Relacion.o ./src/utn.o   
Finished building target: ExamenDePrueba1
 
00:04:31 **** Incremental Build of configuration Debug for project ExamenDePrueba1 ****
make all 
make: No se hace nada para 'all'.
00:24:31 **** Incremental Build of configuration Debug for project ExamenDePrueba1 ****
make all 
Building file: ../src/Razas.c
Invoking: GCC C Compiler
gcc -O0 -g3 -Wall -c -fmessage-length=0 -MMD -MP -MF"src/Razas.d" -MT"src/Razas.o" -o "src/Razas.o" "../src/Razas.c"
Finished building: ../src/Razas.c
 
Building target: ExamenDePrueba1
Invoking: GCC C Linker
gcc  -o "ExamenDePrueba1"  ./src/ExamenDePrueba1.o ./src/Mascotas.o ./src/Razas.o ./src/Relacion.o ./src/utn.o   
Finished building target: ExamenDePrueba1
 
00:24:31 **** Incremental Build of configuration Debug for project ExamenDePrueba1 ****
make all 
make: No se hace nada para 'all'.
09:44:53 **** Incremental Build of configuration Debug for project ExamenDePrueba1 ****
make all 
Building file: ../src/Razas.c
Invoking: GCC C Compiler
gcc -O0 -g3 -Wall -c -fmessage-length=0 -MMD -MP -MF"src/Razas.d" -MT"src/Razas.o" -o "src/Razas.o" "../src/Razas.c"
../src/Razas.c:82:5: error: conflicting types for ‘getPeso’
 int getPeso(Raza* pRazas, int limite, int id, int* tamanio)
     ^~~~~~~
In file included from ../src/Razas.c:13:
../src/Razas.h:26:5: note: previous declaration of ‘getPeso’ was here
 int getPeso(Raza* pRazas, int indice);
     ^~~~~~~
make: *** [src/subdir.mk:32: src/Razas.o] Error 1
"make all" terminated with exit code 2. Build might be incomplete.
09:45:05 **** Incremental Build of configuration Debug for project ExamenDePrueba1 ****
make all 
Building file: ../src/ExamenDePrueba1.c
Invoking: GCC C Compiler
gcc -O0 -g3 -Wall -c -fmessage-length=0 -MMD -MP -MF"src/ExamenDePrueba1.d" -MT"src/ExamenDePrueba1.o" -o "src/ExamenDePrueba1.o" "../src/ExamenDePrueba1.c"
../src/ExamenDePrueba1.c: In function ‘main’:
../src/ExamenDePrueba1.c:26:6: warning: unused variable ‘idRazas’ [-Wunused-variable]
  int idRazas = 0;
      ^~~~~~~
Finished building: ../src/ExamenDePrueba1.c
 
Building file: ../src/Razas.c
Invoking: GCC C Compiler
gcc -O0 -g3 -Wall -c -fmessage-length=0 -MMD -MP -MF"src/Razas.d" -MT"src/Razas.o" -o "src/Razas.o" "../src/Razas.c"
Finished building: ../src/Razas.c
 
Building file: ../src/Relacion.c
Invoking: GCC C Compiler
gcc -O0 -g3 -Wall -c -fmessage-length=0 -MMD -MP -MF"src/Relacion.d" -MT"src/Relacion.o" -o "src/Relacion.o" "../src/Relacion.c"
../src/Relacion.c: In function ‘ordenarPorPeso’:
../src/Relacion.c:161:53: warning: passing argument 4 of ‘getPeso’ makes pointer from integer without a cast [-Wint-conversion]
     if(getPeso(pRazas, limite, pMascotas[i].idRaza, tamanio) > getPeso(pRazas, limite, pMascotas[i + 1].idRaza, tamanio2))
                                                     ^~~~~~~
In file included from ../src/Relacion.c:13:
../src/Razas.h:26:52: note: expected ‘int *’ but argument is of type ‘int’
 int getPeso(Raza* pRazas, int limite, int id, int* tamanio);
                                               ~~~~~^~~~~~~
../src/Relacion.c:161:113: warning: passing argument 4 of ‘getPeso’ makes pointer from integer without a cast [-Wint-conversion]
     if(getPeso(pRazas, limite, pMascotas[i].idRaza, tamanio) > getPeso(pRazas, limite, pMascotas[i + 1].idRaza, tamanio2))
                                                                                                                 ^~~~~~~~
In file included from ../src/Relacion.c:13:
../src/Razas.h:26:52: note: expected ‘int *’ but argument is of type ‘int’
 int getPeso(Raza* pRazas, int limite, int id, int* tamanio);
                                               ~~~~~^~~~~~~
../src/Relacion.c:161:8: warning: ‘tamanio’ may be used uninitialized in this function [-Wmaybe-uninitialized]
     if(getPeso(pRazas, limite, pMascotas[i].idRaza, tamanio) > getPeso(pRazas, limite, pMascotas[i + 1].idRaza, tamanio2))
        ^~~~~~~~~~~~~~~~~~~~~~~~~~~~~~~~~~~~~~~~~~~~~~~~~~~~~
../src/Relacion.c:161:64: warning: ‘tamanio2’ may be used uninitialized in this function [-Wmaybe-uninitialized]
     if(getPeso(pRazas, limite, pMascotas[i].idRaza, tamanio) > getPeso(pRazas, limite, pMascotas[i + 1].idRaza, tamanio2))
                                                                ^~~~~~~~~~~~~~~~~~~~~~~~~~~~~~~~~~~~~~~~~~~~~~~~~~~~~~~~~~
Finished building: ../src/Relacion.c
 
Building target: ExamenDePrueba1
Invoking: GCC C Linker
gcc  -o "ExamenDePrueba1"  ./src/ExamenDePrueba1.o ./src/Mascotas.o ./src/Razas.o ./src/Relacion.o ./src/utn.o   
Finished building target: ExamenDePrueba1
 
09:45:41 **** Incremental Build of configuration Debug for project ExamenDePrueba1 ****
make all 
Building file: ../src/ExamenDePrueba1.c
Invoking: GCC C Compiler
gcc -O0 -g3 -Wall -c -fmessage-length=0 -MMD -MP -MF"src/ExamenDePrueba1.d" -MT"src/ExamenDePrueba1.o" -o "src/ExamenDePrueba1.o" "../src/ExamenDePrueba1.c"
Finished building: ../src/ExamenDePrueba1.c
 
Building target: ExamenDePrueba1
Invoking: GCC C Linker
gcc  -o "ExamenDePrueba1"  ./src/ExamenDePrueba1.o ./src/Mascotas.o ./src/Razas.o ./src/Relacion.o ./src/utn.o   
Finished building target: ExamenDePrueba1
 
09:46:03 **** Incremental Build of configuration Debug for project ExamenDePrueba1 ****
make all 
Building file: ../src/ExamenDePrueba1.c
Invoking: GCC C Compiler
gcc -O0 -g3 -Wall -c -fmessage-length=0 -MMD -MP -MF"src/ExamenDePrueba1.d" -MT"src/ExamenDePrueba1.o" -o "src/ExamenDePrueba1.o" "../src/ExamenDePrueba1.c"
Finished building: ../src/ExamenDePrueba1.c
 
Building file: ../src/Mascotas.c
Invoking: GCC C Compiler
gcc -O0 -g3 -Wall -c -fmessage-length=0 -MMD -MP -MF"src/Mascotas.d" -MT"src/Mascotas.o" -o "src/Mascotas.o" "../src/Mascotas.c"
Finished building: ../src/Mascotas.c
 
Building file: ../src/Razas.c
Invoking: GCC C Compiler
gcc -O0 -g3 -Wall -c -fmessage-length=0 -MMD -MP -MF"src/Razas.d" -MT"src/Razas.o" -o "src/Razas.o" "../src/Razas.c"
Finished building: ../src/Razas.c
 
Building file: ../src/Relacion.c
Invoking: GCC C Compiler
gcc -O0 -g3 -Wall -c -fmessage-length=0 -MMD -MP -MF"src/Relacion.d" -MT"src/Relacion.o" -o "src/Relacion.o" "../src/Relacion.c"
../src/Relacion.c: In function ‘ordenarPorPeso’:
../src/Relacion.c:161:53: warning: passing argument 4 of ‘getPeso’ makes pointer from integer without a cast [-Wint-conversion]
     if(getPeso(pRazas, limite, pMascotas[i].idRaza, tamanio) > getPeso(pRazas, limite, pMascotas[i + 1].idRaza, tamanio2))
                                                     ^~~~~~~
In file included from ../src/Relacion.c:13:
../src/Razas.h:26:52: note: expected ‘int *’ but argument is of type ‘int’
 int getPeso(Raza* pRazas, int limite, int id, int* tamanio);
                                               ~~~~~^~~~~~~
../src/Relacion.c:161:113: warning: passing argument 4 of ‘getPeso’ makes pointer from integer without a cast [-Wint-conversion]
     if(getPeso(pRazas, limite, pMascotas[i].idRaza, tamanio) > getPeso(pRazas, limite, pMascotas[i + 1].idRaza, tamanio2))
                                                                                                                 ^~~~~~~~
In file included from ../src/Relacion.c:13:
../src/Razas.h:26:52: note: expected ‘int *’ but argument is of type ‘int’
 int getPeso(Raza* pRazas, int limite, int id, int* tamanio);
                                               ~~~~~^~~~~~~
../src/Relacion.c:161:8: warning: ‘tamanio’ may be used uninitialized in this function [-Wmaybe-uninitialized]
     if(getPeso(pRazas, limite, pMascotas[i].idRaza, tamanio) > getPeso(pRazas, limite, pMascotas[i + 1].idRaza, tamanio2))
        ^~~~~~~~~~~~~~~~~~~~~~~~~~~~~~~~~~~~~~~~~~~~~~~~~~~~~
../src/Relacion.c:161:64: warning: ‘tamanio2’ may be used uninitialized in this function [-Wmaybe-uninitialized]
     if(getPeso(pRazas, limite, pMascotas[i].idRaza, tamanio) > getPeso(pRazas, limite, pMascotas[i + 1].idRaza, tamanio2))
                                                                ^~~~~~~~~~~~~~~~~~~~~~~~~~~~~~~~~~~~~~~~~~~~~~~~~~~~~~~~~~
Finished building: ../src/Relacion.c
 
Building target: ExamenDePrueba1
Invoking: GCC C Linker
gcc  -o "ExamenDePrueba1"  ./src/ExamenDePrueba1.o ./src/Mascotas.o ./src/Razas.o ./src/Relacion.o ./src/utn.o   
Finished building target: ExamenDePrueba1
 
09:48:14 **** Incremental Build of configuration Debug for project ExamenDePrueba1 ****
make all 
Building file: ../src/Relacion.c
Invoking: GCC C Compiler
gcc -O0 -g3 -Wall -c -fmessage-length=0 -MMD -MP -MF"src/Relacion.d" -MT"src/Relacion.o" -o "src/Relacion.o" "../src/Relacion.c"
Finished building: ../src/Relacion.c
 
Building target: ExamenDePrueba1
Invoking: GCC C Linker
gcc  -o "ExamenDePrueba1"  ./src/ExamenDePrueba1.o ./src/Mascotas.o ./src/Razas.o ./src/Relacion.o ./src/utn.o   
Finished building target: ExamenDePrueba1
 
09:48:15 **** Incremental Build of configuration Debug for project ExamenDePrueba1 ****
make all 
make: No se hace nada para 'all'.
09:49:49 **** Incremental Build of configuration Debug for project ExamenDePrueba1 ****
make all 
Building file: ../src/Relacion.c
Invoking: GCC C Compiler
gcc -O0 -g3 -Wall -c -fmessage-length=0 -MMD -MP -MF"src/Relacion.d" -MT"src/Relacion.o" -o "src/Relacion.o" "../src/Relacion.c"
../src/Relacion.c: In function ‘mostrarMascotasId’:
../src/Relacion.c:137:98: warning: format ‘%s’ expects argument of type ‘char *’, but argument 8 has type ‘int’ [-Wformat=]
     printf("ID: %-10d Nombre: %-10s Edad: %-10d Sexo: %-10d Tipo: %-10d Raza: %-10s Tamaño: %-10s\n", pMascotas[i].idMascota, pMascotas[i].nombre, pMascotas[i].edad, pMascotas[i].sexo, pMascotas[i].tipo, pRazas[i].descripcion, pRazas[i].tamanio);
                                                                                              ~~~~^                                                                                                                                  ~~~~~~~~~~~~~~~~~
                                                                                              %-10d
Finished building: ../src/Relacion.c
 
Building target: ExamenDePrueba1
Invoking: GCC C Linker
gcc  -o "ExamenDePrueba1"  ./src/ExamenDePrueba1.o ./src/Mascotas.o ./src/Razas.o ./src/Relacion.o ./src/utn.o   
Finished building target: ExamenDePrueba1
 
09:49:58 **** Incremental Build of configuration Debug for project ExamenDePrueba1 ****
make all 
Building file: ../src/Relacion.c
Invoking: GCC C Compiler
gcc -O0 -g3 -Wall -c -fmessage-length=0 -MMD -MP -MF"src/Relacion.d" -MT"src/Relacion.o" -o "src/Relacion.o" "../src/Relacion.c"
Finished building: ../src/Relacion.c
 
Building target: ExamenDePrueba1
Invoking: GCC C Linker
gcc  -o "ExamenDePrueba1"  ./src/ExamenDePrueba1.o ./src/Mascotas.o ./src/Razas.o ./src/Relacion.o ./src/utn.o   
Finished building target: ExamenDePrueba1
 
09:49:59 **** Incremental Build of configuration Debug for project ExamenDePrueba1 ****
make all 
make: No se hace nada para 'all'.
09:54:11 **** Incremental Build of configuration Debug for project ExamenDePrueba1 ****
make all 
Building file: ../src/Razas.c
Invoking: GCC C Compiler
gcc -O0 -g3 -Wall -c -fmessage-length=0 -MMD -MP -MF"src/Razas.d" -MT"src/Razas.o" -o "src/Razas.o" "../src/Razas.c"
Finished building: ../src/Razas.c
 
Building file: ../src/Relacion.c
Invoking: GCC C Compiler
gcc -O0 -g3 -Wall -c -fmessage-length=0 -MMD -MP -MF"src/Relacion.d" -MT"src/Relacion.o" -o "src/Relacion.o" "../src/Relacion.c"
Finished building: ../src/Relacion.c
 
Building target: ExamenDePrueba1
Invoking: GCC C Linker
gcc  -o "ExamenDePrueba1"  ./src/ExamenDePrueba1.o ./src/Mascotas.o ./src/Razas.o ./src/Relacion.o ./src/utn.o   
Finished building target: ExamenDePrueba1
 
09:54:12 **** Incremental Build of configuration Debug for project ExamenDePrueba1 ****
make all 
make: No se hace nada para 'all'.
10:14:30 **** Incremental Build of configuration Debug for project ExamenDePrueba1 ****
make all 
Building file: ../src/Razas.c
Invoking: GCC C Compiler
gcc -O0 -g3 -Wall -c -fmessage-length=0 -MMD -MP -MF"src/Razas.d" -MT"src/Razas.o" -o "src/Razas.o" "../src/Razas.c"
Finished building: ../src/Razas.c
 
Building file: ../src/Relacion.c
Invoking: GCC C Compiler
gcc -O0 -g3 -Wall -c -fmessage-length=0 -MMD -MP -MF"src/Relacion.d" -MT"src/Relacion.o" -o "src/Relacion.o" "../src/Relacion.c"
Finished building: ../src/Relacion.c
 
Building target: ExamenDePrueba1
Invoking: GCC C Linker
gcc  -o "ExamenDePrueba1"  ./src/ExamenDePrueba1.o ./src/Mascotas.o ./src/Razas.o ./src/Relacion.o ./src/utn.o   
Finished building target: ExamenDePrueba1
 
10:14:31 **** Incremental Build of configuration Debug for project ExamenDePrueba1 ****
make all 
make: No se hace nada para 'all'.
10:23:39 **** Incremental Build of configuration Debug for project ExamenDePrueba1 ****
make all 
Building file: ../src/ExamenDePrueba1.c
Invoking: GCC C Compiler
gcc -O0 -g3 -Wall -c -fmessage-length=0 -MMD -MP -MF"src/ExamenDePrueba1.d" -MT"src/ExamenDePrueba1.o" -o "src/ExamenDePrueba1.o" "../src/ExamenDePrueba1.c"
Finished building: ../src/ExamenDePrueba1.c
 
Building file: ../src/Razas.c
Invoking: GCC C Compiler
gcc -O0 -g3 -Wall -c -fmessage-length=0 -MMD -MP -MF"src/Razas.d" -MT"src/Razas.o" -o "src/Razas.o" "../src/Razas.c"
Finished building: ../src/Razas.c
 
Building file: ../src/Relacion.c
Invoking: GCC C Compiler
gcc -O0 -g3 -Wall -c -fmessage-length=0 -MMD -MP -MF"src/Relacion.d" -MT"src/Relacion.o" -o "src/Relacion.o" "../src/Relacion.c"
Finished building: ../src/Relacion.c
 
Building target: ExamenDePrueba1
Invoking: GCC C Linker
gcc  -o "ExamenDePrueba1"  ./src/ExamenDePrueba1.o ./src/Mascotas.o ./src/Razas.o ./src/Relacion.o ./src/utn.o   
Finished building target: ExamenDePrueba1
 
10:23:40 **** Incremental Build of configuration Debug for project ExamenDePrueba1 ****
make all 
make: No se hace nada para 'all'.
10:23:50 **** Incremental Build of configuration Debug for project ExamenDePrueba1 ****
make all 
make: No se hace nada para 'all'.
10:25:54 **** Incremental Build of configuration Debug for project ExamenDePrueba1 ****
make all 
make: No se hace nada para 'all'.
10:25:55 **** Incremental Build of configuration Debug for project ExamenDePrueba1 ****
make all 
make: No se hace nada para 'all'.
10:27:04 **** Incremental Build of configuration Debug for project ExamenDePrueba1 ****
make all 
Building file: ../src/Razas.c
Invoking: GCC C Compiler
gcc -O0 -g3 -Wall -c -fmessage-length=0 -MMD -MP -MF"src/Razas.d" -MT"src/Razas.o" -o "src/Razas.o" "../src/Razas.c"
Finished building: ../src/Razas.c
 
Building target: ExamenDePrueba1
Invoking: GCC C Linker
gcc  -o "ExamenDePrueba1"  ./src/ExamenDePrueba1.o ./src/Mascotas.o ./src/Razas.o ./src/Relacion.o ./src/utn.o   
Finished building target: ExamenDePrueba1
 
10:27:05 **** Incremental Build of configuration Debug for project ExamenDePrueba1 ****
make all 
make: No se hace nada para 'all'.
10:27:53 **** Incremental Build of configuration Debug for project ExamenDePrueba1 ****
make all 
Building file: ../src/Razas.c
Invoking: GCC C Compiler
gcc -O0 -g3 -Wall -c -fmessage-length=0 -MMD -MP -MF"src/Razas.d" -MT"src/Razas.o" -o "src/Razas.o" "../src/Razas.c"
Finished building: ../src/Razas.c
 
Building target: ExamenDePrueba1
Invoking: GCC C Linker
gcc  -o "ExamenDePrueba1"  ./src/ExamenDePrueba1.o ./src/Mascotas.o ./src/Razas.o ./src/Relacion.o ./src/utn.o   
Finished building target: ExamenDePrueba1
 
10:27:54 **** Incremental Build of configuration Debug for project ExamenDePrueba1 ****
make all 
make: No se hace nada para 'all'.
10:28:24 **** Incremental Build of configuration Debug for project ExamenDePrueba1 ****
make all 
Building file: ../src/Razas.c
Invoking: GCC C Compiler
gcc -O0 -g3 -Wall -c -fmessage-length=0 -MMD -MP -MF"src/Razas.d" -MT"src/Razas.o" -o "src/Razas.o" "../src/Razas.c"
Finished building: ../src/Razas.c
 
Building target: ExamenDePrueba1
Invoking: GCC C Linker
gcc  -o "ExamenDePrueba1"  ./src/ExamenDePrueba1.o ./src/Mascotas.o ./src/Razas.o ./src/Relacion.o ./src/utn.o   
Finished building target: ExamenDePrueba1
 
10:28:25 **** Incremental Build of configuration Debug for project ExamenDePrueba1 ****
make all 
make: No se hace nada para 'all'.
10:29:16 **** Incremental Build of configuration Debug for project ExamenDePrueba1 ****
make all 
Building file: ../src/Razas.c
Invoking: GCC C Compiler
gcc -O0 -g3 -Wall -c -fmessage-length=0 -MMD -MP -MF"src/Razas.d" -MT"src/Razas.o" -o "src/Razas.o" "../src/Razas.c"
Finished building: ../src/Razas.c
 
Building target: ExamenDePrueba1
Invoking: GCC C Linker
gcc  -o "ExamenDePrueba1"  ./src/ExamenDePrueba1.o ./src/Mascotas.o ./src/Razas.o ./src/Relacion.o ./src/utn.o   
Finished building target: ExamenDePrueba1
 
10:29:16 **** Incremental Build of configuration Debug for project ExamenDePrueba1 ****
make all 
make: No se hace nada para 'all'.
10:31:50 **** Incremental Build of configuration Debug for project ExamenDePrueba1 ****
make all 
Building file: ../src/Razas.c
Invoking: GCC C Compiler
gcc -O0 -g3 -Wall -c -fmessage-length=0 -MMD -MP -MF"src/Razas.d" -MT"src/Razas.o" -o "src/Razas.o" "../src/Razas.c"
Finished building: ../src/Razas.c
 
Building target: ExamenDePrueba1
Invoking: GCC C Linker
gcc  -o "ExamenDePrueba1"  ./src/ExamenDePrueba1.o ./src/Mascotas.o ./src/Razas.o ./src/Relacion.o ./src/utn.o   
Finished building target: ExamenDePrueba1
 
10:31:50 **** Incremental Build of configuration Debug for project ExamenDePrueba1 ****
make all 
make: No se hace nada para 'all'.
10:32:51 **** Incremental Build of configuration Debug for project ExamenDePrueba1 ****
make all 
Building file: ../src/Razas.c
Invoking: GCC C Compiler
gcc -O0 -g3 -Wall -c -fmessage-length=0 -MMD -MP -MF"src/Razas.d" -MT"src/Razas.o" -o "src/Razas.o" "../src/Razas.c"
Finished building: ../src/Razas.c
 
Building target: ExamenDePrueba1
Invoking: GCC C Linker
gcc  -o "ExamenDePrueba1"  ./src/ExamenDePrueba1.o ./src/Mascotas.o ./src/Razas.o ./src/Relacion.o ./src/utn.o   
Finished building target: ExamenDePrueba1
 
10:32:52 **** Incremental Build of configuration Debug for project ExamenDePrueba1 ****
make all 
make: No se hace nada para 'all'.
10:33:23 **** Incremental Build of configuration Debug for project ExamenDePrueba1 ****
make all 
Building file: ../src/Razas.c
Invoking: GCC C Compiler
gcc -O0 -g3 -Wall -c -fmessage-length=0 -MMD -MP -MF"src/Razas.d" -MT"src/Razas.o" -o "src/Razas.o" "../src/Razas.c"
Finished building: ../src/Razas.c
 
Building target: ExamenDePrueba1
Invoking: GCC C Linker
gcc  -o "ExamenDePrueba1"  ./src/ExamenDePrueba1.o ./src/Mascotas.o ./src/Razas.o ./src/Relacion.o ./src/utn.o   
Finished building target: ExamenDePrueba1
 
10:33:23 **** Incremental Build of configuration Debug for project ExamenDePrueba1 ****
make all 
make: No se hace nada para 'all'.
10:33:43 **** Incremental Build of configuration Debug for project ExamenDePrueba1 ****
make all 
make: No se hace nada para 'all'.
10:34:03 **** Incremental Build of configuration Debug for project ExamenDePrueba1 ****
make all 
Building file: ../src/Razas.c
Invoking: GCC C Compiler
gcc -O0 -g3 -Wall -c -fmessage-length=0 -MMD -MP -MF"src/Razas.d" -MT"src/Razas.o" -o "src/Razas.o" "../src/Razas.c"
Finished building: ../src/Razas.c
 
Building target: ExamenDePrueba1
Invoking: GCC C Linker
gcc  -o "ExamenDePrueba1"  ./src/ExamenDePrueba1.o ./src/Mascotas.o ./src/Razas.o ./src/Relacion.o ./src/utn.o   
Finished building target: ExamenDePrueba1
 
10:34:03 **** Incremental Build of configuration Debug for project ExamenDePrueba1 ****
make all 
make: No se hace nada para 'all'.
10:37:18 **** Incremental Build of configuration Debug for project ExamenDePrueba1 ****
make all 
Building file: ../src/Razas.c
Invoking: GCC C Compiler
gcc -O0 -g3 -Wall -c -fmessage-length=0 -MMD -MP -MF"src/Razas.d" -MT"src/Razas.o" -o "src/Razas.o" "../src/Razas.c"
Finished building: ../src/Razas.c
 
Building file: ../src/Relacion.c
Invoking: GCC C Compiler
gcc -O0 -g3 -Wall -c -fmessage-length=0 -MMD -MP -MF"src/Relacion.d" -MT"src/Relacion.o" -o "src/Relacion.o" "../src/Relacion.c"
../src/Relacion.c: In function ‘ordenarPorPeso’:
../src/Relacion.c:193:6: warning: implicit declaration of function ‘print’; did you mean ‘printf’? [-Wimplicit-function-declaration]
      print("SWAP\n")
      ^~~~~
      printf
../src/Relacion.c:193:21: error: expected ‘;’ before ‘auxiliar’
      print("SWAP\n")
                     ^
                     ;
      auxiliar = pMascotas[i];
      ~~~~~~~~        
make: *** [src/subdir.mk:32: src/Relacion.o] Error 1
"make all" terminated with exit code 2. Build might be incomplete.
10:37:25 **** Incremental Build of configuration Debug for project ExamenDePrueba1 ****
make all 
Building file: ../src/Relacion.c
Invoking: GCC C Compiler
gcc -O0 -g3 -Wall -c -fmessage-length=0 -MMD -MP -MF"src/Relacion.d" -MT"src/Relacion.o" -o "src/Relacion.o" "../src/Relacion.c"
../src/Relacion.c: In function ‘ordenarPorPeso’:
../src/Relacion.c:193:6: warning: implicit declaration of function ‘print’; did you mean ‘printf’? [-Wimplicit-function-declaration]
      print("SWAP\n");
      ^~~~~
      printf
Finished building: ../src/Relacion.c
 
Building target: ExamenDePrueba1
Invoking: GCC C Linker
gcc  -o "ExamenDePrueba1"  ./src/ExamenDePrueba1.o ./src/Mascotas.o ./src/Razas.o ./src/Relacion.o ./src/utn.o   
/usr/bin/ld: ./src/Relacion.o: en la función `ordenarPorPeso':
/home/mateo/UTN/ProgramacionLaboratorio/Ejercicios/ExamenDePrueba1/Debug/../src/Relacion.c:193: referencia a `print' sin definir
collect2: error: ld returned 1 exit status
make: *** [makefile:43: ExamenDePrueba1] Error 1
"make all" terminated with exit code 2. Build might be incomplete.
10:37:30 **** Incremental Build of configuration Debug for project ExamenDePrueba1 ****
make all 
Building file: ../src/Relacion.c
Invoking: GCC C Compiler
gcc -O0 -g3 -Wall -c -fmessage-length=0 -MMD -MP -MF"src/Relacion.d" -MT"src/Relacion.o" -o "src/Relacion.o" "../src/Relacion.c"
Finished building: ../src/Relacion.c
 
Building target: ExamenDePrueba1
Invoking: GCC C Linker
gcc  -o "ExamenDePrueba1"  ./src/ExamenDePrueba1.o ./src/Mascotas.o ./src/Razas.o ./src/Relacion.o ./src/utn.o   
Finished building target: ExamenDePrueba1
 
10:37:31 **** Incremental Build of configuration Debug for project ExamenDePrueba1 ****
make all 
make: No se hace nada para 'all'.
10:37:48 **** Incremental Build of configuration Debug for project ExamenDePrueba1 ****
make all 
Building file: ../src/Razas.c
Invoking: GCC C Compiler
gcc -O0 -g3 -Wall -c -fmessage-length=0 -MMD -MP -MF"src/Razas.d" -MT"src/Razas.o" -o "src/Razas.o" "../src/Razas.c"
Finished building: ../src/Razas.c
 
Building target: ExamenDePrueba1
Invoking: GCC C Linker
gcc  -o "ExamenDePrueba1"  ./src/ExamenDePrueba1.o ./src/Mascotas.o ./src/Razas.o ./src/Relacion.o ./src/utn.o   
Finished building target: ExamenDePrueba1
 
10:37:49 **** Incremental Build of configuration Debug for project ExamenDePrueba1 ****
make all 
make: No se hace nada para 'all'.
10:37:55 **** Incremental Build of configuration Debug for project ExamenDePrueba1 ****
make all 
make: No se hace nada para 'all'.
10:38:22 **** Incremental Build of configuration Debug for project ExamenDePrueba1 ****
make all 
Building file: ../src/Relacion.c
Invoking: GCC C Compiler
gcc -O0 -g3 -Wall -c -fmessage-length=0 -MMD -MP -MF"src/Relacion.d" -MT"src/Relacion.o" -o "src/Relacion.o" "../src/Relacion.c"
Finished building: ../src/Relacion.c
 
Building target: ExamenDePrueba1
Invoking: GCC C Linker
gcc  -o "ExamenDePrueba1"  ./src/ExamenDePrueba1.o ./src/Mascotas.o ./src/Razas.o ./src/Relacion.o ./src/utn.o   
Finished building target: ExamenDePrueba1
 
10:38:23 **** Incremental Build of configuration Debug for project ExamenDePrueba1 ****
make all 
make: No se hace nada para 'all'.
10:44:24 **** Incremental Build of configuration Debug for project ExamenDePrueba1 ****
make all 
Building file: ../src/Razas.c
Invoking: GCC C Compiler
gcc -O0 -g3 -Wall -c -fmessage-length=0 -MMD -MP -MF"src/Razas.d" -MT"src/Razas.o" -o "src/Razas.o" "../src/Razas.c"
Finished building: ../src/Razas.c
 
Building file: ../src/Relacion.c
Invoking: GCC C Compiler
gcc -O0 -g3 -Wall -c -fmessage-length=0 -MMD -MP -MF"src/Relacion.d" -MT"src/Relacion.o" -o "src/Relacion.o" "../src/Relacion.c"
Finished building: ../src/Relacion.c
 
Building target: ExamenDePrueba1
Invoking: GCC C Linker
gcc  -o "ExamenDePrueba1"  ./src/ExamenDePrueba1.o ./src/Mascotas.o ./src/Razas.o ./src/Relacion.o ./src/utn.o   
Finished building target: ExamenDePrueba1
 
10:44:25 **** Incremental Build of configuration Debug for project ExamenDePrueba1 ****
make all 
make: No se hace nada para 'all'.
10:45:38 **** Incremental Build of configuration Debug for project ExamenDePrueba1 ****
make all 
Building file: ../src/Relacion.c
Invoking: GCC C Compiler
gcc -O0 -g3 -Wall -c -fmessage-length=0 -MMD -MP -MF"src/Relacion.d" -MT"src/Relacion.o" -o "src/Relacion.o" "../src/Relacion.c"
Finished building: ../src/Relacion.c
 
Building target: ExamenDePrueba1
Invoking: GCC C Linker
gcc  -o "ExamenDePrueba1"  ./src/ExamenDePrueba1.o ./src/Mascotas.o ./src/Razas.o ./src/Relacion.o ./src/utn.o   
Finished building target: ExamenDePrueba1
 
10:45:38 **** Incremental Build of configuration Debug for project ExamenDePrueba1 ****
make all 
make: No se hace nada para 'all'.
10:49:24 **** Incremental Build of configuration Debug for project ExamenDePrueba1 ****
make all 
Building file: ../src/Razas.c
Invoking: GCC C Compiler
gcc -O0 -g3 -Wall -c -fmessage-length=0 -MMD -MP -MF"src/Razas.d" -MT"src/Razas.o" -o "src/Razas.o" "../src/Razas.c"
Finished building: ../src/Razas.c
 
Building file: ../src/Relacion.c
Invoking: GCC C Compiler
gcc -O0 -g3 -Wall -c -fmessage-length=0 -MMD -MP -MF"src/Relacion.d" -MT"src/Relacion.o" -o "src/Relacion.o" "../src/Relacion.c"
Finished building: ../src/Relacion.c
 
Building target: ExamenDePrueba1
Invoking: GCC C Linker
gcc  -o "ExamenDePrueba1"  ./src/ExamenDePrueba1.o ./src/Mascotas.o ./src/Razas.o ./src/Relacion.o ./src/utn.o   
Finished building target: ExamenDePrueba1
 
10:49:25 **** Incremental Build of configuration Debug for project ExamenDePrueba1 ****
make all 
make: No se hace nada para 'all'.
10:50:28 **** Incremental Build of configuration Debug for project ExamenDePrueba1 ****
make all 
make: No se hace nada para 'all'.
10:50:29 **** Incremental Build of configuration Debug for project ExamenDePrueba1 ****
make all 
make: No se hace nada para 'all'.
10:52:35 **** Incremental Build of configuration Debug for project ExamenDePrueba1 ****
make all 
Building file: ../src/Razas.c
Invoking: GCC C Compiler
gcc -O0 -g3 -Wall -c -fmessage-length=0 -MMD -MP -MF"src/Razas.d" -MT"src/Razas.o" -o "src/Razas.o" "../src/Razas.c"
Finished building: ../src/Razas.c
 
Building target: ExamenDePrueba1
Invoking: GCC C Linker
gcc  -o "ExamenDePrueba1"  ./src/ExamenDePrueba1.o ./src/Mascotas.o ./src/Razas.o ./src/Relacion.o ./src/utn.o   
Finished building target: ExamenDePrueba1
 
10:52:36 **** Incremental Build of configuration Debug for project ExamenDePrueba1 ****
make all 
make: No se hace nada para 'all'.
10:53:44 **** Incremental Build of configuration Debug for project ExamenDePrueba1 ****
make all 
Building file: ../src/Relacion.c
Invoking: GCC C Compiler
gcc -O0 -g3 -Wall -c -fmessage-length=0 -MMD -MP -MF"src/Relacion.d" -MT"src/Relacion.o" -o "src/Relacion.o" "../src/Relacion.c"
Finished building: ../src/Relacion.c
 
Building target: ExamenDePrueba1
Invoking: GCC C Linker
gcc  -o "ExamenDePrueba1"  ./src/ExamenDePrueba1.o ./src/Mascotas.o ./src/Razas.o ./src/Relacion.o ./src/utn.o   
Finished building target: ExamenDePrueba1
 
10:53:45 **** Incremental Build of configuration Debug for project ExamenDePrueba1 ****
make all 
make: No se hace nada para 'all'.
10:54:10 **** Incremental Build of configuration Debug for project ExamenDePrueba1 ****
make all 
Building file: ../src/Relacion.c
Invoking: GCC C Compiler
gcc -O0 -g3 -Wall -c -fmessage-length=0 -MMD -MP -MF"src/Relacion.d" -MT"src/Relacion.o" -o "src/Relacion.o" "../src/Relacion.c"
Finished building: ../src/Relacion.c
 
Building target: ExamenDePrueba1
Invoking: GCC C Linker
gcc  -o "ExamenDePrueba1"  ./src/ExamenDePrueba1.o ./src/Mascotas.o ./src/Razas.o ./src/Relacion.o ./src/utn.o   
Finished building target: ExamenDePrueba1
 
10:54:11 **** Incremental Build of configuration Debug for project ExamenDePrueba1 ****
make all 
make: No se hace nada para 'all'.
10:55:32 **** Incremental Build of configuration Debug for project ExamenDePrueba1 ****
make all 
Building file: ../src/Relacion.c
Invoking: GCC C Compiler
gcc -O0 -g3 -Wall -c -fmessage-length=0 -MMD -MP -MF"src/Relacion.d" -MT"src/Relacion.o" -o "src/Relacion.o" "../src/Relacion.c"
Finished building: ../src/Relacion.c
 
Building target: ExamenDePrueba1
Invoking: GCC C Linker
gcc  -o "ExamenDePrueba1"  ./src/ExamenDePrueba1.o ./src/Mascotas.o ./src/Razas.o ./src/Relacion.o ./src/utn.o   
Finished building target: ExamenDePrueba1
 
10:55:32 **** Incremental Build of configuration Debug for project ExamenDePrueba1 ****
make all 
make: No se hace nada para 'all'.
10:55:53 **** Incremental Build of configuration Debug for project ExamenDePrueba1 ****
make all 
Building file: ../src/Relacion.c
Invoking: GCC C Compiler
gcc -O0 -g3 -Wall -c -fmessage-length=0 -MMD -MP -MF"src/Relacion.d" -MT"src/Relacion.o" -o "src/Relacion.o" "../src/Relacion.c"
Finished building: ../src/Relacion.c
 
Building target: ExamenDePrueba1
Invoking: GCC C Linker
gcc  -o "ExamenDePrueba1"  ./src/ExamenDePrueba1.o ./src/Mascotas.o ./src/Razas.o ./src/Relacion.o ./src/utn.o   
Finished building target: ExamenDePrueba1
 
10:55:54 **** Incremental Build of configuration Debug for project ExamenDePrueba1 ****
make all 
make: No se hace nada para 'all'.
10:56:36 **** Incremental Build of configuration Debug for project ExamenDePrueba1 ****
make all 
Building file: ../src/Relacion.c
Invoking: GCC C Compiler
gcc -O0 -g3 -Wall -c -fmessage-length=0 -MMD -MP -MF"src/Relacion.d" -MT"src/Relacion.o" -o "src/Relacion.o" "../src/Relacion.c"
Finished building: ../src/Relacion.c
 
Building target: ExamenDePrueba1
Invoking: GCC C Linker
gcc  -o "ExamenDePrueba1"  ./src/ExamenDePrueba1.o ./src/Mascotas.o ./src/Razas.o ./src/Relacion.o ./src/utn.o   
Finished building target: ExamenDePrueba1
 
10:56:36 **** Incremental Build of configuration Debug for project ExamenDePrueba1 ****
make all 
make: No se hace nada para 'all'.
10:56:52 **** Incremental Build of configuration Debug for project ExamenDePrueba1 ****
make all 
Building file: ../src/Relacion.c
Invoking: GCC C Compiler
gcc -O0 -g3 -Wall -c -fmessage-length=0 -MMD -MP -MF"src/Relacion.d" -MT"src/Relacion.o" -o "src/Relacion.o" "../src/Relacion.c"
Finished building: ../src/Relacion.c
 
Building target: ExamenDePrueba1
Invoking: GCC C Linker
gcc  -o "ExamenDePrueba1"  ./src/ExamenDePrueba1.o ./src/Mascotas.o ./src/Razas.o ./src/Relacion.o ./src/utn.o   
Finished building target: ExamenDePrueba1
 
10:56:53 **** Incremental Build of configuration Debug for project ExamenDePrueba1 ****
make all 
make: No se hace nada para 'all'.
11:03:20 **** Incremental Build of configuration Debug for project ExamenDePrueba1 ****
make all 
Building file: ../src/Razas.c
Invoking: GCC C Compiler
gcc -O0 -g3 -Wall -c -fmessage-length=0 -MMD -MP -MF"src/Razas.d" -MT"src/Razas.o" -o "src/Razas.o" "../src/Razas.c"
Finished building: ../src/Razas.c
 
Building target: ExamenDePrueba1
Invoking: GCC C Linker
gcc  -o "ExamenDePrueba1"  ./src/ExamenDePrueba1.o ./src/Mascotas.o ./src/Razas.o ./src/Relacion.o ./src/utn.o   
Finished building target: ExamenDePrueba1
 
11:03:21 **** Incremental Build of configuration Debug for project ExamenDePrueba1 ****
make all 
make: No se hace nada para 'all'.
11:12:50 **** Incremental Build of configuration Debug for project ExamenDePrueba1 ****
make all 
Building file: ../src/Razas.c
Invoking: GCC C Compiler
gcc -O0 -g3 -Wall -c -fmessage-length=0 -MMD -MP -MF"src/Razas.d" -MT"src/Razas.o" -o "src/Razas.o" "../src/Razas.c"
Finished building: ../src/Razas.c
 
Building target: ExamenDePrueba1
Invoking: GCC C Linker
gcc  -o "ExamenDePrueba1"  ./src/ExamenDePrueba1.o ./src/Mascotas.o ./src/Razas.o ./src/Relacion.o ./src/utn.o   
Finished building target: ExamenDePrueba1
 
11:12:51 **** Incremental Build of configuration Debug for project ExamenDePrueba1 ****
make all 
make: No se hace nada para 'all'.
11:15:34 **** Incremental Build of configuration Debug for project ExamenDePrueba1 ****
make all 
Building file: ../src/Razas.c
Invoking: GCC C Compiler
gcc -O0 -g3 -Wall -c -fmessage-length=0 -MMD -MP -MF"src/Razas.d" -MT"src/Razas.o" -o "src/Razas.o" "../src/Razas.c"
Finished building: ../src/Razas.c
 
Building target: ExamenDePrueba1
Invoking: GCC C Linker
gcc  -o "ExamenDePrueba1"  ./src/ExamenDePrueba1.o ./src/Mascotas.o ./src/Razas.o ./src/Relacion.o ./src/utn.o   
Finished building target: ExamenDePrueba1
 
11:15:35 **** Incremental Build of configuration Debug for project ExamenDePrueba1 ****
make all 
make: No se hace nada para 'all'.
11:16:25 **** Incremental Build of configuration Debug for project ExamenDePrueba1 ****
make all 
Building file: ../src/Razas.c
Invoking: GCC C Compiler
gcc -O0 -g3 -Wall -c -fmessage-length=0 -MMD -MP -MF"src/Razas.d" -MT"src/Razas.o" -o "src/Razas.o" "../src/Razas.c"
Finished building: ../src/Razas.c
 
Building target: ExamenDePrueba1
Invoking: GCC C Linker
gcc  -o "ExamenDePrueba1"  ./src/ExamenDePrueba1.o ./src/Mascotas.o ./src/Razas.o ./src/Relacion.o ./src/utn.o   
Finished building target: ExamenDePrueba1
 
11:16:26 **** Incremental Build of configuration Debug for project ExamenDePrueba1 ****
make all 
make: No se hace nada para 'all'.
11:41:38 **** Incremental Build of configuration Debug for project ExamenDePrueba1 ****
make all 
Building file: ../src/Razas.c
Invoking: GCC C Compiler
gcc -O0 -g3 -Wall -c -fmessage-length=0 -MMD -MP -MF"src/Razas.d" -MT"src/Razas.o" -o "src/Razas.o" "../src/Razas.c"
Finished building: ../src/Razas.c
 
Building file: ../src/Relacion.c
Invoking: GCC C Compiler
gcc -O0 -g3 -Wall -c -fmessage-length=0 -MMD -MP -MF"src/Relacion.d" -MT"src/Relacion.o" -o "src/Relacion.o" "../src/Relacion.c"
Finished building: ../src/Relacion.c
 
Building target: ExamenDePrueba1
Invoking: GCC C Linker
gcc  -o "ExamenDePrueba1"  ./src/ExamenDePrueba1.o ./src/Mascotas.o ./src/Razas.o ./src/Relacion.o ./src/utn.o   
Finished building target: ExamenDePrueba1
 
11:41:39 **** Incremental Build of configuration Debug for project ExamenDePrueba1 ****
make all 
make: No se hace nada para 'all'.
11:42:02 **** Incremental Build of configuration Debug for project ExamenDePrueba1 ****
make all 
Building file: ../src/Relacion.c
Invoking: GCC C Compiler
gcc -O0 -g3 -Wall -c -fmessage-length=0 -MMD -MP -MF"src/Relacion.d" -MT"src/Relacion.o" -o "src/Relacion.o" "../src/Relacion.c"
Finished building: ../src/Relacion.c
 
Building target: ExamenDePrueba1
Invoking: GCC C Linker
gcc  -o "ExamenDePrueba1"  ./src/ExamenDePrueba1.o ./src/Mascotas.o ./src/Razas.o ./src/Relacion.o ./src/utn.o   
Finished building target: ExamenDePrueba1
 
11:42:02 **** Incremental Build of configuration Debug for project ExamenDePrueba1 ****
make all 
make: No se hace nada para 'all'.
11:44:34 **** Incremental Build of configuration Debug for project ExamenDePrueba1 ****
make all 
Building file: ../src/Razas.c
Invoking: GCC C Compiler
gcc -O0 -g3 -Wall -c -fmessage-length=0 -MMD -MP -MF"src/Razas.d" -MT"src/Razas.o" -o "src/Razas.o" "../src/Razas.c"
Finished building: ../src/Razas.c
 
Building target: ExamenDePrueba1
Invoking: GCC C Linker
gcc  -o "ExamenDePrueba1"  ./src/ExamenDePrueba1.o ./src/Mascotas.o ./src/Razas.o ./src/Relacion.o ./src/utn.o   
Finished building target: ExamenDePrueba1
 
11:44:35 **** Incremental Build of configuration Debug for project ExamenDePrueba1 ****
make all 
make: No se hace nada para 'all'.
11:47:08 **** Incremental Build of configuration Debug for project ExamenDePrueba1 ****
make all 
Building file: ../src/Relacion.c
Invoking: GCC C Compiler
gcc -O0 -g3 -Wall -c -fmessage-length=0 -MMD -MP -MF"src/Relacion.d" -MT"src/Relacion.o" -o "src/Relacion.o" "../src/Relacion.c"
Finished building: ../src/Relacion.c
 
Building target: ExamenDePrueba1
Invoking: GCC C Linker
gcc  -o "ExamenDePrueba1"  ./src/ExamenDePrueba1.o ./src/Mascotas.o ./src/Razas.o ./src/Relacion.o ./src/utn.o   
Finished building target: ExamenDePrueba1
 
11:47:09 **** Incremental Build of configuration Debug for project ExamenDePrueba1 ****
make all 
make: No se hace nada para 'all'.
11:48:01 **** Incremental Build of configuration Debug for project ExamenDePrueba1 ****
make all 
Building file: ../src/Relacion.c
Invoking: GCC C Compiler
gcc -O0 -g3 -Wall -c -fmessage-length=0 -MMD -MP -MF"src/Relacion.d" -MT"src/Relacion.o" -o "src/Relacion.o" "../src/Relacion.c"
Finished building: ../src/Relacion.c
 
Building target: ExamenDePrueba1
Invoking: GCC C Linker
gcc  -o "ExamenDePrueba1"  ./src/ExamenDePrueba1.o ./src/Mascotas.o ./src/Razas.o ./src/Relacion.o ./src/utn.o   
Finished building target: ExamenDePrueba1
 
11:48:02 **** Incremental Build of configuration Debug for project ExamenDePrueba1 ****
make all 
make: No se hace nada para 'all'.
11:52:01 **** Incremental Build of configuration Debug for project ExamenDePrueba1 ****
make all 
Building file: ../src/Relacion.c
Invoking: GCC C Compiler
gcc -O0 -g3 -Wall -c -fmessage-length=0 -MMD -MP -MF"src/Relacion.d" -MT"src/Relacion.o" -o "src/Relacion.o" "../src/Relacion.c"
Finished building: ../src/Relacion.c
 
Building target: ExamenDePrueba1
Invoking: GCC C Linker
gcc  -o "ExamenDePrueba1"  ./src/ExamenDePrueba1.o ./src/Mascotas.o ./src/Razas.o ./src/Relacion.o ./src/utn.o   
Finished building target: ExamenDePrueba1
 
11:52:02 **** Incremental Build of configuration Debug for project ExamenDePrueba1 ****
make all 
make: No se hace nada para 'all'.
12:00:35 **** Incremental Build of configuration Debug for project ExamenDePrueba1 ****
make all 
Building file: ../src/Razas.c
Invoking: GCC C Compiler
gcc -O0 -g3 -Wall -c -fmessage-length=0 -MMD -MP -MF"src/Razas.d" -MT"src/Razas.o" -o "src/Razas.o" "../src/Razas.c"
../src/Razas.c:110:27: error: unknown type name ‘Mascota’
 int getPeso(Raza* pRazas, Mascota pMascotas, int indice)
                           ^~~~~~~
make: *** [src/subdir.mk:32: src/Razas.o] Error 1
"make all" terminated with exit code 2. Build might be incomplete.
12:00:50 **** Incremental Build of configuration Debug for project ExamenDePrueba1 ****
make all 
Building file: ../src/ExamenDePrueba1.c
Invoking: GCC C Compiler
gcc -O0 -g3 -Wall -c -fmessage-length=0 -MMD -MP -MF"src/ExamenDePrueba1.d" -MT"src/ExamenDePrueba1.o" -o "src/ExamenDePrueba1.o" "../src/ExamenDePrueba1.c"
Finished building: ../src/ExamenDePrueba1.c
 
Building file: ../src/Razas.c
Invoking: GCC C Compiler
gcc -O0 -g3 -Wall -c -fmessage-length=0 -MMD -MP -MF"src/Razas.d" -MT"src/Razas.o" -o "src/Razas.o" "../src/Razas.c"
In file included from ../src/Razas.c:13:
../src/Razas.h:29:27: error: unknown type name ‘Mascota’
 int getPeso(Raza* pRazas, Mascota pMascotas, int indice);
                           ^~~~~~~
../src/Razas.c:110:27: error: unknown type name ‘Mascota’
 int getPeso(Raza* pRazas, Mascota pMascotas, int indice)
                           ^~~~~~~
make: *** [src/subdir.mk:32: src/Razas.o] Error 1
"make all" terminated with exit code 2. Build might be incomplete.
12:01:41 **** Incremental Build of configuration Debug for project ExamenDePrueba1 ****
make all 
Building file: ../src/ExamenDePrueba1.c
Invoking: GCC C Compiler
gcc -O0 -g3 -Wall -c -fmessage-length=0 -MMD -MP -MF"src/ExamenDePrueba1.d" -MT"src/ExamenDePrueba1.o" -o "src/ExamenDePrueba1.o" "../src/ExamenDePrueba1.c"
Finished building: ../src/ExamenDePrueba1.c
 
Building file: ../src/Razas.c
Invoking: GCC C Compiler
gcc -O0 -g3 -Wall -c -fmessage-length=0 -MMD -MP -MF"src/Razas.d" -MT"src/Razas.o" -o "src/Razas.o" "../src/Razas.c"
Finished building: ../src/Razas.c
 
Building file: ../src/Relacion.c
Invoking: GCC C Compiler
gcc -O0 -g3 -Wall -c -fmessage-length=0 -MMD -MP -MF"src/Relacion.d" -MT"src/Relacion.o" -o "src/Relacion.o" "../src/Relacion.c"
../src/Relacion.c: In function ‘ordenarPorPeso’:
../src/Relacion.c:200:24: error: incompatible type for argument 2 of ‘getPeso’
     if(getPeso(pRazas, pMascotas, i) > getPeso(pRazas, pMascotas, i + 1))
                        ^~~~~~~~~
../src/Relacion.c:16:42: note: expected ‘Mascota’ {aka ‘struct <anonymous>’} but argument is of type ‘Mascota *’ {aka ‘struct <anonymous> *’}
 static int getPeso(Raza* pRazas, Mascota pMascotas, int indice);
                                  ~~~~~~~~^~~~~~~~~
../src/Relacion.c:200:56: error: incompatible type for argument 2 of ‘getPeso’
     if(getPeso(pRazas, pMascotas, i) > getPeso(pRazas, pMascotas, i + 1))
                                                        ^~~~~~~~~
../src/Relacion.c:16:42: note: expected ‘Mascota’ {aka ‘struct <anonymous>’} but argument is of type ‘Mascota *’ {aka ‘struct <anonymous> *’}
 static int getPeso(Raza* pRazas, Mascota pMascotas, int indice);
                                  ~~~~~~~~^~~~~~~~~
../src/Relacion.c:190:6: warning: unused variable ‘tamanio2’ [-Wunused-variable]
  int tamanio2;
      ^~~~~~~~
../src/Relacion.c:189:6: warning: unused variable ‘tamanio’ [-Wunused-variable]
  int tamanio;
      ^~~~~~~
../src/Relacion.c: In function ‘getPeso’:
../src/Relacion.c:219:24: error: subscripted value is neither array nor pointer nor vector
  int idRaza = pMascotas[indice].idRaza;
                        ^
../src/Relacion.c:221:19: warning: implicit declaration of function ‘buscarIdRazas’; did you mean ‘buscarRazas’? [-Wimplicit-function-declaration]
  int indiceRaza = buscarIdRazas(pRazas, 10, idRaza);
                   ^~~~~~~~~~~~~
                   buscarRazas
make: *** [src/subdir.mk:32: src/Relacion.o] Error 1
"make all" terminated with exit code 2. Build might be incomplete.
12:02:46 **** Incremental Build of configuration Debug for project ExamenDePrueba1 ****
make all 
Building file: ../src/Relacion.c
Invoking: GCC C Compiler
gcc -O0 -g3 -Wall -c -fmessage-length=0 -MMD -MP -MF"src/Relacion.d" -MT"src/Relacion.o" -o "src/Relacion.o" "../src/Relacion.c"
../src/Relacion.c: In function ‘ordenarPorPeso’:
../src/Relacion.c:200:24: error: incompatible type for argument 2 of ‘getPeso’
     if(getPeso(pRazas, pMascotas, i) > getPeso(pRazas, pMascotas, i + 1))
                        ^~~~~~~~~
../src/Relacion.c:16:42: note: expected ‘Mascota’ {aka ‘struct <anonymous>’} but argument is of type ‘Mascota *’ {aka ‘struct <anonymous> *’}
 static int getPeso(Raza* pRazas, Mascota pMascotas, int indice);
                                  ~~~~~~~~^~~~~~~~~
../src/Relacion.c:200:56: error: incompatible type for argument 2 of ‘getPeso’
     if(getPeso(pRazas, pMascotas, i) > getPeso(pRazas, pMascotas, i + 1))
                                                        ^~~~~~~~~
../src/Relacion.c:16:42: note: expected ‘Mascota’ {aka ‘struct <anonymous>’} but argument is of type ‘Mascota *’ {aka ‘struct <anonymous> *’}
 static int getPeso(Raza* pRazas, Mascota pMascotas, int indice);
                                  ~~~~~~~~^~~~~~~~~
../src/Relacion.c:190:6: warning: unused variable ‘tamanio2’ [-Wunused-variable]
  int tamanio2;
      ^~~~~~~~
../src/Relacion.c:189:6: warning: unused variable ‘tamanio’ [-Wunused-variable]
  int tamanio;
      ^~~~~~~
../src/Relacion.c: At top level:
../src/Relacion.c:217:12: error: conflicting types for ‘getPeso’
 static int getPeso(Raza* pRazas, Mascota* pMascotas, int indice)
            ^~~~~~~
../src/Relacion.c:16:12: note: previous declaration of ‘getPeso’ was here
 static int getPeso(Raza* pRazas, Mascota pMascotas, int indice);
            ^~~~~~~
../src/Relacion.c: In function ‘getPeso’:
../src/Relacion.c:221:19: warning: implicit declaration of function ‘buscarIdRazas’; did you mean ‘buscarRazas’? [-Wimplicit-function-declaration]
  int indiceRaza = buscarIdRazas(pRazas, 10, idRaza);
                   ^~~~~~~~~~~~~
                   buscarRazas
../src/Relacion.c: At top level:
../src/Relacion.c:16:12: warning: ‘getPeso’ used but never defined
 static int getPeso(Raza* pRazas, Mascota pMascotas, int indice);
            ^~~~~~~
../src/Relacion.c:217:12: warning: ‘getPeso’ defined but not used [-Wunused-function]
 static int getPeso(Raza* pRazas, Mascota* pMascotas, int indice)
            ^~~~~~~
make: *** [src/subdir.mk:32: src/Relacion.o] Error 1
"make all" terminated with exit code 2. Build might be incomplete.
12:03:06 **** Incremental Build of configuration Debug for project ExamenDePrueba1 ****
make all 
Building file: ../src/Relacion.c
Invoking: GCC C Compiler
gcc -O0 -g3 -Wall -c -fmessage-length=0 -MMD -MP -MF"src/Relacion.d" -MT"src/Relacion.o" -o "src/Relacion.o" "../src/Relacion.c"
../src/Relacion.c: In function ‘ordenarPorPeso’:
../src/Relacion.c:190:6: warning: unused variable ‘tamanio2’ [-Wunused-variable]
  int tamanio2;
      ^~~~~~~~
../src/Relacion.c:189:6: warning: unused variable ‘tamanio’ [-Wunused-variable]
  int tamanio;
      ^~~~~~~
../src/Relacion.c: In function ‘getPeso’:
../src/Relacion.c:221:19: warning: implicit declaration of function ‘buscarIdRazas’; did you mean ‘buscarRazas’? [-Wimplicit-function-declaration]
  int indiceRaza = buscarIdRazas(pRazas, 10, idRaza);
                   ^~~~~~~~~~~~~
                   buscarRazas
Finished building: ../src/Relacion.c
 
Building target: ExamenDePrueba1
Invoking: GCC C Linker
gcc  -o "ExamenDePrueba1"  ./src/ExamenDePrueba1.o ./src/Mascotas.o ./src/Razas.o ./src/Relacion.o ./src/utn.o   
Finished building target: ExamenDePrueba1
 
12:03:51 **** Incremental Build of configuration Debug for project ExamenDePrueba1 ****
make all 
make: No se hace nada para 'all'.
12:03:52 **** Incremental Build of configuration Debug for project ExamenDePrueba1 ****
make all 
make: No se hace nada para 'all'.
12:04:41 **** Incremental Build of configuration Debug for project ExamenDePrueba1 ****
make all 
Building file: ../src/Relacion.c
Invoking: GCC C Compiler
gcc -O0 -g3 -Wall -c -fmessage-length=0 -MMD -MP -MF"src/Relacion.d" -MT"src/Relacion.o" -o "src/Relacion.o" "../src/Relacion.c"
../src/Relacion.c: In function ‘ordenarPorPeso’:
../src/Relacion.c:190:6: warning: unused variable ‘tamanio2’ [-Wunused-variable]
  int tamanio2;
      ^~~~~~~~
../src/Relacion.c:189:6: warning: unused variable ‘tamanio’ [-Wunused-variable]
  int tamanio;
      ^~~~~~~
../src/Relacion.c: In function ‘getPeso’:
../src/Relacion.c:221:19: warning: implicit declaration of function ‘buscarIdRazas’; did you mean ‘buscarRazas’? [-Wimplicit-function-declaration]
  int indiceRaza = buscarIdRazas(pRazas, 10, idRaza);
                   ^~~~~~~~~~~~~
                   buscarRazas
Finished building: ../src/Relacion.c
 
Building target: ExamenDePrueba1
Invoking: GCC C Linker
gcc  -o "ExamenDePrueba1"  ./src/ExamenDePrueba1.o ./src/Mascotas.o ./src/Razas.o ./src/Relacion.o ./src/utn.o   
Finished building target: ExamenDePrueba1
 
12:04:53 **** Incremental Build of configuration Debug for project ExamenDePrueba1 ****
make all 
Building file: ../src/Relacion.c
Invoking: GCC C Compiler
gcc -O0 -g3 -Wall -c -fmessage-length=0 -MMD -MP -MF"src/Relacion.d" -MT"src/Relacion.o" -o "src/Relacion.o" "../src/Relacion.c"
../src/Relacion.c: In function ‘getPeso’:
../src/Relacion.c:219:19: warning: implicit declaration of function ‘buscarIdRazas’; did you mean ‘buscarRazas’? [-Wimplicit-function-declaration]
  int indiceRaza = buscarIdRazas(pRazas, 10, idRaza);
                   ^~~~~~~~~~~~~
                   buscarRazas
Finished building: ../src/Relacion.c
 
Building target: ExamenDePrueba1
Invoking: GCC C Linker
gcc  -o "ExamenDePrueba1"  ./src/ExamenDePrueba1.o ./src/Mascotas.o ./src/Razas.o ./src/Relacion.o ./src/utn.o   
Finished building target: ExamenDePrueba1
 
12:05:49 **** Incremental Build of configuration Debug for project ExamenDePrueba1 ****
make all 
Building file: ../src/ExamenDePrueba1.c
Invoking: GCC C Compiler
gcc -O0 -g3 -Wall -c -fmessage-length=0 -MMD -MP -MF"src/ExamenDePrueba1.d" -MT"src/ExamenDePrueba1.o" -o "src/ExamenDePrueba1.o" "../src/ExamenDePrueba1.c"
Finished building: ../src/ExamenDePrueba1.c
 
Building file: ../src/Razas.c
Invoking: GCC C Compiler
gcc -O0 -g3 -Wall -c -fmessage-length=0 -MMD -MP -MF"src/Razas.d" -MT"src/Razas.o" -o "src/Razas.o" "../src/Razas.c"
Finished building: ../src/Razas.c
 
Building file: ../src/Relacion.c
Invoking: GCC C Compiler
gcc -O0 -g3 -Wall -c -fmessage-length=0 -MMD -MP -MF"src/Relacion.d" -MT"src/Relacion.o" -o "src/Relacion.o" "../src/Relacion.c"
Finished building: ../src/Relacion.c
 
Building target: ExamenDePrueba1
Invoking: GCC C Linker
gcc  -o "ExamenDePrueba1"  ./src/ExamenDePrueba1.o ./src/Mascotas.o ./src/Razas.o ./src/Relacion.o ./src/utn.o   
Finished building target: ExamenDePrueba1
 
12:05:50 **** Incremental Build of configuration Debug for project ExamenDePrueba1 ****
make all 
make: No se hace nada para 'all'.
12:06:32 **** Incremental Build of configuration Debug for project ExamenDePrueba1 ****
make all 
make: No se hace nada para 'all'.
12:12:19 **** Incremental Build of configuration Debug for project ExamenDePrueba1 ****
make all 
Building file: ../src/Relacion.c
Invoking: GCC C Compiler
gcc -O0 -g3 -Wall -c -fmessage-length=0 -MMD -MP -MF"src/Relacion.d" -MT"src/Relacion.o" -o "src/Relacion.o" "../src/Relacion.c"
../src/Relacion.c: In function ‘ordenarPorPeso’:
../src/Relacion.c:198:8: error: too many arguments to function ‘getPeso’
     if(getPeso(pRazas, pMascotas, i, limite) > getPeso(pRazas, pMascotas, i + 1, limite))
        ^~~~~~~
../src/Relacion.c:16:12: note: declared here
 static int getPeso(Raza* pRazas, Mascota* pMascotas, int indice);
            ^~~~~~~
../src/Relacion.c:198:48: error: too many arguments to function ‘getPeso’
     if(getPeso(pRazas, pMascotas, i, limite) > getPeso(pRazas, pMascotas, i + 1, limite))
                                                ^~~~~~~
../src/Relacion.c:16:12: note: declared here
 static int getPeso(Raza* pRazas, Mascota* pMascotas, int indice);
            ^~~~~~~
../src/Relacion.c: At top level:
../src/Relacion.c:215:12: error: conflicting types for ‘getPeso’
 static int getPeso(Raza* pRazas, Mascota* pMascotas, int indice, int limiteRaza)
            ^~~~~~~
../src/Relacion.c:16:12: note: previous declaration of ‘getPeso’ was here
 static int getPeso(Raza* pRazas, Mascota* pMascotas, int indice);
            ^~~~~~~
../src/Relacion.c: In function ‘getPeso’:
../src/Relacion.c:217:6: warning: unused variable ‘retorno’ [-Wunused-variable]
  int retorno = -1;
      ^~~~~~~
../src/Relacion.c: At top level:
../src/Relacion.c:16:12: warning: ‘getPeso’ used but never defined
 static int getPeso(Raza* pRazas, Mascota* pMascotas, int indice);
            ^~~~~~~
../src/Relacion.c:215:12: warning: ‘getPeso’ defined but not used [-Wunused-function]
 static int getPeso(Raza* pRazas, Mascota* pMascotas, int indice, int limiteRaza)
            ^~~~~~~
make: *** [src/subdir.mk:32: src/Relacion.o] Error 1
"make all" terminated with exit code 2. Build might be incomplete.
12:12:31 **** Incremental Build of configuration Debug for project ExamenDePrueba1 ****
make all 
Building file: ../src/Relacion.c
Invoking: GCC C Compiler
gcc -O0 -g3 -Wall -c -fmessage-length=0 -MMD -MP -MF"src/Relacion.d" -MT"src/Relacion.o" -o "src/Relacion.o" "../src/Relacion.c"
../src/Relacion.c: In function ‘getPeso’:
../src/Relacion.c:217:6: warning: unused variable ‘retorno’ [-Wunused-variable]
  int retorno = -1;
      ^~~~~~~
Finished building: ../src/Relacion.c
 
Building target: ExamenDePrueba1
Invoking: GCC C Linker
gcc  -o "ExamenDePrueba1"  ./src/ExamenDePrueba1.o ./src/Mascotas.o ./src/Razas.o ./src/Relacion.o ./src/utn.o   
Finished building target: ExamenDePrueba1
 
12:13:27 **** Incremental Build of configuration Debug for project ExamenDePrueba1 ****
make all 
Building file: ../src/Relacion.c
Invoking: GCC C Compiler
gcc -O0 -g3 -Wall -c -fmessage-length=0 -MMD -MP -MF"src/Relacion.d" -MT"src/Relacion.o" -o "src/Relacion.o" "../src/Relacion.c"
Finished building: ../src/Relacion.c
 
Building target: ExamenDePrueba1
Invoking: GCC C Linker
gcc  -o "ExamenDePrueba1"  ./src/ExamenDePrueba1.o ./src/Mascotas.o ./src/Razas.o ./src/Relacion.o ./src/utn.o   
Finished building target: ExamenDePrueba1
 
12:13:28 **** Incremental Build of configuration Debug for project ExamenDePrueba1 ****
make all 
make: No se hace nada para 'all'.
12:13:49 **** Incremental Build of configuration Debug for project ExamenDePrueba1 ****
make all 
make: No se hace nada para 'all'.
12:14:58 **** Incremental Build of configuration Debug for project ExamenDePrueba1 ****
make all 
Building file: ../src/Relacion.c
Invoking: GCC C Compiler
gcc -O0 -g3 -Wall -c -fmessage-length=0 -MMD -MP -MF"src/Relacion.d" -MT"src/Relacion.o" -o "src/Relacion.o" "../src/Relacion.c"
Finished building: ../src/Relacion.c
 
Building target: ExamenDePrueba1
Invoking: GCC C Linker
gcc  -o "ExamenDePrueba1"  ./src/ExamenDePrueba1.o ./src/Mascotas.o ./src/Razas.o ./src/Relacion.o ./src/utn.o   
Finished building target: ExamenDePrueba1
 
12:14:58 **** Incremental Build of configuration Debug for project ExamenDePrueba1 ****
make all 
make: No se hace nada para 'all'.
12:22:41 **** Incremental Build of configuration Debug for project ExamenDePrueba1 ****
make all 
Building file: ../src/Razas.c
Invoking: GCC C Compiler
gcc -O0 -g3 -Wall -c -fmessage-length=0 -MMD -MP -MF"src/Razas.d" -MT"src/Razas.o" -o "src/Razas.o" "../src/Razas.c"
Finished building: ../src/Razas.c
 
Building file: ../src/Relacion.c
Invoking: GCC C Compiler
gcc -O0 -g3 -Wall -c -fmessage-length=0 -MMD -MP -MF"src/Relacion.d" -MT"src/Relacion.o" -o "src/Relacion.o" "../src/Relacion.c"
Finished building: ../src/Relacion.c
 
Building target: ExamenDePrueba1
Invoking: GCC C Linker
gcc  -o "ExamenDePrueba1"  ./src/ExamenDePrueba1.o ./src/Mascotas.o ./src/Razas.o ./src/Relacion.o ./src/utn.o   
Finished building target: ExamenDePrueba1
 
12:22:42 **** Incremental Build of configuration Debug for project ExamenDePrueba1 ****
make all 
make: No se hace nada para 'all'.
12:24:05 **** Incremental Build of configuration Debug for project ExamenDePrueba1 ****
make all 
Building file: ../src/Relacion.c
Invoking: GCC C Compiler
gcc -O0 -g3 -Wall -c -fmessage-length=0 -MMD -MP -MF"src/Relacion.d" -MT"src/Relacion.o" -o "src/Relacion.o" "../src/Relacion.c"
../src/Relacion.c: In function ‘mostrarMascotasId’:
../src/Relacion.c:135:3: warning: implicit declaration of function ‘ordenarPorId’; did you mean ‘ordenarPorPeso’? [-Wimplicit-function-declaration]
   ordenarPorId(pMascotas, limite);
   ^~~~~~~~~~~~
   ordenarPorPeso
Finished building: ../src/Relacion.c
 
Building target: ExamenDePrueba1
Invoking: GCC C Linker
gcc  -o "ExamenDePrueba1"  ./src/ExamenDePrueba1.o ./src/Mascotas.o ./src/Razas.o ./src/Relacion.o ./src/utn.o   
Finished building target: ExamenDePrueba1
 
12:24:22 **** Incremental Build of configuration Debug for project ExamenDePrueba1 ****
make all 
Building file: ../src/ExamenDePrueba1.c
Invoking: GCC C Compiler
gcc -O0 -g3 -Wall -c -fmessage-length=0 -MMD -MP -MF"src/ExamenDePrueba1.d" -MT"src/ExamenDePrueba1.o" -o "src/ExamenDePrueba1.o" "../src/ExamenDePrueba1.c"
Finished building: ../src/ExamenDePrueba1.c
 
Building file: ../src/Relacion.c
Invoking: GCC C Compiler
gcc -O0 -g3 -Wall -c -fmessage-length=0 -MMD -MP -MF"src/Relacion.d" -MT"src/Relacion.o" -o "src/Relacion.o" "../src/Relacion.c"
Finished building: ../src/Relacion.c
 
Building target: ExamenDePrueba1
Invoking: GCC C Linker
gcc  -o "ExamenDePrueba1"  ./src/ExamenDePrueba1.o ./src/Mascotas.o ./src/Razas.o ./src/Relacion.o ./src/utn.o   
Finished building target: ExamenDePrueba1
 
12:24:23 **** Incremental Build of configuration Debug for project ExamenDePrueba1 ****
make all 
make: No se hace nada para 'all'.
12:25:35 **** Incremental Build of configuration Debug for project ExamenDePrueba1 ****
make all 
Building file: ../src/Relacion.c
Invoking: GCC C Compiler
gcc -O0 -g3 -Wall -c -fmessage-length=0 -MMD -MP -MF"src/Relacion.d" -MT"src/Relacion.o" -o "src/Relacion.o" "../src/Relacion.c"
Finished building: ../src/Relacion.c
 
Building target: ExamenDePrueba1
Invoking: GCC C Linker
gcc  -o "ExamenDePrueba1"  ./src/ExamenDePrueba1.o ./src/Mascotas.o ./src/Razas.o ./src/Relacion.o ./src/utn.o   
Finished building target: ExamenDePrueba1
 
12:25:37 **** Incremental Build of configuration Debug for project ExamenDePrueba1 ****
make all 
make: No se hace nada para 'all'.
12:27:54 **** Incremental Build of configuration Debug for project ExamenDePrueba1 ****
make all 
make: No se hace nada para 'all'.
12:29:02 **** Incremental Build of configuration Debug for project ExamenDePrueba1 ****
make all 
Building file: ../src/Relacion.c
Invoking: GCC C Compiler
gcc -O0 -g3 -Wall -c -fmessage-length=0 -MMD -MP -MF"src/Relacion.d" -MT"src/Relacion.o" -o "src/Relacion.o" "../src/Relacion.c"
Finished building: ../src/Relacion.c
 
Building target: ExamenDePrueba1
Invoking: GCC C Linker
gcc  -o "ExamenDePrueba1"  ./src/ExamenDePrueba1.o ./src/Mascotas.o ./src/Razas.o ./src/Relacion.o ./src/utn.o   
Finished building target: ExamenDePrueba1
 
12:29:02 **** Incremental Build of configuration Debug for project ExamenDePrueba1 ****
make all 
make: No se hace nada para 'all'.
12:33:33 **** Incremental Build of configuration Debug for project ExamenDePrueba1 ****
make all 
Building file: ../src/ExamenDePrueba1.c
Invoking: GCC C Compiler
gcc -O0 -g3 -Wall -c -fmessage-length=0 -MMD -MP -MF"src/ExamenDePrueba1.d" -MT"src/ExamenDePrueba1.o" -o "src/ExamenDePrueba1.o" "../src/ExamenDePrueba1.c"
Finished building: ../src/ExamenDePrueba1.c
 
Building file: ../src/Mascotas.c
Invoking: GCC C Compiler
gcc -O0 -g3 -Wall -c -fmessage-length=0 -MMD -MP -MF"src/Mascotas.d" -MT"src/Mascotas.o" -o "src/Mascotas.o" "../src/Mascotas.c"
Finished building: ../src/Mascotas.c
 
Building file: ../src/Razas.c
Invoking: GCC C Compiler
gcc -O0 -g3 -Wall -c -fmessage-length=0 -MMD -MP -MF"src/Razas.d" -MT"src/Razas.o" -o "src/Razas.o" "../src/Razas.c"
Finished building: ../src/Razas.c
 
Building file: ../src/Relacion.c
Invoking: GCC C Compiler
gcc -O0 -g3 -Wall -c -fmessage-length=0 -MMD -MP -MF"src/Relacion.d" -MT"src/Relacion.o" -o "src/Relacion.o" "../src/Relacion.c"
Finished building: ../src/Relacion.c
 
Building target: ExamenDePrueba1
Invoking: GCC C Linker
gcc  -o "ExamenDePrueba1"  ./src/ExamenDePrueba1.o ./src/Mascotas.o ./src/Razas.o ./src/Relacion.o ./src/utn.o   
Finished building target: ExamenDePrueba1
 
12:33:37 **** Incremental Build of configuration Debug for project ExamenDePrueba1 ****
make all 
make: No se hace nada para 'all'.
12:36:17 **** Incremental Build of configuration Debug for project ExamenDePrueba1 ****
make all 
Building file: ../src/Relacion.c
Invoking: GCC C Compiler
gcc -O0 -g3 -Wall -c -fmessage-length=0 -MMD -MP -MF"src/Relacion.d" -MT"src/Relacion.o" -o "src/Relacion.o" "../src/Relacion.c"
Finished building: ../src/Relacion.c
 
Building target: ExamenDePrueba1
Invoking: GCC C Linker
gcc  -o "ExamenDePrueba1"  ./src/ExamenDePrueba1.o ./src/Mascotas.o ./src/Razas.o ./src/Relacion.o ./src/utn.o   
Finished building target: ExamenDePrueba1
 
12:36:18 **** Incremental Build of configuration Debug for project ExamenDePrueba1 ****
make all 
make: No se hace nada para 'all'.
12:36:55 **** Incremental Build of configuration Debug for project ExamenDePrueba1 ****
make all 
Building file: ../src/Relacion.c
Invoking: GCC C Compiler
gcc -O0 -g3 -Wall -c -fmessage-length=0 -MMD -MP -MF"src/Relacion.d" -MT"src/Relacion.o" -o "src/Relacion.o" "../src/Relacion.c"
Finished building: ../src/Relacion.c
 
Building target: ExamenDePrueba1
Invoking: GCC C Linker
gcc  -o "ExamenDePrueba1"  ./src/ExamenDePrueba1.o ./src/Mascotas.o ./src/Razas.o ./src/Relacion.o ./src/utn.o   
Finished building target: ExamenDePrueba1
 
12:36:56 **** Incremental Build of configuration Debug for project ExamenDePrueba1 ****
make all 
make: No se hace nada para 'all'.
12:37:31 **** Incremental Build of configuration Debug for project ExamenDePrueba1 ****
make all 
Building file: ../src/Relacion.c
Invoking: GCC C Compiler
gcc -O0 -g3 -Wall -c -fmessage-length=0 -MMD -MP -MF"src/Relacion.d" -MT"src/Relacion.o" -o "src/Relacion.o" "../src/Relacion.c"
Finished building: ../src/Relacion.c
 
Building target: ExamenDePrueba1
Invoking: GCC C Linker
gcc  -o "ExamenDePrueba1"  ./src/ExamenDePrueba1.o ./src/Mascotas.o ./src/Razas.o ./src/Relacion.o ./src/utn.o   
Finished building target: ExamenDePrueba1
 
12:37:32 **** Incremental Build of configuration Debug for project ExamenDePrueba1 ****
make all 
make: No se hace nada para 'all'.
